{"/home/travis/build/npmtest/node-npmtest-reflux/test.js":{"path":"/home/travis/build/npmtest/node-npmtest-reflux/test.js","s":{"1":2,"2":2,"3":2,"4":2,"5":2,"6":2,"7":2,"8":1,"9":2,"10":2,"11":1,"12":1,"13":1,"14":1,"15":2,"16":2,"17":2,"18":2,"19":1,"20":1,"21":2,"22":2,"23":2,"24":1,"25":1,"26":1,"27":1,"28":1,"29":1,"30":1,"31":1,"32":1,"33":1,"34":1,"35":1,"36":1,"37":1,"38":1,"39":2,"40":2,"41":1,"42":2,"43":2,"44":1,"45":2,"46":2,"47":1,"48":2,"49":2,"50":1,"51":1,"52":1,"53":1,"54":1},"b":{"1":[2,1,1,1],"2":[1,1,1,1],"3":[1,1],"4":[1,1],"5":[1,1],"6":[1,1],"7":[1,1],"8":[1,1],"9":[1,1],"10":[1,1,1],"11":[1,1],"12":[1,1],"13":[1,1],"14":[1,1],"15":[1,1],"16":[1,1],"17":[1,1]},"f":{"1":2,"2":2,"3":2,"4":2,"5":2,"6":1,"7":1,"8":1,"9":2,"10":2,"11":2,"12":2,"13":1},"fnMap":{"1":{"name":"(anonymous_1)","line":12,"loc":{"start":{"line":12,"column":1},"end":{"line":12,"column":13}}},"2":{"name":"(anonymous_2)","line":19,"loc":{"start":{"line":19,"column":5},"end":{"line":19,"column":17}}},"3":{"name":"(anonymous_3)","line":23,"loc":{"start":{"line":23,"column":24},"end":{"line":23,"column":36}}},"4":{"name":"(anonymous_4)","line":61,"loc":{"start":{"line":61,"column":5},"end":{"line":61,"column":17}}},"5":{"name":"(anonymous_5)","line":82,"loc":{"start":{"line":82,"column":5},"end":{"line":82,"column":17}}},"6":{"name":"(anonymous_6)","line":91,"loc":{"start":{"line":91,"column":77},"end":{"line":94,"column":10}}},"7":{"name":"(anonymous_7)","line":112,"loc":{"start":{"line":112,"column":83},"end":{"line":115,"column":10}},"skip":true},"8":{"name":"(anonymous_8)","line":123,"loc":{"start":{"line":123,"column":77},"end":{"line":126,"column":10}},"skip":true},"9":{"name":"(anonymous_9)","line":139,"loc":{"start":{"line":139,"column":12},"end":{"line":139,"column":40}},"skip":true},"10":{"name":"(anonymous_10)","line":147,"loc":{"start":{"line":147,"column":77},"end":{"line":150,"column":10}},"skip":true},"11":{"name":"(anonymous_11)","line":158,"loc":{"start":{"line":158,"column":83},"end":{"line":161,"column":10}},"skip":true},"12":{"name":"(anonymous_12)","line":169,"loc":{"start":{"line":169,"column":79},"end":{"line":172,"column":10}},"skip":true},"13":{"name":"(anonymous_13)","line":180,"loc":{"start":{"line":180,"column":75},"end":{"line":183,"column":10}},"skip":true}},"statementMap":{"1":{"start":{"line":12,"column":0},"end":{"line":195,"column":5}},"2":{"start":{"line":14,"column":4},"end":{"line":14,"column":14}},"3":{"start":{"line":19,"column":4},"end":{"line":56,"column":9}},"4":{"start":{"line":21,"column":8},"end":{"line":21,"column":19}},"5":{"start":{"line":23,"column":8},"end":{"line":35,"column":13}},"6":{"start":{"line":24,"column":12},"end":{"line":34,"column":13}},"7":{"start":{"line":25,"column":16},"end":{"line":28,"column":30}},"8":{"start":{"line":30,"column":16},"end":{"line":33,"column":27}},"9":{"start":{"line":37,"column":8},"end":{"line":39,"column":21}},"10":{"start":{"line":40,"column":8},"end":{"line":53,"column":9}},"11":{"start":{"line":43,"column":12},"end":{"line":46,"column":14}},"12":{"start":{"line":47,"column":12},"end":{"line":47,"column":18}},"13":{"start":{"line":50,"column":12},"end":{"line":51,"column":46}},"14":{"start":{"line":52,"column":12},"end":{"line":52,"column":18}},"15":{"start":{"line":55,"column":8},"end":{"line":55,"column":35}},"16":{"start":{"line":61,"column":4},"end":{"line":63,"column":9}},"17":{"start":{"line":62,"column":8},"end":{"line":62,"column":15}},"18":{"start":{"line":64,"column":4},"end":{"line":77,"column":5}},"19":{"start":{"line":70,"column":8},"end":{"line":70,"column":14}},"20":{"start":{"line":76,"column":8},"end":{"line":76,"column":14}},"21":{"start":{"line":82,"column":4},"end":{"line":84,"column":9}},"22":{"start":{"line":83,"column":8},"end":{"line":83,"column":15}},"23":{"start":{"line":85,"column":4},"end":{"line":194,"column":5}},"24":{"start":{"line":91,"column":8},"end":{"line":99,"column":10}},"25":{"start":{"line":98,"column":12},"end":{"line":98,"column":35}},"26":{"start":{"line":102,"column":8},"end":{"line":104,"column":63}},"27":{"start":{"line":105,"column":8},"end":{"line":105,"column":14}},"28":{"start":{"line":112,"column":8},"end":{"line":121,"column":10},"skip":true},"29":{"start":{"line":119,"column":12},"end":{"line":119,"column":55},"skip":true},"30":{"start":{"line":120,"column":12},"end":{"line":120,"column":48},"skip":true},"31":{"start":{"line":123,"column":8},"end":{"line":136,"column":10},"skip":true},"32":{"start":{"line":130,"column":12},"end":{"line":130,"column":76},"skip":true},"33":{"start":{"line":131,"column":12},"end":{"line":131,"column":73},"skip":true},"34":{"start":{"line":132,"column":12},"end":{"line":132,"column":74},"skip":true},"35":{"start":{"line":133,"column":12},"end":{"line":133,"column":79},"skip":true},"36":{"start":{"line":134,"column":12},"end":{"line":134,"column":25},"skip":true},"37":{"start":{"line":135,"column":12},"end":{"line":135,"column":45},"skip":true},"38":{"start":{"line":138,"column":8},"end":{"line":145,"column":14},"skip":true},"39":{"start":{"line":143,"column":16},"end":{"line":143,"column":29},"skip":true},"40":{"start":{"line":144,"column":16},"end":{"line":144,"column":55},"skip":true},"41":{"start":{"line":147,"column":8},"end":{"line":156,"column":10},"skip":true},"42":{"start":{"line":154,"column":12},"end":{"line":154,"column":25},"skip":true},"43":{"start":{"line":155,"column":12},"end":{"line":155,"column":45},"skip":true},"44":{"start":{"line":158,"column":8},"end":{"line":167,"column":10},"skip":true},"45":{"start":{"line":165,"column":12},"end":{"line":165,"column":25},"skip":true},"46":{"start":{"line":166,"column":12},"end":{"line":166,"column":48},"skip":true},"47":{"start":{"line":169,"column":8},"end":{"line":178,"column":10},"skip":true},"48":{"start":{"line":176,"column":12},"end":{"line":176,"column":25},"skip":true},"49":{"start":{"line":177,"column":12},"end":{"line":177,"column":46},"skip":true},"50":{"start":{"line":180,"column":8},"end":{"line":189,"column":10},"skip":true},"51":{"start":{"line":187,"column":12},"end":{"line":187,"column":94},"skip":true},"52":{"start":{"line":188,"column":12},"end":{"line":188,"column":48},"skip":true},"53":{"start":{"line":192,"column":8},"end":{"line":192,"column":35},"skip":true},"54":{"start":{"line":193,"column":8},"end":{"line":193,"column":14},"skip":true}},"branchMap":{"1":{"line":25,"type":"binary-expr","locations":[{"start":{"line":25,"column":23},"end":{"line":25,"column":62}},{"start":{"line":26,"column":20},"end":{"line":26,"column":70}},{"start":{"line":27,"column":20},"end":{"line":27,"column":71}},{"start":{"line":28,"column":20},"end":{"line":28,"column":29}}]},"2":{"line":30,"type":"binary-expr","locations":[{"start":{"line":30,"column":23},"end":{"line":30,"column":37}},{"start":{"line":31,"column":20},"end":{"line":31,"column":61}},{"start":{"line":32,"column":20},"end":{"line":32,"column":70}},{"start":{"line":33,"column":20},"end":{"line":33,"column":26}}]},"3":{"line":37,"type":"cond-expr","locations":[{"start":{"line":38,"column":14},"end":{"line":38,"column":20}},{"start":{"line":39,"column":14},"end":{"line":39,"column":20}}]},"4":{"line":40,"type":"switch","locations":[{"start":{"line":42,"column":8},"end":{"line":47,"column":18}},{"start":{"line":49,"column":8},"end":{"line":52,"column":18}}]},"5":{"line":44,"type":"binary-expr","locations":[{"start":{"line":44,"column":16},"end":{"line":44,"column":44}},{"start":{"line":44,"column":48},"end":{"line":44,"column":66}}]},"6":{"line":50,"type":"binary-expr","locations":[{"start":{"line":50,"column":21},"end":{"line":50,"column":49}},{"start":{"line":50,"column":53},"end":{"line":50,"column":72}}]},"7":{"line":64,"type":"switch","locations":[{"start":{"line":69,"column":4},"end":{"line":70,"column":14}},{"start":{"line":75,"column":4},"end":{"line":76,"column":14}}]},"8":{"line":85,"type":"switch","locations":[{"start":{"line":90,"column":4},"end":{"line":105,"column":14}},{"start":{"line":111,"column":4},"end":{"line":193,"column":14},"skip":true}]},"9":{"line":91,"type":"binary-expr","locations":[{"start":{"line":91,"column":42},"end":{"line":91,"column":73}},{"start":{"line":91,"column":77},"end":{"line":99,"column":9}}]},"10":{"line":102,"type":"binary-expr","locations":[{"start":{"line":102,"column":18},"end":{"line":102,"column":32}},{"start":{"line":103,"column":12},"end":{"line":103,"column":53}},{"start":{"line":104,"column":12},"end":{"line":104,"column":61}}]},"11":{"line":112,"type":"binary-expr","locations":[{"start":{"line":112,"column":45},"end":{"line":112,"column":79},"skip":true},{"start":{"line":112,"column":83},"end":{"line":121,"column":9},"skip":true}]},"12":{"line":123,"type":"binary-expr","locations":[{"start":{"line":123,"column":42},"end":{"line":123,"column":73},"skip":true},{"start":{"line":123,"column":77},"end":{"line":136,"column":9},"skip":true}]},"13":{"line":138,"type":"binary-expr","locations":[{"start":{"line":138,"column":48},"end":{"line":138,"column":85},"skip":true},{"start":{"line":139,"column":12},"end":{"line":145,"column":13},"skip":true}]},"14":{"line":147,"type":"binary-expr","locations":[{"start":{"line":147,"column":42},"end":{"line":147,"column":73},"skip":true},{"start":{"line":147,"column":77},"end":{"line":156,"column":9},"skip":true}]},"15":{"line":158,"type":"binary-expr","locations":[{"start":{"line":158,"column":45},"end":{"line":158,"column":79},"skip":true},{"start":{"line":158,"column":83},"end":{"line":167,"column":9},"skip":true}]},"16":{"line":169,"type":"binary-expr","locations":[{"start":{"line":169,"column":43},"end":{"line":169,"column":75},"skip":true},{"start":{"line":169,"column":79},"end":{"line":178,"column":9},"skip":true}]},"17":{"line":180,"type":"binary-expr","locations":[{"start":{"line":180,"column":41},"end":{"line":180,"column":71},"skip":true},{"start":{"line":180,"column":75},"end":{"line":189,"column":9},"skip":true}]}},"code":["/* istanbul instrument in package npmtest_reflux */","/*jslint","    bitwise: true,","    browser: true,","    maxerr: 8,","    maxlen: 96,","    node: true,","    nomen: true,","    regexp: true,","    stupid: true","*/","(function () {","    'use strict';","    var local;","","","","    // run shared js-env code - pre-init","    (function () {","        // init local","        local = {};","        // init modeJs","        local.modeJs = (function () {","            try {","                return typeof navigator.userAgent === 'string' &&","                    typeof document.querySelector('body') === 'object' &&","                    typeof XMLHttpRequest.prototype.open === 'function' &&","                    'browser';","            } catch (errorCaughtBrowser) {","                return module.exports &&","                    typeof process.versions.node === 'string' &&","                    typeof require('http').createServer === 'function' &&","                    'node';","            }","        }());","        // init global","        local.global = local.modeJs === 'browser'","            ? window","            : global;","        switch (local.modeJs) {","        // re-init local from window.local","        case 'browser':","            local = local.global.utility2.objectSetDefault(","                local.global.utility2_rollup || local.global.local,","                local.global.utility2","            );","            break;","        // re-init local from example.js","        case 'node':","            local = (local.global.utility2_rollup || require('utility2'))","                .requireExampleJsFromReadme();","            break;","        }","        // export local","        local.global.local = local;","    }());","","","","    // run shared js-env code - function","    (function () {","        return;","    }());","    switch (local.modeJs) {","","","","    // run browser js-env code - function","    case 'browser':","        break;","","","","    // run node js-env code - function","    case 'node':","        break;","    }","","","","    // run shared js-env code - post-init","    (function () {","        return;","    }());","    switch (local.modeJs) {","","","","    // run browser js-env code - post-init","    case 'browser':","        local.testCase_browser_nullCase = local.testCase_browser_nullCase || function (","            options,","            onError","        ) {","        /*","         * this function will test browsers's null-case handling-behavior-behavior","         */","            onError(null, options);","        };","","        // run tests","        local.nop(local.modeTest &&","            document.querySelector('#testRunButton1') &&","            document.querySelector('#testRunButton1').click());","        break;","","","","    // run node js-env code - post-init","    /* istanbul ignore next */","    case 'node':","        local.testCase_buildApidoc_default = local.testCase_buildApidoc_default || function (","            options,","            onError","        ) {","        /*","         * this function will test buildApidoc's default handling-behavior-behavior","         */","            options = { modulePathList: module.paths };","            local.buildApidoc(options, onError);","        };","","        local.testCase_buildApp_default = local.testCase_buildApp_default || function (","            options,","            onError","        ) {","        /*","         * this function will test buildApp's default handling-behavior-behavior","         */","            local.testCase_buildReadme_default(options, local.onErrorThrow);","            local.testCase_buildLib_default(options, local.onErrorThrow);","            local.testCase_buildTest_default(options, local.onErrorThrow);","            local.testCase_buildCustomOrg_default(options, local.onErrorThrow);","            options = [];","            local.buildApp(options, onError);","        };","","        local.testCase_buildCustomOrg_default = local.testCase_buildCustomOrg_default ||","            function (options, onError) {","            /*","             * this function will test buildCustomOrg's default handling-behavior","             */","                options = {};","                local.buildCustomOrg(options, onError);","            };","","        local.testCase_buildLib_default = local.testCase_buildLib_default || function (","            options,","            onError","        ) {","        /*","         * this function will test buildLib's default handling-behavior","         */","            options = {};","            local.buildLib(options, onError);","        };","","        local.testCase_buildReadme_default = local.testCase_buildReadme_default || function (","            options,","            onError","        ) {","        /*","         * this function will test buildReadme's default handling-behavior-behavior","         */","            options = {};","            local.buildReadme(options, onError);","        };","","        local.testCase_buildTest_default = local.testCase_buildTest_default || function (","            options,","            onError","        ) {","        /*","         * this function will test buildTest's default handling-behavior","         */","            options = {};","            local.buildTest(options, onError);","        };","","        local.testCase_webpage_default = local.testCase_webpage_default || function (","            options,","            onError","        ) {","        /*","         * this function will test webpage's default handling-behavior","         */","            options = { modeCoverageMerge: true, url: local.serverLocalHost + '?modeTest=1' };","            local.browserTest(options, onError);","        };","","        // run test-server","        local.testRunServer(local);","        break;","    }","}());",""],"l":{"12":2,"14":2,"19":2,"21":2,"23":2,"24":2,"25":2,"30":1,"37":2,"40":2,"43":1,"47":1,"50":1,"52":1,"55":2,"61":2,"62":2,"64":2,"70":1,"76":1,"82":2,"83":2,"85":2,"91":1,"98":1,"102":1,"105":1,"112":1,"119":1,"120":1,"123":1,"130":1,"131":1,"132":1,"133":1,"134":1,"135":1,"138":1,"143":2,"144":2,"147":1,"154":2,"155":2,"158":1,"165":2,"166":2,"169":1,"176":2,"177":2,"180":1,"187":1,"188":1,"192":1,"193":1}},"/home/travis/build/npmtest/node-npmtest-reflux/lib.npmtest_reflux.js":{"path":"/home/travis/build/npmtest/node-npmtest-reflux/lib.npmtest_reflux.js","s":{"1":2,"2":2,"3":2,"4":2,"5":2,"6":2,"7":2,"8":1,"9":2,"10":2,"11":2,"12":2,"13":1,"14":1,"15":1,"16":1},"b":{"1":[2,1,1,1],"2":[1,1,1,1],"3":[1,1],"4":[2,2],"5":[1,1]},"f":{"1":2,"2":2,"3":2},"fnMap":{"1":{"name":"(anonymous_1)","line":12,"loc":{"start":{"line":12,"column":1},"end":{"line":12,"column":13}}},"2":{"name":"(anonymous_2)","line":19,"loc":{"start":{"line":19,"column":5},"end":{"line":19,"column":17}}},"3":{"name":"(anonymous_3)","line":23,"loc":{"start":{"line":23,"column":24},"end":{"line":23,"column":36}}}},"statementMap":{"1":{"start":{"line":12,"column":0},"end":{"line":53,"column":5}},"2":{"start":{"line":14,"column":4},"end":{"line":14,"column":14}},"3":{"start":{"line":19,"column":4},"end":{"line":52,"column":9}},"4":{"start":{"line":21,"column":8},"end":{"line":21,"column":19}},"5":{"start":{"line":23,"column":8},"end":{"line":35,"column":13}},"6":{"start":{"line":24,"column":12},"end":{"line":34,"column":13}},"7":{"start":{"line":25,"column":16},"end":{"line":28,"column":30}},"8":{"start":{"line":30,"column":16},"end":{"line":33,"column":27}},"9":{"start":{"line":37,"column":8},"end":{"line":39,"column":21}},"10":{"start":{"line":41,"column":8},"end":{"line":41,"column":54}},"11":{"start":{"line":43,"column":8},"end":{"line":43,"column":51}},"12":{"start":{"line":45,"column":8},"end":{"line":51,"column":9}},"13":{"start":{"line":46,"column":12},"end":{"line":46,"column":57}},"14":{"start":{"line":48,"column":12},"end":{"line":48,"column":35}},"15":{"start":{"line":49,"column":12},"end":{"line":49,"column":49}},"16":{"start":{"line":50,"column":12},"end":{"line":50,"column":43}}},"branchMap":{"1":{"line":25,"type":"binary-expr","locations":[{"start":{"line":25,"column":23},"end":{"line":25,"column":62}},{"start":{"line":26,"column":20},"end":{"line":26,"column":70}},{"start":{"line":27,"column":20},"end":{"line":27,"column":71}},{"start":{"line":28,"column":20},"end":{"line":28,"column":29}}]},"2":{"line":30,"type":"binary-expr","locations":[{"start":{"line":30,"column":23},"end":{"line":30,"column":37}},{"start":{"line":31,"column":20},"end":{"line":31,"column":61}},{"start":{"line":32,"column":20},"end":{"line":32,"column":70}},{"start":{"line":33,"column":20},"end":{"line":33,"column":26}}]},"3":{"line":37,"type":"cond-expr","locations":[{"start":{"line":38,"column":14},"end":{"line":38,"column":20}},{"start":{"line":39,"column":14},"end":{"line":39,"column":20}}]},"4":{"line":41,"type":"binary-expr","locations":[{"start":{"line":41,"column":16},"end":{"line":41,"column":44}},{"start":{"line":41,"column":48},"end":{"line":41,"column":53}}]},"5":{"line":45,"type":"if","locations":[{"start":{"line":45,"column":8},"end":{"line":45,"column":8}},{"start":{"line":45,"column":8},"end":{"line":45,"column":8}}]}},"code":["/* istanbul instrument in package npmtest_reflux */","/*jslint","    bitwise: true,","    browser: true,","    maxerr: 8,","    maxlen: 96,","    node: true,","    nomen: true,","    regexp: true,","    stupid: true","*/","(function () {","    'use strict';","    var local;","","","","    // run shared js-env code - pre-init","    (function () {","        // init local","        local = {};","        // init modeJs","        local.modeJs = (function () {","            try {","                return typeof navigator.userAgent === 'string' &&","                    typeof document.querySelector('body') === 'object' &&","                    typeof XMLHttpRequest.prototype.open === 'function' &&","                    'browser';","            } catch (errorCaughtBrowser) {","                return module.exports &&","                    typeof process.versions.node === 'string' &&","                    typeof require('http').createServer === 'function' &&","                    'node';","            }","        }());","        // init global","        local.global = local.modeJs === 'browser'","            ? window","            : global;","        // init utility2_rollup","        local = local.global.utility2_rollup || local;","        // init lib","        local.local = local.npmtest_reflux = local;","        // init exports","        if (local.modeJs === 'browser') {","            local.global.utility2_npmtest_reflux = local;","        } else {","            module.exports = local;","            module.exports.__dirname = __dirname;","            module.exports.module = module;","        }","    }());","}());",""],"l":{"12":2,"14":2,"19":2,"21":2,"23":2,"24":2,"25":2,"30":1,"37":2,"41":2,"43":2,"45":2,"46":1,"48":1,"49":1,"50":1}},"/home/travis/build/npmtest/node-npmtest-reflux/example.js":{"path":"/home/travis/build/npmtest/node-npmtest-reflux/example.js","s":{"1":2,"2":2,"3":2,"4":2,"5":2,"6":2,"7":2,"8":1,"9":2,"10":2,"11":2,"12":2,"13":1,"14":2,"15":2,"16":2,"17":2,"18":2,"19":0,"20":2,"21":1,"22":1,"23":1,"24":1,"25":1,"26":0,"27":0,"28":1,"29":1,"30":2,"31":0,"32":0,"33":0,"34":1,"35":2,"36":2,"37":3,"38":3,"39":3,"40":3,"41":0,"42":3,"43":3,"44":3,"45":1,"46":3,"47":1,"48":1,"49":1,"50":1,"51":1,"52":1,"53":1,"54":1,"55":1,"56":1,"57":0,"58":1,"59":6,"60":6,"61":1,"62":2,"63":0,"64":2,"65":1,"66":1,"67":0,"68":0,"69":0,"70":0,"71":0,"72":0,"73":0,"74":0,"75":0,"76":0,"77":0,"78":0,"79":0,"80":0,"81":0,"82":0,"83":0},"b":{"1":[2,1,1,1],"2":[1,1,1,1],"3":[1,1],"4":[2,2],"5":[1,1],"6":[1,1],"7":[2,0],"8":[2,1,1,1,1,1],"9":[0,2,0],"10":[1,1],"11":[2,1,1],"12":[1,0],"13":[0,2],"14":[2,0,0,0,0,0,0],"15":[0,3],"16":[3,0],"17":[1,1],"18":[0,1],"19":[1,2,0,2],"20":[1,0],"21":[1,1],"22":[0,0],"23":[0,0],"24":[0,0],"25":[0,0],"26":[0,0],"27":[0,0],"28":[0,0]},"f":{"1":2,"2":2,"3":2,"4":2,"5":2,"6":2,"7":3,"8":3,"9":3,"10":1,"11":6,"12":0},"fnMap":{"1":{"name":"(anonymous_1)","line":26,"loc":{"start":{"line":26,"column":1},"end":{"line":26,"column":13}}},"2":{"name":"(anonymous_2)","line":33,"loc":{"start":{"line":33,"column":5},"end":{"line":33,"column":17}}},"3":{"name":"(anonymous_3)","line":37,"loc":{"start":{"line":37,"column":24},"end":{"line":37,"column":36}}},"4":{"name":"(anonymous_4)","line":69,"loc":{"start":{"line":69,"column":31},"end":{"line":69,"column":48}},"skip":true},"5":{"name":"(anonymous_5)","line":78,"loc":{"start":{"line":78,"column":26},"end":{"line":78,"column":45}},"skip":true},"6":{"name":"(anonymous_6)","line":123,"loc":{"start":{"line":123,"column":33},"end":{"line":123,"column":48}},"skip":true},"7":{"name":"(anonymous_7)","line":125,"loc":{"start":{"line":125,"column":27},"end":{"line":125,"column":39}},"skip":true},"8":{"name":"(anonymous_8)","line":133,"loc":{"start":{"line":133,"column":59},"end":{"line":133,"column":74}},"skip":true},"9":{"name":"(anonymous_9)","line":143,"loc":{"start":{"line":143,"column":45},"end":{"line":143,"column":62}},"skip":true},"10":{"name":"(anonymous_10)","line":144,"loc":{"start":{"line":144,"column":73},"end":{"line":144,"column":92}},"skip":true},"11":{"name":"(anonymous_11)","line":272,"loc":{"start":{"line":272,"column":51},"end":{"line":272,"column":77}},"skip":true},"12":{"name":"(anonymous_12)","line":315,"loc":{"start":{"line":315,"column":32},"end":{"line":315,"column":61}},"skip":true}},"statementMap":{"1":{"start":{"line":26,"column":0},"end":{"line":326,"column":5}},"2":{"start":{"line":28,"column":4},"end":{"line":28,"column":14}},"3":{"start":{"line":33,"column":4},"end":{"line":60,"column":9}},"4":{"start":{"line":35,"column":8},"end":{"line":35,"column":19}},"5":{"start":{"line":37,"column":8},"end":{"line":49,"column":13}},"6":{"start":{"line":38,"column":12},"end":{"line":48,"column":13}},"7":{"start":{"line":39,"column":16},"end":{"line":42,"column":30}},"8":{"start":{"line":44,"column":16},"end":{"line":47,"column":27}},"9":{"start":{"line":51,"column":8},"end":{"line":53,"column":21}},"10":{"start":{"line":55,"column":8},"end":{"line":57,"column":45}},"11":{"start":{"line":59,"column":8},"end":{"line":59,"column":35}},"12":{"start":{"line":61,"column":4},"end":{"line":325,"column":5}},"13":{"start":{"line":69,"column":8},"end":{"line":121,"column":10},"skip":true},"14":{"start":{"line":70,"column":12},"end":{"line":88,"column":13},"skip":true},"15":{"start":{"line":76,"column":16},"end":{"line":87,"column":19},"skip":true},"16":{"start":{"line":79,"column":20},"end":{"line":86,"column":21},"skip":true},"17":{"start":{"line":82,"column":24},"end":{"line":82,"column":43},"skip":true},"18":{"start":{"line":83,"column":24},"end":{"line":83,"column":30},"skip":true},"19":{"start":{"line":85,"column":24},"end":{"line":85,"column":49},"skip":true},"20":{"start":{"line":89,"column":12},"end":{"line":107,"column":13},"skip":true},"21":{"start":{"line":92,"column":16},"end":{"line":102,"column":17},"skip":true},"22":{"start":{"line":93,"column":20},"end":{"line":93,"column":86},"skip":true},"23":{"start":{"line":94,"column":20},"end":{"line":95,"column":45},"skip":true},"24":{"start":{"line":96,"column":20},"end":{"line":96,"column":42},"skip":true},"25":{"start":{"line":97,"column":20},"end":{"line":97,"column":48},"skip":true},"26":{"start":{"line":100,"column":20},"end":{"line":100,"column":85},"skip":true},"27":{"start":{"line":101,"column":20},"end":{"line":101,"column":96},"skip":true},"28":{"start":{"line":103,"column":16},"end":{"line":103,"column":22},"skip":true},"29":{"start":{"line":106,"column":16},"end":{"line":106,"column":22},"skip":true},"30":{"start":{"line":108,"column":12},"end":{"line":120,"column":13},"skip":true},"31":{"start":{"line":114,"column":16},"end":{"line":119,"column":17},"skip":true},"32":{"start":{"line":116,"column":20},"end":{"line":116,"column":78},"skip":true},"33":{"start":{"line":118,"column":20},"end":{"line":118,"column":47},"skip":true},"34":{"start":{"line":123,"column":8},"end":{"line":141,"column":11},"skip":true},"35":{"start":{"line":124,"column":12},"end":{"line":124,"column":54},"skip":true},"36":{"start":{"line":125,"column":12},"end":{"line":140,"column":14},"skip":true},"37":{"start":{"line":126,"column":16},"end":{"line":126,"column":28},"skip":true},"38":{"start":{"line":127,"column":16},"end":{"line":127,"column":69},"skip":true},"39":{"start":{"line":128,"column":16},"end":{"line":128,"column":75},"skip":true},"40":{"start":{"line":129,"column":16},"end":{"line":131,"column":17},"skip":true},"41":{"start":{"line":130,"column":20},"end":{"line":130,"column":27},"skip":true},"42":{"start":{"line":133,"column":16},"end":{"line":137,"column":36},"skip":true},"43":{"start":{"line":134,"column":20},"end":{"line":136,"column":55},"skip":true},"44":{"start":{"line":139,"column":16},"end":{"line":139,"column":57},"skip":true},"45":{"start":{"line":143,"column":8},"end":{"line":147,"column":11},"skip":true},"46":{"start":{"line":144,"column":12},"end":{"line":146,"column":15},"skip":true},"47":{"start":{"line":145,"column":16},"end":{"line":145,"column":70},"skip":true},"48":{"start":{"line":149,"column":8},"end":{"line":149,"column":31},"skip":true},"49":{"start":{"line":150,"column":8},"end":{"line":150,"column":14},"skip":true},"50":{"start":{"line":158,"column":8},"end":{"line":158,"column":31},"skip":true},"51":{"start":{"line":160,"column":8},"end":{"line":160,"column":33},"skip":true},"52":{"start":{"line":161,"column":8},"end":{"line":161,"column":37},"skip":true},"53":{"start":{"line":162,"column":8},"end":{"line":162,"column":35},"skip":true},"54":{"start":{"line":164,"column":8},"end":{"line":164,"column":50},"skip":true},"55":{"start":{"line":166,"column":8},"end":{"line":256,"column":2},"skip":true},"56":{"start":{"line":258,"column":8},"end":{"line":286,"column":9},"skip":true},"57":{"start":{"line":259,"column":12},"end":{"line":269,"column":14},"skip":true},"58":{"start":{"line":271,"column":12},"end":{"line":285,"column":19},"skip":true},"59":{"start":{"line":274,"column":20},"end":{"line":274,"column":35},"skip":true},"60":{"start":{"line":275,"column":20},"end":{"line":284,"column":21},"skip":true},"61":{"start":{"line":277,"column":24},"end":{"line":277,"column":64},"skip":true},"62":{"start":{"line":279,"column":24},"end":{"line":279,"column":40},"skip":true},"63":{"start":{"line":281,"column":24},"end":{"line":281,"column":40},"skip":true},"64":{"start":{"line":283,"column":24},"end":{"line":283,"column":39},"skip":true},"65":{"start":{"line":288,"column":8},"end":{"line":290,"column":9},"skip":true},"66":{"start":{"line":289,"column":12},"end":{"line":289,"column":18},"skip":true},"67":{"start":{"line":291,"column":8},"end":{"line":293,"column":54},"skip":true},"68":{"start":{"line":296,"column":8},"end":{"line":301,"column":37},"skip":true},"69":{"start":{"line":303,"column":8},"end":{"line":303,"column":82},"skip":true},"70":{"start":{"line":306,"column":8},"end":{"line":308,"column":9},"skip":true},"71":{"start":{"line":307,"column":12},"end":{"line":307,"column":82},"skip":true},"72":{"start":{"line":310,"column":8},"end":{"line":312,"column":9},"skip":true},"73":{"start":{"line":311,"column":12},"end":{"line":311,"column":18},"skip":true},"74":{"start":{"line":313,"column":8},"end":{"line":313,"column":54},"skip":true},"75":{"start":{"line":314,"column":8},"end":{"line":314,"column":69},"skip":true},"76":{"start":{"line":315,"column":8},"end":{"line":323,"column":36},"skip":true},"77":{"start":{"line":316,"column":12},"end":{"line":316,"column":61},"skip":true},"78":{"start":{"line":317,"column":12},"end":{"line":320,"column":13},"skip":true},"79":{"start":{"line":318,"column":16},"end":{"line":318,"column":75},"skip":true},"80":{"start":{"line":319,"column":16},"end":{"line":319,"column":23},"skip":true},"81":{"start":{"line":321,"column":12},"end":{"line":321,"column":38},"skip":true},"82":{"start":{"line":322,"column":12},"end":{"line":322,"column":27},"skip":true},"83":{"start":{"line":324,"column":8},"end":{"line":324,"column":14},"skip":true}},"branchMap":{"1":{"line":39,"type":"binary-expr","locations":[{"start":{"line":39,"column":23},"end":{"line":39,"column":62}},{"start":{"line":40,"column":20},"end":{"line":40,"column":70}},{"start":{"line":41,"column":20},"end":{"line":41,"column":71}},{"start":{"line":42,"column":20},"end":{"line":42,"column":29}}]},"2":{"line":44,"type":"binary-expr","locations":[{"start":{"line":44,"column":23},"end":{"line":44,"column":37}},{"start":{"line":45,"column":20},"end":{"line":45,"column":61}},{"start":{"line":46,"column":20},"end":{"line":46,"column":70}},{"start":{"line":47,"column":20},"end":{"line":47,"column":26}}]},"3":{"line":51,"type":"cond-expr","locations":[{"start":{"line":52,"column":14},"end":{"line":52,"column":20}},{"start":{"line":53,"column":14},"end":{"line":53,"column":20}}]},"4":{"line":55,"type":"binary-expr","locations":[{"start":{"line":55,"column":16},"end":{"line":55,"column":44}},{"start":{"line":55,"column":49},"end":{"line":57,"column":43}}]},"5":{"line":55,"type":"cond-expr","locations":[{"start":{"line":56,"column":14},"end":{"line":56,"column":50}},{"start":{"line":57,"column":14},"end":{"line":57,"column":43}}]},"6":{"line":61,"type":"switch","locations":[{"start":{"line":68,"column":4},"end":{"line":150,"column":14},"skip":true},{"start":{"line":156,"column":4},"end":{"line":324,"column":14},"skip":true}]},"7":{"line":70,"type":"if","locations":[{"start":{"line":70,"column":12},"end":{"line":70,"column":12},"skip":true},{"start":{"line":70,"column":12},"end":{"line":70,"column":12},"skip":true}]},"8":{"line":70,"type":"binary-expr","locations":[{"start":{"line":70,"column":16},"end":{"line":70,"column":22},"skip":true},{"start":{"line":70,"column":27},"end":{"line":70,"column":32},"skip":true},{"start":{"line":71,"column":20},"end":{"line":71,"column":39},"skip":true},{"start":{"line":72,"column":20},"end":{"line":72,"column":49},"skip":true},{"start":{"line":73,"column":20},"end":{"line":73,"column":58},"skip":true},{"start":{"line":74,"column":20},"end":{"line":74,"column":69},"skip":true}]},"9":{"line":79,"type":"switch","locations":[{"start":{"line":80,"column":20},"end":{"line":80,"column":33},"skip":true},{"start":{"line":81,"column":20},"end":{"line":83,"column":30},"skip":true},{"start":{"line":84,"column":20},"end":{"line":85,"column":49},"skip":true}]},"10":{"line":89,"type":"switch","locations":[{"start":{"line":90,"column":12},"end":{"line":103,"column":22},"skip":true},{"start":{"line":105,"column":12},"end":{"line":106,"column":22},"skip":true}]},"11":{"line":89,"type":"binary-expr","locations":[{"start":{"line":89,"column":20},"end":{"line":89,"column":25},"skip":true},{"start":{"line":89,"column":29},"end":{"line":89,"column":48},"skip":true},{"start":{"line":89,"column":52},"end":{"line":89,"column":74},"skip":true}]},"12":{"line":92,"type":"if","locations":[{"start":{"line":92,"column":16},"end":{"line":92,"column":16},"skip":true},{"start":{"line":92,"column":16},"end":{"line":92,"column":16},"skip":true}]},"13":{"line":108,"type":"if","locations":[{"start":{"line":108,"column":12},"end":{"line":108,"column":12},"skip":true},{"start":{"line":108,"column":12},"end":{"line":108,"column":12},"skip":true}]},"14":{"line":108,"type":"binary-expr","locations":[{"start":{"line":108,"column":16},"end":{"line":108,"column":61},"skip":true},{"start":{"line":108,"column":66},"end":{"line":108,"column":72},"skip":true},{"start":{"line":108,"column":77},"end":{"line":108,"column":82},"skip":true},{"start":{"line":109,"column":20},"end":{"line":109,"column":39},"skip":true},{"start":{"line":110,"column":20},"end":{"line":110,"column":49},"skip":true},{"start":{"line":111,"column":20},"end":{"line":111,"column":58},"skip":true},{"start":{"line":112,"column":20},"end":{"line":112,"column":68},"skip":true}]},"15":{"line":129,"type":"if","locations":[{"start":{"line":129,"column":16},"end":{"line":129,"column":16},"skip":true},{"start":{"line":129,"column":16},"end":{"line":129,"column":16},"skip":true}]},"16":{"line":134,"type":"cond-expr","locations":[{"start":{"line":135,"column":26},"end":{"line":135,"column":29},"skip":true},{"start":{"line":136,"column":26},"end":{"line":136,"column":54},"skip":true}]},"17":{"line":164,"type":"binary-expr","locations":[{"start":{"line":164,"column":27},"end":{"line":164,"column":43},"skip":true},{"start":{"line":164,"column":47},"end":{"line":164,"column":49},"skip":true}]},"18":{"line":258,"type":"if","locations":[{"start":{"line":258,"column":8},"end":{"line":258,"column":8},"skip":true},{"start":{"line":258,"column":8},"end":{"line":258,"column":8},"skip":true}]},"19":{"line":275,"type":"switch","locations":[{"start":{"line":276,"column":20},"end":{"line":277,"column":64},"skip":true},{"start":{"line":278,"column":20},"end":{"line":279,"column":40},"skip":true},{"start":{"line":280,"column":20},"end":{"line":281,"column":40},"skip":true},{"start":{"line":282,"column":20},"end":{"line":283,"column":39},"skip":true}]},"20":{"line":288,"type":"if","locations":[{"start":{"line":288,"column":8},"end":{"line":288,"column":8},"skip":true},{"start":{"line":288,"column":8},"end":{"line":288,"column":8},"skip":true}]},"21":{"line":288,"type":"binary-expr","locations":[{"start":{"line":288,"column":12},"end":{"line":288,"column":40},"skip":true},{"start":{"line":288,"column":44},"end":{"line":288,"column":67},"skip":true}]},"22":{"line":292,"type":"binary-expr","locations":[{"start":{"line":292,"column":12},"end":{"line":292,"column":50},"skip":true},{"start":{"line":293,"column":12},"end":{"line":293,"column":53},"skip":true}]},"23":{"line":297,"type":"binary-expr","locations":[{"start":{"line":297,"column":12},"end":{"line":297,"column":64},"skip":true},{"start":{"line":298,"column":12},"end":{"line":301,"column":36},"skip":true}]},"24":{"line":303,"type":"binary-expr","locations":[{"start":{"line":303,"column":43},"end":{"line":303,"column":75},"skip":true},{"start":{"line":303,"column":79},"end":{"line":303,"column":81},"skip":true}]},"25":{"line":306,"type":"if","locations":[{"start":{"line":306,"column":8},"end":{"line":306,"column":8},"skip":true},{"start":{"line":306,"column":8},"end":{"line":306,"column":8},"skip":true}]},"26":{"line":310,"type":"if","locations":[{"start":{"line":310,"column":8},"end":{"line":310,"column":8},"skip":true},{"start":{"line":310,"column":8},"end":{"line":310,"column":8},"skip":true}]},"27":{"line":313,"type":"binary-expr","locations":[{"start":{"line":313,"column":27},"end":{"line":313,"column":43},"skip":true},{"start":{"line":313,"column":47},"end":{"line":313,"column":53},"skip":true}]},"28":{"line":317,"type":"if","locations":[{"start":{"line":317,"column":12},"end":{"line":317,"column":12},"skip":true},{"start":{"line":317,"column":12},"end":{"line":317,"column":12},"skip":true}]}},"code":["/*","example.js","","quickstart example","","instruction","    1. save this script as example.js","    2. run the shell command:","        $ npm install npmtest-reflux && PORT=8081 node example.js","    3. play with the browser-demo on http://127.0.0.1:8081","*/","","","","/* istanbul instrument in package npmtest_reflux */","/*jslint","    bitwise: true,","    browser: true,","    maxerr: 8,","    maxlen: 96,","    node: true,","    nomen: true,","    regexp: true,","    stupid: true","*/","(function () {","    'use strict';","    var local;","","","","    // run shared js-env code - pre-init","    (function () {","        // init local","        local = {};","        // init modeJs","        local.modeJs = (function () {","            try {","                return typeof navigator.userAgent === 'string' &&","                    typeof document.querySelector('body') === 'object' &&","                    typeof XMLHttpRequest.prototype.open === 'function' &&","                    'browser';","            } catch (errorCaughtBrowser) {","                return module.exports &&","                    typeof process.versions.node === 'string' &&","                    typeof require('http').createServer === 'function' &&","                    'node';","            }","        }());","        // init global","        local.global = local.modeJs === 'browser'","            ? window","            : global;","        // init utility2_rollup","        local = local.global.utility2_rollup || (local.modeJs === 'browser'","            ? local.global.utility2_npmtest_reflux","            : global.utility2_moduleExports);","        // export local","        local.global.local = local;","    }());","    switch (local.modeJs) {","","","","    // post-init","    // run browser js-env code - post-init","    /* istanbul ignore next */","    case 'browser':","        local.testRunBrowser = function (event) {","            if (!event || (event &&","                    event.currentTarget &&","                    event.currentTarget.className &&","                    event.currentTarget.className.includes &&","                    event.currentTarget.className.includes('onreset'))) {","                // reset output","                Array.from(","                    document.querySelectorAll('body > .resettable')","                ).forEach(function (element) {","                    switch (element.tagName) {","                    case 'INPUT':","                    case 'TEXTAREA':","                        element.value = '';","                        break;","                    default:","                        element.textContent = '';","                    }","                });","            }","            switch (event && event.currentTarget && event.currentTarget.id) {","            case 'testRunButton1':","                // show tests","                if (document.querySelector('#testReportDiv1').style.display === 'none') {","                    document.querySelector('#testReportDiv1').style.display = 'block';","                    document.querySelector('#testRunButton1').textContent =","                        'hide internal test';","                    local.modeTest = true;","                    local.testRunDefault(local);","                // hide tests","                } else {","                    document.querySelector('#testReportDiv1').style.display = 'none';","                    document.querySelector('#testRunButton1').textContent = 'run internal test';","                }","                break;","            // custom-case","            default:","                break;","            }","            if (document.querySelector('#inputTextareaEval1') && (!event || (event &&","                    event.currentTarget &&","                    event.currentTarget.className &&","                    event.currentTarget.className.includes &&","                    event.currentTarget.className.includes('oneval')))) {","                // try to eval input-code","                try {","                    /*jslint evil: true*/","                    eval(document.querySelector('#inputTextareaEval1').value);","                } catch (errorCaught) {","                    console.error(errorCaught);","                }","            }","        };","        // log stderr and stdout to #outputTextareaStdout1","        ['error', 'log'].forEach(function (key) {","            console[key + '_original'] = console[key];","            console[key] = function () {","                var element;","                console[key + '_original'].apply(console, arguments);","                element = document.querySelector('#outputTextareaStdout1');","                if (!element) {","                    return;","                }","                // append text to #outputTextareaStdout1","                element.value += Array.from(arguments).map(function (arg) {","                    return typeof arg === 'string'","                        ? arg","                        : JSON.stringify(arg, null, 4);","                }).join(' ') + '\\n';","                // scroll textarea to bottom","                element.scrollTop = element.scrollHeight;","            };","        });","        // init event-handling","        ['change', 'click', 'keyup'].forEach(function (event) {","            Array.from(document.querySelectorAll('.on' + event)).forEach(function (element) {","                element.addEventListener(event, local.testRunBrowser);","            });","        });","        // run tests","        local.testRunBrowser();","        break;","","","","    // run node js-env code - post-init","    /* istanbul ignore next */","    case 'node':","        // export local","        module.exports = local;","        // require modules","        local.fs = require('fs');","        local.http = require('http');","        local.url = require('url');","        // init assets","        local.assetsDict = local.assetsDict || {};","        /* jslint-ignore-begin */","        local.assetsDict['/assets.index.template.html'] = '\\","<!doctype html>\\n\\","<html lang=\"en\">\\n\\","<head>\\n\\","<meta charset=\"UTF-8\">\\n\\","<meta name=\"viewport\" content=\"width=device-width, initial-scale=1\">\\n\\","<title>{{env.npm_package_name}} (v{{env.npm_package_version}})</title>\\n\\","<style>\\n\\","/*csslint\\n\\","    box-sizing: false,\\n\\","    universal-selector: false\\n\\","*/\\n\\","* {\\n\\","    box-sizing: border-box;\\n\\","}\\n\\","body {\\n\\","    background: #dde;\\n\\","    font-family: Arial, Helvetica, sans-serif;\\n\\","    margin: 2rem;\\n\\","}\\n\\","body > * {\\n\\","    margin-bottom: 1rem;\\n\\","}\\n\\",".utility2FooterDiv {\\n\\","    margin-top: 20px;\\n\\","    text-align: center;\\n\\","}\\n\\","</style>\\n\\","<style>\\n\\","/*csslint\\n\\","*/\\n\\","textarea {\\n\\","    font-family: monospace;\\n\\","    height: 10rem;\\n\\","    width: 100%;\\n\\","}\\n\\","textarea[readonly] {\\n\\","    background: #ddd;\\n\\","}\\n\\","</style>\\n\\","</head>\\n\\","<body>\\n\\","<!-- utility2-comment\\n\\","<div id=\"ajaxProgressDiv1\" style=\"background: #d00; height: 2px; left: 0; margin: 0; padding: 0; position: fixed; top: 0; transition: background 0.5s, width 1.5s; width: 25%;\"></div>\\n\\","utility2-comment -->\\n\\","<h1>\\n\\","<!-- utility2-comment\\n\\","    <a\\n\\","        {{#if env.npm_package_homepage}}\\n\\","        href=\"{{env.npm_package_homepage}}\"\\n\\","        {{/if env.npm_package_homepage}}\\n\\","        target=\"_blank\"\\n\\","    >\\n\\","utility2-comment -->\\n\\","        {{env.npm_package_name}} (v{{env.npm_package_version}})\\n\\","<!-- utility2-comment\\n\\","    </a>\\n\\","utility2-comment -->\\n\\","</h1>\\n\\","<h3>{{env.npm_package_description}}</h3>\\n\\","<!-- utility2-comment\\n\\","<h4><a download href=\"assets.app.js\">download standalone app</a></h4>\\n\\","<button class=\"onclick onreset\" id=\"testRunButton1\">run internal test</button><br>\\n\\","<div id=\"testReportDiv1\" style=\"display: none;\"></div>\\n\\","utility2-comment -->\\n\\","\\n\\","\\n\\","\\n\\","<label>stderr and stdout</label>\\n\\","<textarea class=\"resettable\" id=\"outputTextareaStdout1\" readonly></textarea>\\n\\","<!-- utility2-comment\\n\\","{{#if isRollup}}\\n\\","<script src=\"assets.app.js\"></script>\\n\\","{{#unless isRollup}}\\n\\","utility2-comment -->\\n\\","<script src=\"assets.utility2.rollup.js\"></script>\\n\\","<script src=\"jsonp.utility2._stateInit?callback=window.utility2._stateInit\"></script>\\n\\","<script src=\"assets.npmtest_reflux.rollup.js\"></script>\\n\\","<script src=\"assets.example.js\"></script>\\n\\","<script src=\"assets.test.js\"></script>\\n\\","<!-- utility2-comment\\n\\","{{/if isRollup}}\\n\\","utility2-comment -->\\n\\","<div class=\"utility2FooterDiv\">\\n\\","    [ this app was created with\\n\\","    <a href=\"https://github.com/kaizhu256/node-utility2\" target=\"_blank\">utility2</a>\\n\\","    ]\\n\\","</div>\\n\\","</body>\\n\\","</html>\\n\\","';","        /* jslint-ignore-end */","        if (local.templateRender) {","            local.assetsDict['/'] = local.templateRender(","                local.assetsDict['/assets.index.template.html'],","                {","                    env: local.objectSetDefault(local.env, {","                        npm_package_description: 'the greatest app in the world!',","                        npm_package_name: 'my-app',","                        npm_package_nameAlias: 'my_app',","                        npm_package_version: '0.0.1'","                    })","                }","            );","        } else {","            local.assetsDict['/'] = local.assetsDict['/assets.index.template.html']","                .replace((/\\{\\{env\\.(\\w+?)\\}\\}/g), function (match0, match1) {","                    // jslint-hack","                    String(match0);","                    switch (match1) {","                    case 'npm_package_description':","                        return 'the greatest app in the world!';","                    case 'npm_package_name':","                        return 'my-app';","                    case 'npm_package_nameAlias':","                        return 'my_app';","                    case 'npm_package_version':","                        return '0.0.1';","                    }","                });","        }","        // run the cli","        if (local.global.utility2_rollup || module !== require.main) {","            break;","        }","        local.assetsDict['/assets.example.js'] =","            local.assetsDict['/assets.example.js'] ||","            local.fs.readFileSync(__filename, 'utf8');","        // bug-workaround - long $npm_package_buildCustomOrg","        /* jslint-ignore-begin */","        local.assetsDict['/assets.npmtest_reflux.rollup.js'] =","            local.assetsDict['/assets.npmtest_reflux.rollup.js'] ||","            local.fs.readFileSync(","                local.npmtest_reflux.__dirname + '/lib.npmtest_reflux.js',","                'utf8'","            ).replace((/^#!/), '//');","        /* jslint-ignore-end */","        local.assetsDict['/favicon.ico'] = local.assetsDict['/favicon.ico'] || '';","        // if $npm_config_timeout_exit exists,","        // then exit this process after $npm_config_timeout_exit ms","        if (Number(process.env.npm_config_timeout_exit)) {","            setTimeout(process.exit, Number(process.env.npm_config_timeout_exit));","        }","        // start server","        if (local.global.utility2_serverHttp1) {","            break;","        }","        process.env.PORT = process.env.PORT || '8081';","        console.error('server starting on port ' + process.env.PORT);","        local.http.createServer(function (request, response) {","            request.urlParsed = local.url.parse(request.url);","            if (local.assetsDict[request.urlParsed.pathname] !== undefined) {","                response.end(local.assetsDict[request.urlParsed.pathname]);","                return;","            }","            response.statusCode = 404;","            response.end();","        }).listen(process.env.PORT);","        break;","    }","}());",""],"l":{"26":2,"28":2,"33":2,"35":2,"37":2,"38":2,"39":2,"44":1,"51":2,"55":2,"59":2,"61":2,"69":1,"70":2,"76":2,"79":2,"82":2,"83":2,"85":1,"89":2,"92":1,"93":1,"94":1,"96":1,"97":1,"100":1,"101":1,"103":1,"106":1,"108":2,"114":1,"116":1,"118":1,"123":1,"124":2,"125":2,"126":3,"127":3,"128":3,"129":3,"130":1,"133":3,"134":3,"139":3,"143":1,"144":3,"145":1,"149":1,"150":1,"158":1,"160":1,"161":1,"162":1,"164":1,"166":1,"258":1,"259":1,"271":1,"274":6,"275":6,"277":1,"279":2,"281":1,"283":2,"288":1,"289":1,"291":1,"296":1,"303":1,"306":1,"307":1,"310":1,"311":1,"313":1,"314":1,"315":1,"316":1,"317":1,"318":1,"319":1,"321":1,"322":1,"324":1}},"/home/travis/build/npmtest/node-npmtest-reflux/node_modules/reflux/src/index.js":{"path":"/home/travis/build/npmtest/node-npmtest-reflux/node_modules/reflux/src/index.js","s":{"1":1,"2":1,"3":1,"4":1,"5":1,"6":1,"7":1,"8":1,"9":1},"b":{},"f":{},"fnMap":{},"statementMap":{"1":{"start":{"line":1,"column":0},"end":{"line":1,"column":36}},"2":{"start":{"line":3,"column":0},"end":{"line":3,"column":47}},"3":{"start":{"line":5,"column":0},"end":{"line":5,"column":38}},"4":{"start":{"line":7,"column":0},"end":{"line":7,"column":50}},"5":{"start":{"line":9,"column":0},"end":{"line":9,"column":50}},"6":{"start":{"line":11,"column":0},"end":{"line":11,"column":40}},"7":{"start":{"line":13,"column":0},"end":{"line":13,"column":48}},"8":{"start":{"line":15,"column":0},"end":{"line":15,"column":20}},"9":{"start":{"line":17,"column":0},"end":{"line":17,"column":24}}},"branchMap":{},"code":["var Reflux = require('reflux-core');","","Reflux.serverMode = typeof window !== 'object';","","Reflux.connect = require('./connect');","","Reflux.connectFilter = require('./connectFilter');","","Reflux.ListenerMixin = require('./ListenerMixin');","","Reflux.listenTo = require('./listenTo');","","Reflux.listenToMany = require('./listenToMany');","","require('./addES6');","","module.exports = Reflux;",""],"l":{"1":1,"3":1,"5":1,"7":1,"9":1,"11":1,"13":1,"15":1,"17":1}},"/home/travis/build/npmtest/node-npmtest-reflux/node_modules/reflux-core/lib/index.js":{"path":"/home/travis/build/npmtest/node-npmtest-reflux/node_modules/reflux-core/lib/index.js","s":{"1":1,"2":1,"3":1,"4":1,"5":1,"6":1,"7":1,"8":1,"9":1,"10":1,"11":1,"12":1,"13":1,"14":1,"15":1,"16":1,"17":1,"18":1,"19":6,"20":6,"21":0,"22":0,"23":0,"24":0,"25":0,"26":0,"27":0,"28":1,"29":1,"30":1,"31":1,"32":1,"33":1,"34":1,"35":1,"36":1,"37":0,"38":0,"39":0,"40":1,"41":0,"42":0,"43":0,"44":0,"45":0,"46":0,"47":0,"48":0,"49":1,"50":0,"51":1,"52":0,"53":1,"54":0,"55":1,"56":1,"57":1,"58":1,"59":1,"60":1,"61":1,"62":1,"63":1,"64":1,"65":1,"66":1,"67":1,"68":1,"69":1,"70":1,"71":1,"72":1,"73":1,"74":0,"75":1,"76":0},"b":{"1":[6,0],"2":[6,6],"3":[0,0],"4":[0,0],"5":[0,0],"6":[0,0],"7":[0,1]},"f":{"1":6,"2":1,"3":0,"4":0,"5":0,"6":0,"7":0,"8":0,"9":0,"10":0},"fnMap":{"1":{"name":"_interopRequireWildcard","line":38,"loc":{"start":{"line":38,"column":0},"end":{"line":38,"column":38}}},"2":{"name":"(anonymous_2)","line":59,"loc":{"start":{"line":59,"column":20},"end":{"line":59,"column":32}}},"3":{"name":"reducer","line":60,"loc":{"start":{"line":60,"column":18},"end":{"line":60,"column":57}}},"4":{"name":"(anonymous_4)","line":61,"loc":{"start":{"line":61,"column":41},"end":{"line":61,"column":63}}},"5":{"name":"(anonymous_5)","line":67,"loc":{"start":{"line":67,"column":11},"end":{"line":67,"column":34}}},"6":{"name":"(anonymous_6)","line":70,"loc":{"start":{"line":70,"column":32},"end":{"line":70,"column":47}}},"7":{"name":"setEventEmitter","line":87,"loc":{"start":{"line":87,"column":0},"end":{"line":87,"column":30}}},"8":{"name":"nextTick","line":94,"loc":{"start":{"line":94,"column":0},"end":{"line":94,"column":28}}},"9":{"name":"use","line":98,"loc":{"start":{"line":98,"column":0},"end":{"line":98,"column":23}}},"10":{"name":"get","line":132,"loc":{"start":{"line":132,"column":9},"end":{"line":132,"column":24}}}},"statementMap":{"1":{"start":{"line":3,"column":0},"end":{"line":5,"column":3}},"2":{"start":{"line":6,"column":0},"end":{"line":6,"column":390}},"3":{"start":{"line":8,"column":0},"end":{"line":8,"column":48}},"4":{"start":{"line":10,"column":0},"end":{"line":10,"column":60}},"5":{"start":{"line":12,"column":0},"end":{"line":12,"column":52}},"6":{"start":{"line":14,"column":0},"end":{"line":14,"column":64}},"7":{"start":{"line":16,"column":0},"end":{"line":16,"column":54}},"8":{"start":{"line":18,"column":0},"end":{"line":18,"column":66}},"9":{"start":{"line":20,"column":0},"end":{"line":20,"column":46}},"10":{"start":{"line":22,"column":0},"end":{"line":22,"column":58}},"11":{"start":{"line":24,"column":0},"end":{"line":24,"column":32}},"12":{"start":{"line":26,"column":0},"end":{"line":26,"column":32}},"13":{"start":{"line":28,"column":0},"end":{"line":28,"column":40}},"14":{"start":{"line":30,"column":0},"end":{"line":30,"column":46}},"15":{"start":{"line":32,"column":0},"end":{"line":32,"column":44}},"16":{"start":{"line":34,"column":0},"end":{"line":34,"column":30}},"17":{"start":{"line":36,"column":0},"end":{"line":36,"column":44}},"18":{"start":{"line":38,"column":0},"end":{"line":38,"column":269}},"19":{"start":{"line":38,"column":40},"end":{"line":38,"column":267}},"20":{"start":{"line":38,"column":69},"end":{"line":38,"column":80}},"21":{"start":{"line":38,"column":90},"end":{"line":38,"column":106}},"22":{"start":{"line":38,"column":107},"end":{"line":38,"column":228}},"23":{"start":{"line":38,"column":126},"end":{"line":38,"column":226}},"24":{"start":{"line":38,"column":149},"end":{"line":38,"column":224}},"25":{"start":{"line":38,"column":201},"end":{"line":38,"column":224}},"26":{"start":{"line":38,"column":229},"end":{"line":38,"column":250}},"27":{"start":{"line":38,"column":251},"end":{"line":38,"column":265}},"28":{"start":{"line":40,"column":0},"end":{"line":42,"column":2}},"29":{"start":{"line":44,"column":0},"end":{"line":44,"column":57}},"30":{"start":{"line":45,"column":0},"end":{"line":45,"column":23}},"31":{"start":{"line":46,"column":0},"end":{"line":46,"column":57}},"32":{"start":{"line":47,"column":0},"end":{"line":47,"column":57}},"33":{"start":{"line":48,"column":0},"end":{"line":48,"column":54}},"34":{"start":{"line":50,"column":0},"end":{"line":50,"column":14}},"35":{"start":{"line":59,"column":0},"end":{"line":82,"column":4}},"36":{"start":{"line":60,"column":4},"end":{"line":65,"column":6}},"37":{"start":{"line":61,"column":8},"end":{"line":64,"column":11}},"38":{"start":{"line":62,"column":12},"end":{"line":62,"column":46}},"39":{"start":{"line":63,"column":12},"end":{"line":63,"column":71}},"40":{"start":{"line":67,"column":4},"end":{"line":81,"column":6}},"41":{"start":{"line":68,"column":8},"end":{"line":68,"column":25}},"42":{"start":{"line":69,"column":8},"end":{"line":79,"column":9}},"43":{"start":{"line":70,"column":12},"end":{"line":76,"column":15}},"44":{"start":{"line":71,"column":16},"end":{"line":75,"column":17}},"45":{"start":{"line":72,"column":20},"end":{"line":72,"column":42}},"46":{"start":{"line":74,"column":20},"end":{"line":74,"column":72}},"47":{"start":{"line":78,"column":12},"end":{"line":78,"column":42}},"48":{"start":{"line":80,"column":8},"end":{"line":80,"column":23}},"49":{"start":{"line":87,"column":0},"end":{"line":89,"column":1}},"50":{"start":{"line":88,"column":4},"end":{"line":88,"column":25}},"51":{"start":{"line":94,"column":0},"end":{"line":96,"column":1}},"52":{"start":{"line":95,"column":4},"end":{"line":95,"column":26}},"53":{"start":{"line":98,"column":0},"end":{"line":100,"column":1}},"54":{"start":{"line":99,"column":4},"end":{"line":99,"column":19}},"55":{"start":{"line":109,"column":0},"end":{"line":109,"column":26}},"56":{"start":{"line":110,"column":0},"end":{"line":110,"column":38}},"57":{"start":{"line":111,"column":0},"end":{"line":111,"column":42}},"58":{"start":{"line":112,"column":0},"end":{"line":112,"column":44}},"59":{"start":{"line":113,"column":0},"end":{"line":113,"column":36}},"60":{"start":{"line":114,"column":0},"end":{"line":114,"column":22}},"61":{"start":{"line":115,"column":0},"end":{"line":115,"column":50}},"62":{"start":{"line":116,"column":0},"end":{"line":116,"column":47}},"63":{"start":{"line":117,"column":0},"end":{"line":117,"column":38}},"64":{"start":{"line":118,"column":0},"end":{"line":118,"column":42}},"65":{"start":{"line":119,"column":0},"end":{"line":119,"column":28}},"66":{"start":{"line":120,"column":0},"end":{"line":120,"column":18}},"67":{"start":{"line":121,"column":0},"end":{"line":121,"column":36}},"68":{"start":{"line":122,"column":0},"end":{"line":122,"column":18}},"69":{"start":{"line":123,"column":0},"end":{"line":123,"column":34}},"70":{"start":{"line":124,"column":0},"end":{"line":124,"column":32}},"71":{"start":{"line":125,"column":0},"end":{"line":125,"column":32}},"72":{"start":{"line":126,"column":0},"end":{"line":126,"column":24}},"73":{"start":{"line":131,"column":0},"end":{"line":135,"column":3}},"74":{"start":{"line":133,"column":8},"end":{"line":133,"column":23}},"75":{"start":{"line":140,"column":0},"end":{"line":142,"column":1}},"76":{"start":{"line":141,"column":4},"end":{"line":141,"column":128}}},"branchMap":{"1":{"line":38,"type":"if","locations":[{"start":{"line":38,"column":40},"end":{"line":38,"column":40}},{"start":{"line":38,"column":40},"end":{"line":38,"column":40}}]},"2":{"line":38,"type":"binary-expr","locations":[{"start":{"line":38,"column":44},"end":{"line":38,"column":47}},{"start":{"line":38,"column":51},"end":{"line":38,"column":65}}]},"3":{"line":38,"type":"if","locations":[{"start":{"line":38,"column":107},"end":{"line":38,"column":107}},{"start":{"line":38,"column":107},"end":{"line":38,"column":107}}]},"4":{"line":38,"type":"if","locations":[{"start":{"line":38,"column":149},"end":{"line":38,"column":149}},{"start":{"line":38,"column":149},"end":{"line":38,"column":149}}]},"5":{"line":69,"type":"if","locations":[{"start":{"line":69,"column":8},"end":{"line":69,"column":8}},{"start":{"line":69,"column":8},"end":{"line":69,"column":8}}]},"6":{"line":71,"type":"if","locations":[{"start":{"line":71,"column":16},"end":{"line":71,"column":16}},{"start":{"line":71,"column":16},"end":{"line":71,"column":16}}]},"7":{"line":140,"type":"if","locations":[{"start":{"line":140,"column":0},"end":{"line":140,"column":0}},{"start":{"line":140,"column":0},"end":{"line":140,"column":0}}]}},"code":["\"use strict\";","","Object.defineProperty(exports, \"__esModule\", {","    value: true","});","exports.__keep = exports.joinConcat = exports.joinStrict = exports.joinLeading = exports.all = exports.joinTrailing = exports.use = exports.nextTick = exports.setEventEmitter = exports.createActions = exports.createStore = exports.createAction = exports.utils = exports.StoreMethods = exports.PublisherMethods = exports.ListenerMethods = exports.ActionMethods = exports.version = undefined;","","var _ActionMethods = require(\"./ActionMethods\");","","var ActionMethods = _interopRequireWildcard(_ActionMethods);","","var _ListenerMethods = require(\"./ListenerMethods\");","","var ListenerMethods = _interopRequireWildcard(_ListenerMethods);","","var _PublisherMethods = require(\"./PublisherMethods\");","","var PublisherMethods = _interopRequireWildcard(_PublisherMethods);","","var _StoreMethods = require(\"./StoreMethods\");","","var StoreMethods = _interopRequireWildcard(_StoreMethods);","","var _joins = require(\"./joins\");","","var _utils = require(\"./utils\");","","var _ = _interopRequireWildcard(_utils);","","var _createAction = require(\"./createAction\");","","var _createStore = require(\"./createStore\");","","var _Keep = require(\"./Keep\");","","var __keep = _interopRequireWildcard(_Keep);","","function _interopRequireWildcard(obj) { if (obj && obj.__esModule) { return obj; } else { var newObj = {}; if (obj != null) { for (var key in obj) { if (Object.prototype.hasOwnProperty.call(obj, key)) newObj[key] = obj[key]; } } newObj.default = obj; return newObj; } }","","var version = {","    \"reflux-core\": \"1.0.0\"","};","","var joinTrailing = (0, _joins.staticJoinCreator)(\"last\");","var all = joinTrailing; // Reflux.all alias for backward compatibility","var joinLeading = (0, _joins.staticJoinCreator)(\"first\");","var joinStrict = (0, _joins.staticJoinCreator)(\"strict\");","var joinConcat = (0, _joins.staticJoinCreator)(\"all\");","","var utils = _;","","","/**"," * Convenience function for creating a set of actions"," *"," * @param definitions the definitions for the actions to be created"," * @returns an object with actions of corresponding action names"," */","var createActions = function () {","    var reducer = function reducer(definitions, actions) {","        Object.keys(definitions).forEach(function (actionName) {","            var val = definitions[actionName];","            actions[actionName] = (0, _createAction.createAction)(val);","        });","    };","","    return function (definitions) {","        var actions = {};","        if (definitions instanceof Array) {","            definitions.forEach(function (val) {","                if (_.isObject(val)) {","                    reducer(val, actions);","                } else {","                    actions[val] = (0, _createAction.createAction)(val);","                }","            });","        } else {","            reducer(definitions, actions);","        }","        return actions;","    };","}();","","/**"," * Sets the eventmitter that Reflux uses"," */","function setEventEmitter(ctx) {","    _.EventEmitter = ctx;","}","","/**"," * Sets the method used for deferring actions and stores"," */","function nextTick(nextTick) {","    _.nextTick = nextTick;","}","","function use(pluginCb) {","    pluginCb(this);","}","","/**"," * Provides the set of created actions and stores for introspection"," */","/*eslint-disable no-underscore-dangle*/","","","// export in format that supports syntax: var Reflux = require('reflux-core');","exports.version = version;","exports.ActionMethods = ActionMethods;","exports.ListenerMethods = ListenerMethods;","exports.PublisherMethods = PublisherMethods;","exports.StoreMethods = StoreMethods;","exports.utils = utils;","exports.createAction = _createAction.createAction;","exports.createStore = _createStore.createStore;","exports.createActions = createActions;","exports.setEventEmitter = setEventEmitter;","exports.nextTick = nextTick;","exports.use = use;","exports.joinTrailing = joinTrailing;","exports.all = all;","exports.joinLeading = joinLeading;","exports.joinStrict = joinStrict;","exports.joinConcat = joinConcat;","exports.__keep = __keep;","/*eslint-enable no-underscore-dangle*/","","// export in format that supports syntax: import Reflux from 'reflux-core';","","Object.defineProperty(exports, \"default\", {","    get: function get() {","        return exports;","    }","});","","/**"," * Warn if Function.prototype.bind not available"," */","if (!Function.prototype.bind) {","    console.error(\"Function.prototype.bind not available. \" + \"ES5 shim required. \" + \"https://github.com/spoike/refluxjs#es5\");","}"],"l":{"3":1,"6":1,"8":1,"10":1,"12":1,"14":1,"16":1,"18":1,"20":1,"22":1,"24":1,"26":1,"28":1,"30":1,"32":1,"34":1,"36":1,"38":6,"40":1,"44":1,"45":1,"46":1,"47":1,"48":1,"50":1,"59":1,"60":1,"61":0,"62":0,"63":0,"67":1,"68":0,"69":0,"70":0,"71":0,"72":0,"74":0,"78":0,"80":0,"87":1,"88":0,"94":1,"95":0,"98":1,"99":0,"109":1,"110":1,"111":1,"112":1,"113":1,"114":1,"115":1,"116":1,"117":1,"118":1,"119":1,"120":1,"121":1,"122":1,"123":1,"124":1,"125":1,"126":1,"131":1,"133":0,"140":1,"141":0}},"/home/travis/build/npmtest/node-npmtest-reflux/node_modules/reflux-core/lib/ActionMethods.js":{"path":"/home/travis/build/npmtest/node-npmtest-reflux/node_modules/reflux-core/lib/ActionMethods.js","s":{"1":1},"b":{},"f":{},"fnMap":{},"statementMap":{"1":{"start":{"line":3,"column":0},"end":{"line":5,"column":3}}},"branchMap":{},"code":["\"use strict\";","","Object.defineProperty(exports, \"__esModule\", {","  value: true","});"],"l":{"3":1}},"/home/travis/build/npmtest/node-npmtest-reflux/node_modules/reflux-core/lib/ListenerMethods.js":{"path":"/home/travis/build/npmtest/node-npmtest-reflux/node_modules/reflux-core/lib/ListenerMethods.js","s":{"1":1,"2":1,"3":1,"4":1,"5":1,"6":1,"7":1,"8":1,"9":0,"10":0,"11":0,"12":0,"13":0,"14":0,"15":0,"16":1,"17":0,"18":0,"19":0,"20":0,"21":0,"22":0,"23":1,"24":0,"25":0,"26":0,"27":0,"28":0,"29":0,"30":0,"31":0,"32":0,"33":0,"34":1,"35":0,"36":0,"37":0,"38":0,"39":0,"40":0,"41":0,"42":0,"43":1,"44":0,"45":0,"46":0,"47":0,"48":0,"49":1,"50":0,"51":0,"52":0,"53":0,"54":0,"55":0,"56":1,"57":0,"58":0,"59":0,"60":0,"61":0,"62":0,"63":0,"64":0,"65":0,"66":0,"67":0,"68":0,"69":1,"70":0,"71":0,"72":0,"73":0,"74":0,"75":0,"76":0,"77":0,"78":1,"79":0,"80":0,"81":0,"82":0,"83":1,"84":0,"85":0,"86":0,"87":0,"88":0,"89":0,"90":0,"91":0,"92":1,"93":1,"94":1,"95":1},"b":{"1":[1,0],"2":[1,1],"3":[0,0],"4":[0,0],"5":[0,0],"6":[0,0],"7":[0,0],"8":[0,0],"9":[0,0,0],"10":[0,0],"11":[0,0],"12":[0,0],"13":[0,0,0],"14":[0,0],"15":[0,0],"16":[0,0],"17":[0,0],"18":[0,0],"19":[0,0],"20":[0,0],"21":[0,0],"22":[0,0],"23":[0,0,0],"24":[0,0],"25":[0,0],"26":[0,0],"27":[0,0]},"f":{"1":1,"2":0,"3":0,"4":0,"5":0,"6":0,"7":0,"8":0,"9":0,"10":0,"11":0,"12":0},"fnMap":{"1":{"name":"_interopRequireWildcard","line":14,"loc":{"start":{"line":14,"column":0},"end":{"line":14,"column":38}}},"2":{"name":"mapChildListenables","line":22,"loc":{"start":{"line":22,"column":26},"end":{"line":22,"column":67}}},"3":{"name":"flattenListenables","line":41,"loc":{"start":{"line":41,"column":25},"end":{"line":41,"column":66}}},"4":{"name":"hasListener","line":67,"loc":{"start":{"line":67,"column":40},"end":{"line":67,"column":73}}},"5":{"name":"listenToMany","line":89,"loc":{"start":{"line":89,"column":42},"end":{"line":89,"column":77}}},"6":{"name":"validateListening","line":107,"loc":{"start":{"line":107,"column":52},"end":{"line":107,"column":91}}},"7":{"name":"listenTo","line":128,"loc":{"start":{"line":128,"column":34},"end":{"line":128,"column":91}}},"8":{"name":"unsubscriber","line":136,"loc":{"start":{"line":136,"column":19},"end":{"line":136,"column":43}}},"9":{"name":"stopListeningTo","line":156,"loc":{"start":{"line":156,"column":48},"end":{"line":156,"column":85}}},"10":{"name":"stopListeningToAll","line":174,"loc":{"start":{"line":174,"column":54},"end":{"line":174,"column":84}}},"11":{"name":"fetchInitialState","line":188,"loc":{"start":{"line":188,"column":52},"end":{"line":188,"column":108}}},"12":{"name":"(anonymous_12)","line":194,"loc":{"start":{"line":194,"column":22},"end":{"line":194,"column":34}}}},"statementMap":{"1":{"start":{"line":3,"column":0},"end":{"line":5,"column":3}},"2":{"start":{"line":6,"column":0},"end":{"line":6,"column":272}},"3":{"start":{"line":8,"column":0},"end":{"line":8,"column":32}},"4":{"start":{"line":10,"column":0},"end":{"line":10,"column":40}},"5":{"start":{"line":12,"column":0},"end":{"line":12,"column":32}},"6":{"start":{"line":14,"column":0},"end":{"line":14,"column":269}},"7":{"start":{"line":14,"column":40},"end":{"line":14,"column":267}},"8":{"start":{"line":14,"column":69},"end":{"line":14,"column":80}},"9":{"start":{"line":14,"column":90},"end":{"line":14,"column":106}},"10":{"start":{"line":14,"column":107},"end":{"line":14,"column":228}},"11":{"start":{"line":14,"column":126},"end":{"line":14,"column":226}},"12":{"start":{"line":14,"column":149},"end":{"line":14,"column":224}},"13":{"start":{"line":14,"column":201},"end":{"line":14,"column":224}},"14":{"start":{"line":14,"column":229},"end":{"line":14,"column":250}},"15":{"start":{"line":14,"column":251},"end":{"line":14,"column":265}},"16":{"start":{"line":22,"column":0},"end":{"line":33,"column":2}},"17":{"start":{"line":23,"column":4},"end":{"line":25,"column":18}},"18":{"start":{"line":26,"column":4},"end":{"line":31,"column":5}},"19":{"start":{"line":27,"column":8},"end":{"line":27,"column":43}},"20":{"start":{"line":28,"column":8},"end":{"line":30,"column":9}},"21":{"start":{"line":29,"column":12},"end":{"line":29,"column":56}},"22":{"start":{"line":32,"column":4},"end":{"line":32,"column":20}},"23":{"start":{"line":41,"column":0},"end":{"line":59,"column":2}},"24":{"start":{"line":42,"column":4},"end":{"line":42,"column":23}},"25":{"start":{"line":43,"column":4},"end":{"line":56,"column":5}},"26":{"start":{"line":44,"column":8},"end":{"line":44,"column":42}},"27":{"start":{"line":45,"column":8},"end":{"line":45,"column":55}},"28":{"start":{"line":48,"column":8},"end":{"line":48,"column":52}},"29":{"start":{"line":51,"column":8},"end":{"line":51,"column":36}},"30":{"start":{"line":52,"column":8},"end":{"line":55,"column":9}},"31":{"start":{"line":53,"column":12},"end":{"line":53,"column":53}},"32":{"start":{"line":54,"column":12},"end":{"line":54,"column":70}},"33":{"start":{"line":58,"column":4},"end":{"line":58,"column":21}},"34":{"start":{"line":67,"column":0},"end":{"line":82,"column":2}},"35":{"start":{"line":68,"column":4},"end":{"line":71,"column":20}},"36":{"start":{"line":72,"column":4},"end":{"line":80,"column":5}},"37":{"start":{"line":73,"column":8},"end":{"line":73,"column":66}},"38":{"start":{"line":74,"column":8},"end":{"line":79,"column":9}},"39":{"start":{"line":75,"column":12},"end":{"line":75,"column":38}},"40":{"start":{"line":76,"column":12},"end":{"line":78,"column":13}},"41":{"start":{"line":77,"column":16},"end":{"line":77,"column":28}},"42":{"start":{"line":81,"column":4},"end":{"line":81,"column":17}},"43":{"start":{"line":89,"column":0},"end":{"line":98,"column":2}},"44":{"start":{"line":90,"column":4},"end":{"line":90,"column":57}},"45":{"start":{"line":91,"column":4},"end":{"line":97,"column":5}},"46":{"start":{"line":92,"column":8},"end":{"line":93,"column":76}},"47":{"start":{"line":94,"column":8},"end":{"line":96,"column":9}},"48":{"start":{"line":95,"column":12},"end":{"line":95,"column":128}},"49":{"start":{"line":107,"column":0},"end":{"line":117,"column":2}},"50":{"start":{"line":108,"column":4},"end":{"line":110,"column":5}},"51":{"start":{"line":109,"column":8},"end":{"line":109,"column":58}},"52":{"start":{"line":111,"column":4},"end":{"line":113,"column":5}},"53":{"start":{"line":112,"column":8},"end":{"line":112,"column":58}},"54":{"start":{"line":114,"column":4},"end":{"line":116,"column":5}},"55":{"start":{"line":115,"column":8},"end":{"line":115,"column":84}},"56":{"start":{"line":128,"column":0},"end":{"line":148,"column":2}},"57":{"start":{"line":129,"column":4},"end":{"line":132,"column":61}},"58":{"start":{"line":133,"column":4},"end":{"line":133,"column":50}},"59":{"start":{"line":134,"column":4},"end":{"line":134,"column":56}},"60":{"start":{"line":135,"column":4},"end":{"line":135,"column":64}},"61":{"start":{"line":136,"column":4},"end":{"line":141,"column":6}},"62":{"start":{"line":137,"column":8},"end":{"line":137,"column":50}},"63":{"start":{"line":138,"column":8},"end":{"line":138,"column":96}},"64":{"start":{"line":139,"column":8},"end":{"line":139,"column":30}},"65":{"start":{"line":140,"column":8},"end":{"line":140,"column":16}},"66":{"start":{"line":142,"column":4},"end":{"line":145,"column":6}},"67":{"start":{"line":146,"column":4},"end":{"line":146,"column":31}},"68":{"start":{"line":147,"column":4},"end":{"line":147,"column":27}},"69":{"start":{"line":156,"column":0},"end":{"line":169,"column":2}},"70":{"start":{"line":157,"column":4},"end":{"line":159,"column":40}},"71":{"start":{"line":160,"column":4},"end":{"line":167,"column":5}},"72":{"start":{"line":161,"column":8},"end":{"line":161,"column":22}},"73":{"start":{"line":162,"column":8},"end":{"line":166,"column":9}},"74":{"start":{"line":163,"column":12},"end":{"line":163,"column":23}},"75":{"start":{"line":164,"column":12},"end":{"line":164,"column":100}},"76":{"start":{"line":165,"column":12},"end":{"line":165,"column":24}},"77":{"start":{"line":168,"column":4},"end":{"line":168,"column":17}},"78":{"start":{"line":174,"column":0},"end":{"line":181,"column":2}},"79":{"start":{"line":175,"column":4},"end":{"line":176,"column":40}},"80":{"start":{"line":177,"column":4},"end":{"line":180,"column":5}},"81":{"start":{"line":178,"column":8},"end":{"line":178,"column":23}},"82":{"start":{"line":179,"column":8},"end":{"line":179,"column":101}},"83":{"start":{"line":188,"column":0},"end":{"line":201,"column":2}},"84":{"start":{"line":189,"column":4},"end":{"line":189,"column":82}},"85":{"start":{"line":190,"column":4},"end":{"line":190,"column":18}},"86":{"start":{"line":191,"column":4},"end":{"line":200,"column":5}},"87":{"start":{"line":192,"column":8},"end":{"line":192,"column":48}},"88":{"start":{"line":193,"column":8},"end":{"line":199,"column":9}},"89":{"start":{"line":194,"column":12},"end":{"line":196,"column":15}},"90":{"start":{"line":195,"column":16},"end":{"line":195,"column":53}},"91":{"start":{"line":198,"column":12},"end":{"line":198,"column":45}},"92":{"start":{"line":210,"column":0},"end":{"line":210,"column":82}},"93":{"start":{"line":219,"column":0},"end":{"line":219,"column":81}},"94":{"start":{"line":228,"column":0},"end":{"line":228,"column":77}},"95":{"start":{"line":237,"column":0},"end":{"line":237,"column":80}}},"branchMap":{"1":{"line":14,"type":"if","locations":[{"start":{"line":14,"column":40},"end":{"line":14,"column":40}},{"start":{"line":14,"column":40},"end":{"line":14,"column":40}}]},"2":{"line":14,"type":"binary-expr","locations":[{"start":{"line":14,"column":44},"end":{"line":14,"column":47}},{"start":{"line":14,"column":51},"end":{"line":14,"column":65}}]},"3":{"line":14,"type":"if","locations":[{"start":{"line":14,"column":107},"end":{"line":14,"column":107}},{"start":{"line":14,"column":107},"end":{"line":14,"column":107}}]},"4":{"line":14,"type":"if","locations":[{"start":{"line":14,"column":149},"end":{"line":14,"column":149}},{"start":{"line":14,"column":149},"end":{"line":14,"column":149}}]},"5":{"line":26,"type":"binary-expr","locations":[{"start":{"line":26,"column":16},"end":{"line":26,"column":35}},{"start":{"line":26,"column":39},"end":{"line":26,"column":41}}]},"6":{"line":28,"type":"if","locations":[{"start":{"line":28,"column":8},"end":{"line":28,"column":8}},{"start":{"line":28,"column":8},"end":{"line":28,"column":8}}]},"7":{"line":72,"type":"binary-expr","locations":[{"start":{"line":72,"column":16},"end":{"line":72,"column":34}},{"start":{"line":72,"column":38},"end":{"line":72,"column":40}}]},"8":{"line":76,"type":"if","locations":[{"start":{"line":76,"column":12},"end":{"line":76,"column":12}},{"start":{"line":76,"column":12},"end":{"line":76,"column":12}}]},"9":{"line":76,"type":"binary-expr","locations":[{"start":{"line":76,"column":16},"end":{"line":76,"column":39}},{"start":{"line":76,"column":43},"end":{"line":76,"column":63}},{"start":{"line":76,"column":67},"end":{"line":76,"column":99}}]},"10":{"line":93,"type":"cond-expr","locations":[{"start":{"line":93,"column":39},"end":{"line":93,"column":45}},{"start":{"line":93,"column":48},"end":{"line":93,"column":75}}]},"11":{"line":93,"type":"cond-expr","locations":[{"start":{"line":93,"column":60},"end":{"line":93,"column":63}},{"start":{"line":93,"column":66},"end":{"line":93,"column":75}}]},"12":{"line":94,"type":"if","locations":[{"start":{"line":94,"column":8},"end":{"line":94,"column":8}},{"start":{"line":94,"column":8},"end":{"line":94,"column":8}}]},"13":{"line":95,"type":"binary-expr","locations":[{"start":{"line":95,"column":58},"end":{"line":95,"column":82}},{"start":{"line":95,"column":86},"end":{"line":95,"column":113}},{"start":{"line":95,"column":117},"end":{"line":95,"column":126}}]},"14":{"line":108,"type":"if","locations":[{"start":{"line":108,"column":4},"end":{"line":108,"column":4}},{"start":{"line":108,"column":4},"end":{"line":108,"column":4}}]},"15":{"line":111,"type":"if","locations":[{"start":{"line":111,"column":4},"end":{"line":111,"column":4}},{"start":{"line":111,"column":4},"end":{"line":111,"column":4}}]},"16":{"line":114,"type":"if","locations":[{"start":{"line":114,"column":4},"end":{"line":114,"column":4}},{"start":{"line":114,"column":4},"end":{"line":114,"column":4}}]},"17":{"line":114,"type":"binary-expr","locations":[{"start":{"line":114,"column":8},"end":{"line":114,"column":30}},{"start":{"line":114,"column":34},"end":{"line":114,"column":62}}]},"18":{"line":132,"type":"binary-expr","locations":[{"start":{"line":132,"column":36},"end":{"line":132,"column":54}},{"start":{"line":132,"column":58},"end":{"line":132,"column":60}}]},"19":{"line":135,"type":"binary-expr","locations":[{"start":{"line":135,"column":30},"end":{"line":135,"column":44}},{"start":{"line":135,"column":48},"end":{"line":135,"column":56}}]},"20":{"line":159,"type":"binary-expr","locations":[{"start":{"line":159,"column":15},"end":{"line":159,"column":33}},{"start":{"line":159,"column":37},"end":{"line":159,"column":39}}]},"21":{"line":162,"type":"if","locations":[{"start":{"line":162,"column":8},"end":{"line":162,"column":8}},{"start":{"line":162,"column":8},"end":{"line":162,"column":8}}]},"22":{"line":176,"type":"binary-expr","locations":[{"start":{"line":176,"column":15},"end":{"line":176,"column":33}},{"start":{"line":176,"column":37},"end":{"line":176,"column":39}}]},"23":{"line":189,"type":"binary-expr","locations":[{"start":{"line":189,"column":22},"end":{"line":189,"column":37}},{"start":{"line":189,"column":41},"end":{"line":189,"column":62}},{"start":{"line":189,"column":66},"end":{"line":189,"column":81}}]},"24":{"line":191,"type":"if","locations":[{"start":{"line":191,"column":4},"end":{"line":191,"column":4}},{"start":{"line":191,"column":4},"end":{"line":191,"column":4}}]},"25":{"line":191,"type":"binary-expr","locations":[{"start":{"line":191,"column":8},"end":{"line":191,"column":37}},{"start":{"line":191,"column":41},"end":{"line":191,"column":81}}]},"26":{"line":193,"type":"if","locations":[{"start":{"line":193,"column":8},"end":{"line":193,"column":8}},{"start":{"line":193,"column":8},"end":{"line":193,"column":8}}]},"27":{"line":193,"type":"binary-expr","locations":[{"start":{"line":193,"column":12},"end":{"line":193,"column":16}},{"start":{"line":193,"column":20},"end":{"line":193,"column":43}}]}},"code":["\"use strict\";","","Object.defineProperty(exports, \"__esModule\", {","    value: true","});","exports.joinStrict = exports.joinConcat = exports.joinLeading = exports.joinTrailing = exports.fetchInitialState = exports.stopListeningToAll = exports.stopListeningTo = exports.listenTo = exports.validateListening = exports.listenToMany = exports.hasListener = undefined;","","var _utils = require(\"./utils\");","","var _ = _
[...]
nually via your own logic. This method","\t * is completely separate from this.store/this.stores and/or this.storeKeys.","\t * Call this function with an ES6 store (class or singleton instance) as the","\t * first argument and your filter function as the second. Your filter function","\t * will receive an object of the parts of the ES6 store being updated every","\t * time its setState is called. Your filter function then returns an object","\t * which will be merged with the component state (IF it has any properties at all,","\t * should you return a blank object the component will not rerender).","\t */","\tproto.mapStoreToState = function(store, filterFunc)","\t{","\t\t// make sure we have a proper singleton instance to work with","\t\tif (typeof store === 'function') {","\t\t\tif (store.singleton) {","\t\t\t\tstore = store.singleton;","\t\t\t} else {","\t\t\t\tstore = Reflux.initStore(store);","\t\t\t}","\t\t}","\t\t","\t\t// we need a closure so that the called function can remember the proper filter function to use, so function gets defined here","\t\tvar self = this;","\t\tfunction onMapStoreTrigger(obj) {","\t\t\t// get an object ","\t\t\tvar update = filterFunc.call(self, obj);","\t\t\t// if no object returned from filter functions do nothing","\t\t\tif (!update) {","\t\t\t\treturn;","\t\t\t}","\t\t\t// check if the update actually has any mapped props","\t\t\t/*jshint unused: false */","\t\t\tvar hasProps = false;","\t\t\tfor (var check in update) {","\t\t\t\thasProps = true;","\t\t\t\tbreak;","\t\t\t}","\t\t\t// if there were props mapped, then update via setState","\t\t\tif (hasProps) {","\t\t\t\tself.setState(update);","\t\t\t}","\t\t}","\t\t","\t\t// add the listener to know when the store is triggered","\t\tthis.__storeunsubscribes__ = this.__storeunsubscribes__ || [];","\t\tthis.__storeunsubscribes__.push(store.listen(onMapStoreTrigger));","\t\t","\t\t// now actually run onMapStoreTrigger with the full store state so that we immediately have all store state mapped to component state","\t\tif (this.__readytomap__) {","\t\t\tonMapStoreTrigger(store.state);","\t\t} else {","\t\t\tthis.__delayedmaps__ = this.__delayedmaps__ || [];","\t\t\tthis.__delayedmaps__.push({func:onMapStoreTrigger, state:store.state});","\t\t}","\t};","\t","\t/**","\t * Reflux.Component.extend(OtherClass)","\t * This allows you to get classes that extend off of another React.Component","\t * inheriting class. For example if you're using a third party that uses","\t * components that allow `class MyComponent extends LibComponent` (where LibComponent","\t * itself extends React.Component) and you want to use that component with ES6 then","\t * you can make a class `var MyDualComponent = Reflux.Component.extend(LibComponent);`","\t * then you can use `class MyComponent extends MyDualComponent` to get the benefits","\t * of both libraries.","\t */","\tRefluxComponent.extend = function(clss) {","\t\treturn defineReact(null, null, clss);","\t};","\t","\t// if is being manually called with an `extend` argument present then just return the created class","\tif (extend) {","\t\treturn RefluxComponent;","\t}","\t","\t// otherwise set as Reflux.Component and continue with other normal definitions","\tReflux.Component = RefluxComponent;","\t","\t// also set Reflux.PureComponent (if it exists) using the .extend feature","\tif (_react.PureComponent) {","\t\tReflux.PureComponent = RefluxComponent.extend(_react.PureComponent);","\t}","\t","\t// ------------ END Reflux.Component ------------","\t","\t// --------- BEGIN Reflux.Store ------------","\t/**","\t * Reflux.Store:","\t * Also implements optional Reflux.Store class that is idiomatic with","\t * the React ES6 style. You extend Reflux.Store and then the rest works","\t * the same as createStore, except the constructor instead of init, and","\t * it holds state in a state property, and a .setState method is available","\t * which automatically updates state and does a trigger. Then when using","\t * with this.store or this.stores in an ES6 component just plass the class,","\t * it will deal with a singleton instantiation of the class automatically.","\t */","\tvar RefluxStore = function() {","\t\t// extending doesn't really work well here, so instead we create an internal instance","\t\t// and just loop through its properties/methods and make a getter/setter for each","\t\t// that will actually be getting and setting on that internal instance.","\t\tthis.__store__ = Reflux.createStore();","\t\tthis.state = {};","\t\tvar self = this;","\t\tfor (var key in this.__store__) {","\t\t\t/*jshint loopfunc: true */","\t\t\t(function (prop) {","\t\t\t\tObject.defineProperty(self, prop, {","\t\t\t\t\tget: function () { return self.__store__[prop]; },","\t\t\t\t\tset: function (v) { self.__store__[prop] = v; }","\t\t\t\t});","\t\t\t})(key);","\t\t}","\t};","\t","\tproto = RefluxStore.prototype;","\t","\t// this defines the listenables property, mostly intended to be set as `this.listenables` in the constructor of the store","\t// it is essentially a shortcut to the `listenToMany` method","\tObject.defineProperty(proto, \"listenables\", {","\t\tget: function () {","\t\t\treturn this.__listenables__;","\t\t},","\t\tset: function (v) {","\t\t\tvar Combined = {};","\t\t\tif (Array.isArray(v)){","\t\t\t\tv.forEach(function(obj) {","\t\t\t\t\tfor (var key in obj) {","\t\t\t\t\t\tCombined[key] = obj[key];","\t\t\t\t\t}","\t\t\t\t});","\t\t\t} else {","\t\t\t\tCombined = v;","\t\t\t}","\t\t\tthis.__listenables__ = Combined;","\t\t\tthis.listenToMany(Combined);","\t\t},","\t\tenumerable: true,","\t\tconfigurable: true","\t});","\t","\t// allows simple usage of `this.setState(obj)` within the store to both update the state and trigger the store to update","\t// components that it is attached to in a simple way that is idiomatic with React","\tproto.setState = function (obj) {","\t\t// Object.assign(this.state, obj); // later turn this to Object.assign and remove loop once support is good enough","\t\tfor (var key in obj) {","\t\t\tthis.state[key] = obj[key];","\t\t}","\t\t// if there's an id (i.e. it's being tracked by the global state) then make sure to update the global state","\t\tif (this.id) {","\t\t\tReflux.GlobalState[this.id] = this.state;","\t\t}","\t\t// trigger, because any component it's attached to is listening and will merge the store state into its own on a store trigger","\t\tthis.trigger(obj);","\t};","\t","\t// this is a static property so that other code can identify that this is a Reflux.Store class","\t// has issues specifically when using babel to transpile your ES6 stores for IE10 and below, not documented and shouldn't use yet","\tObject.defineProperty(RefluxStore, \"isES6Store\", {","\t\tget: function () {","\t\t\treturn true;","\t\t},","\t\tenumerable: true,","\t\tconfigurable: true","\t});","\t","\t// allows a shortcut for accessing MyStore.singleton.state as MyStore.state (since common usage makes a singleton)","\tObject.defineProperty(RefluxStore, \"state\", {","\t\tget: function () {","\t\t\tif (!this.singleton) {","\t\t\t\tthrow new Error('Reflux.Store.state is inaccessible before the store has been initialized.');","\t\t\t}","\t\t\treturn this.singleton.state;","\t\t},","\t\tenumerable: true,","\t\tconfigurable: true","\t});","\t","\t/* NOTE:","\tIf a Reflux.Store definition is given a static id property and used","\tproperly within a Reflux.Component or with Reflux.initStore then","\tit will be added to the Reflux.GlobalState object which automatically tracks the","\tcurrent state of all such defined stores in the program. */","\t","\tReflux.Store = RefluxStore;","\t// ----------- END Reflux.Store -------------","\t","\t// --------- BEGIN Reflux Static Props/Methods ------------","\t/**","\t * Reflux.GlobalState is where data is stored for any Reflux.Store that has a static id property. Each store's","\t * state will be on the Reflux.GlobalState object with the id as the key. So a store with the id \"MyStore\" and","\t * a state {\"color\":\"red\"} will end up with a Reflux.GlobalState of {\"MyStore\":{\"color\":\"red\"}}","\t * Reflux.GlobalState is an accessible part of the API. However, keep in mind that non-primitive properties you","\t * read off of it will continue to mutate and you can only manually mutate Reflux.GlobalState BEFORE any component","\t * mounting of components with ES6 stores. For more functionality look to Reflux.setGlobalState to change the global","\t * state at any point, and Reflux.getGlobalState to return a deep clone of the Reflux.GlobalState object which will","\t * not continue to mutate as Reflux.GlobalState continues to mutate.","\t */","\tReflux.GlobalState = Reflux.GlobalState || {};","\t","\t/**","\t * Reflux.stores","\t * All initialized stores that have an id will have a reference to their singleton stored here with the key being the id.","\t */","\tReflux.stores = {};","\t","\t/**","\t * Reflux.getGlobalState takes no arguments, and returns a deep clone of Reflux.GlobalState ","\t * which will not continue to mutate as Reflux.GlobalState does. It can essentially store","\t * snapshots of the global state as the program goes for saving or for in-app time travel.","\t */","\tReflux.getGlobalState = function() {","\t\treturn clone(Reflux.GlobalState);","\t};","\t","\t/**","\t * Reflux.setGlobalState takes one argument that is a representation of the a possible","\t * global state. It updates all stores in the program to represent data in that given state.","\t * This includes triggering those stores so that that state is represented in any Reflux.Component","\t * instances they are attached to. Partial states may be given to it, and only the represented","\t * stores/state values will be updated.","\t */","\tReflux.setGlobalState = function(obj) {","\t\tfor (var storeID in obj) {","\t\t\tif (Reflux.stores[storeID]) {","\t\t\t\tReflux.stores[storeID].setState(obj[storeID]);","\t\t\t} else {","\t\t\t\tReflux.GlobalState[storeID] = obj[storeID];","\t\t\t}","\t\t}","\t};","\t","\t/**","\t * Reflux.initStore takes one argument (a class that extends Reflux.Store) and returns a singleton","\t * intance of that class. Its main functionality is to be able to mimic what happens to stores attached to","\t * this.store or this.stores during the mounting phase of a component without having to actually attach the","\t * store to a component in order to work properly with the global state.","\t */","\t// Reflux.initializeGlobalStore is kept for backwards compatibility, but deprecated since the function is","\t// now for more broad instantiation of globally stored AND non-globally stored classes","\tReflux.initializeGlobalStore = Reflux.initStore = function(str) {","\t\tvar storeId = str.id;","\t\t// if they're initializing something twice then we're done already, return it","\t\tif (str.singleton) {","\t\t\treturn str.singleton;","\t\t}","\t\t// if no id then it's easy: just make new instance and set to singleton","\t\tif (!storeId) {","\t\t\tstr.singleton = new str();","\t\t\treturn str.singleton;","\t\t}","\t\t// create the singleton and assign it to the class's singleton static property","\t\tvar inst = str.singleton = new str();","\t\t// store it on the Reflux.stores array to be accessible later","\t\tReflux.stores[storeId] = inst;","\t\t// the singleton instance itself should also have the id property of the class","\t\tinst.id = storeId;","\t\t// if the global state has something set for this id, copy it to the state and then","\t\t// make sure to set the global state to the end result, since it may have only been partial","\t\tif (Reflux.GlobalState[storeId]) {","\t\t\tfor (var key in Reflux.GlobalState[storeId]) {","\t\t\t\tinst.state[key] = Reflux.GlobalState[storeId][key];","\t\t\t}","\t\t\tReflux.GlobalState[storeId] = inst.state;","\t\t// otherwise just set the global state to the default state of the class","\t\t} else {","\t\t\tReflux.GlobalState[storeId] = inst.state;","\t\t}","\t\t// returns the singleton itself, though it will also be accessible as as `MyClass.singleton`","\t\treturn inst;","\t};","\t// --------- END Reflux Static Props/Methods ------------","\t","\t// so it knows not to redefine Reflux static stuff and stores if called again","\t_defined = true;","}","","// filters a state object by storeKeys array (if it exists)","// if filtering and obj contains no properties to use, returns false to let the component know not to update","function filterByStoreKeys(storeKeys, obj)","{","\t// if there are not storeKeys defined then simply return the whole original object","\tif (!storeKeys) {","\t\treturn obj;","\t}","\t// otherwise go through and only update properties that are in the storeKeys array, and return straight false if there are none","\tvar doUpdate = false;","\tvar updateObj = {};","\tfor (var i = 0, ii = storeKeys.length; i < ii; i++) {","\t\tvar prop = storeKeys[i];","\t\tif (obj.hasOwnProperty(prop)) {","\t\t\tdoUpdate = true;","\t\t\tupdateObj[prop] = obj[prop];","\t\t}","\t}","\treturn doUpdate ? updateObj : false;","}","","// this is utilized by some of the global state functionality in order to get a clone that will","// not continue to be modified as the GlobalState mutates","function clone(frm, to) {","\tif (frm === null || typeof frm !== \"object\") {","\t\treturn frm;","\t}","\tif (frm.constructor !== Object && frm.constructor !== Array) {","\t\treturn frm;","\t}","\tif (frm.constructor === Date || frm.constructor === RegExp || frm.constructor === Function ||","\t\tfrm.constructor === String || frm.constructor === Number || frm.constructor === Boolean) {","\t\treturn new frm.constructor(frm);","\t}","\tto = to || new frm.constructor();","\tfor (var name in frm) {","\t\tto[name] = typeof to[name] === \"undefined\" ? clone(frm[name], null) : to[name];","\t}","\treturn to;","}","","module.exports = defineReact;","",""],"l":{"3":1,"12":1,"13":1,"15":2,"18":2,"19":2,"20":2,"22":0,"27":2,"28":0,"45":2,"46":0,"50":2,"52":2,"63":2,"66":2,"68":0,"69":0,"70":0,"72":0,"76":0,"77":0,"78":0,"80":0,"81":0,"82":0,"83":0,"87":0,"88":0,"90":0,"91":0,"93":0,"94":0,"95":0,"96":0,"101":0,"103":0,"107":0,"108":0,"109":0,"111":0,"113":0,"114":0,"119":0,"120":0,"123":0,"124":0,"125":0,"131":0,"133":0,"134":0,"135":0,"136":0,"139":0,"143":2,"144":0,"145":0,"146":0,"149":0,"164":2,"167":0,"168":0,"169":0,"171":0,"176":0,"177":1,"179":0,"181":0,"182":0,"186":0,"187":0,"188":0,"189":0,"192":0,"193":0,"198":0,"199":0,"202":0,"203":0,"205":0,"206":0,"220":2,"221":1,"225":2,"226":1,"230":1,"233":1,"234":1,"250":1,"254":0,"255":0,"256":0,"257":0,"259":0,"260":0,"261":0,"262":0,"268":1,"272":1,"274":9,"277":0,"278":0,"279":0,"280":0,"281":0,"285":0,"287":0,"288":0,"296":1,"298":0,"299":0,"302":0,"303":0,"306":0,"311":1,"313":16,"320":1,"322":10,"323":10,"325":0,"337":1,"351":1,"357":1,"364":1,"365":0,"375":1,"376":0,"377":0,"378":0,"380":0,"393":1,"394":0,"396":0,"397":0,"400":0,"401":0,"402":0,"405":0,"407":0,"409":0,"412":0,"413":0,"414":0,"416":0,"419":0,"422":0,"427":1,"432":1,"435":0,"436":0,"439":0,"440":0,"441":0,"442":0,"443":0,"444":0,"445":0,"448":0,"453":1,"454":0,"455":0,"457":0,"458":0,"460":0,"462":0,"464":0,"465":0,"466":0,"468":0,"471":1}},"/home/travis/build/npmtest/node-npmtest-reflux/node_modules/reflux/Gruntfile.js":{"path":"/home/travis/build/npmtest/node-npmtest-reflux/node_modules/reflux/Gruntfile.js","s":{"1":2,"2":0,"3":0,"4":0,"5":0,"6":0,"7":0,"8":0},"b":{},"f":{"1":0},"fnMap":{"1":{"name":"(anonymous_1)","line":3,"loc":{"start":{"line":3,"column":17},"end":{"line":3,"column":33}}}},"statementMap":{"1":{"start":{"line":1,"column":0},"end":{"line":1,"column":34}},"2":{"start":{"line":3,"column":0},"end":{"line":98,"column":2}},"3":{"start":{"line":5,"column":2},"end":{"line":5,"column":56}},"4":{"start":{"line":7,"column":2},"end":{"line":88,"column":5}},"5":{"start":{"line":90,"column":2},"end":{"line":90,"column":71}},"6":{"start":{"line":92,"column":2},"end":{"line":92,"column":69}},"7":{"start":{"line":94,"column":2},"end":{"line":94,"column":64}},"8":{"start":{"line":96,"column":2},"end":{"line":96,"column":43}}},"branchMap":{},"code":["require('es6-promise').polyfill();","","module.exports = function(grunt) {","","  var sauceLaunchers = require('./test/sauceLaunchers');","","  grunt.initConfig({","    pkg: grunt.file.readJSON('package.json'),","    jshint: {","      files: ['Gruntfile.js', 'src/**/*.js', 'test/**/*.js'],","      options: {","        jshintrc: true","      }","    },","    mochaTest: {","      test: {","        src: ['test/**/*.spec.js']","      }","    },","    browserify: {","      dist: {","        src: ['src/index.js'],","        dest: 'dist/<%= pkg.name %>.js',","        options: {","\t\t  exclude: ['react'],","          browserifyOptions: {","            standalone: 'Reflux'","          }","        },","      }","    },","    uglify: {","      dist: {","        src: 'dist/reflux.js',","        dest: 'dist/reflux.min.js'","      }","    },","    watch: {","      files: ['<%= jshint.files %>'],","      tasks: ['build']","    },","    karma: {","      local: {","        configFile: 'karma.conf.js',","        options: {","            browsers: ['PhantomJS']","        }","      },","      devsauce: {","        configFile: 'karma.conf.js',","        options: {","          reporters: ['saucelabs', 'dots'],","          sauceLabs: {","            \"public\": \"team\",","            testName: 'RefluxJS Karma Tests (Dev)',","            recordVideo: false,","            recordScreenshot: false,","            tunnelIdentifier: process.env.TRAVIS_JOB_NUMBER,","          },","          customLaunchers: sauceLaunchers,","          browsers: Object.keys(sauceLaunchers),","          captureTimeout: 0","        },","      },","      sauce: {","        configFile: 'karma.conf.js',","        options: {","          reporters: ['saucelabs', 'dots'],","          sauceLabs: {","            \"public\": \"public\",","            testName: 'RefluxJS Karma Tests (Travis)',","            recordVideo: false,","            recordScreenshot: false,","            startConnect: false,","            tunnelIdentifier: process.env.TRAVIS_JOB_NUMBER,","            connectOptions: {","              port: 5757,","              logfile: \"sauce_connect.log\"","            }","          },","          customLaunchers: sauceLaunchers,","          browsers: Object.keys(sauceLaunchers),","          singleRun: true,","          captureTimeout: 0","        },","      }","    }","  });","","  require('matchdep').filterDev('grunt-*').forEach(grunt.loadNpmTasks);","","  grunt.registerTask('test', ['jshint', 'mochaTest', 'karma:local']);","","  grunt.registerTask('build', ['test', 'browserify', 'uglify']);","","  grunt.registerTask('default', ['watch']);","","};",""],"l":{"1":2,"3":0,"5":0,"7":0,"90":0,"92":0,"94":0,"96":0}},"/home/travis/build/npmtest/node-npmtest-reflux/node_modules/reflux/karma.conf.js":{"path":"/home/travis/build/npmtest/node-npmtest-reflux/node_modules/reflux/karma.conf.js","s":{"1":1,"2":0},"b":{},"f":{"1":0},"fnMap":{"1":{"name":"(anonymous_1)","line":1,"loc":{"start":{"line":1,"column":17},"end":{"line":1,"column":34}}}},"statementMap":{"1":{"start":{"line":1,"column":0},"end":{"line":29,"column":2}},"2":{"start":{"line":2,"column":4},"end":{"line":28,"column":7}}},"branchMap":{},"code":["module.exports = function(config) {","    config.set({","        logLevel: 'LOG_DEBUG',","","        reporters: ['spec'],","","        singleRun : true,","        autoWatch : false,","","        frameworks: [","            'mocha',","            'browserify'","        ],","","        files: [","            'test/shims/phantomjs-shims.js',","            'test/*.spec.js'","        ],","","        preprocessors: {","            'test/shims/phantomjs-shims.js': ['browserify'],","            'test/*.spec.js': ['browserify']","        },","","        browserify: {","            debug: true","        }","    });","};",""],"l":{"1":1,"2":0}}}