{"/home/travis/build/npmtest/node-npmtest-reflux/test.js":{"path":"/home/travis/build/npmtest/node-npmtest-reflux/test.js","s":{"1":2,"2":2,"3":2,"4":2,"5":2,"6":2,"7":2,"8":1,"9":2,"10":2,"11":1,"12":1,"13":1,"14":1,"15":2,"16":2,"17":2,"18":2,"19":1,"20":1,"21":2,"22":2,"23":2,"24":1,"25":1,"26":1,"27":1,"28":1,"29":1,"30":1,"31":1,"32":1,"33":1,"34":1,"35":1,"36":1,"37":2,"38":2,"39":1,"40":2,"41":2,"42":1,"43":2,"44":2,"45":1,"46":2,"47":2,"48":1,"49":1,"50":1,"51":1,"52":1},"b":{"1":[2,1,1,1],"2":[1,1,1,1],"3":[1,1],"4":[1,1],"5":[1,1],"6":[1,1],"7":[1,1],"8":[1,1],"9":[1,1,1],"10":[1,1],"11":[1,1],"12":[1,1],"13":[1,1],"14":[1,1],"15":[1,1],"16":[1,1]},"f":{"1":2,"2":2,"3":2,"4":2,"5":2,"6":1,"7":1,"8":2,"9":2,"10":2,"11":2,"12":1},"fnMap":{"1":{"name":"(anonymous_1)","line":12,"loc":{"start":{"line":12,"column":1},"end":{"line":12,"column":13}}},"2":{"name":"(anonymous_2)","line":19,"loc":{"start":{"line":19,"column":5},"end":{"line":19,"column":17}}},"3":{"name":"(anonymous_3)","line":23,"loc":{"start":{"line":23,"column":24},"end":{"line":23,"column":36}}},"4":{"name":"(anonymous_4)","line":61,"loc":{"start":{"line":61,"column":5},"end":{"line":61,"column":17}}},"5":{"name":"(anonymous_5)","line":82,"loc":{"start":{"line":82,"column":5},"end":{"line":82,"column":17}}},"6":{"name":"(anonymous_6)","line":102,"loc":{"start":{"line":102,"column":83},"end":{"line":105,"column":10}},"skip":true},"7":{"name":"(anonymous_7)","line":113,"loc":{"start":{"line":113,"column":77},"end":{"line":116,"column":10}},"skip":true},"8":{"name":"(anonymous_8)","line":129,"loc":{"start":{"line":129,"column":12},"end":{"line":129,"column":40}},"skip":true},"9":{"name":"(anonymous_9)","line":137,"loc":{"start":{"line":137,"column":77},"end":{"line":140,"column":10}},"skip":true},"10":{"name":"(anonymous_10)","line":148,"loc":{"start":{"line":148,"column":83},"end":{"line":151,"column":10}},"skip":true},"11":{"name":"(anonymous_11)","line":159,"loc":{"start":{"line":159,"column":79},"end":{"line":162,"column":10}},"skip":true},"12":{"name":"(anonymous_12)","line":170,"loc":{"start":{"line":170,"column":75},"end":{"line":173,"column":10}},"skip":true}},"statementMap":{"1":{"start":{"line":12,"column":0},"end":{"line":185,"column":5}},"2":{"start":{"line":14,"column":4},"end":{"line":14,"column":14}},"3":{"start":{"line":19,"column":4},"end":{"line":56,"column":9}},"4":{"start":{"line":21,"column":8},"end":{"line":21,"column":19}},"5":{"start":{"line":23,"column":8},"end":{"line":35,"column":13}},"6":{"start":{"line":24,"column":12},"end":{"line":34,"column":13}},"7":{"start":{"line":25,"column":16},"end":{"line":28,"column":30}},"8":{"start":{"line":30,"column":16},"end":{"line":33,"column":27}},"9":{"start":{"line":37,"column":8},"end":{"line":39,"column":21}},"10":{"start":{"line":40,"column":8},"end":{"line":53,"column":9}},"11":{"start":{"line":43,"column":12},"end":{"line":46,"column":14}},"12":{"start":{"line":47,"column":12},"end":{"line":47,"column":18}},"13":{"start":{"line":50,"column":12},"end":{"line":51,"column":46}},"14":{"start":{"line":52,"column":12},"end":{"line":52,"column":18}},"15":{"start":{"line":55,"column":8},"end":{"line":55,"column":35}},"16":{"start":{"line":61,"column":4},"end":{"line":63,"column":9}},"17":{"start":{"line":62,"column":8},"end":{"line":62,"column":15}},"18":{"start":{"line":64,"column":4},"end":{"line":77,"column":5}},"19":{"start":{"line":70,"column":8},"end":{"line":70,"column":14}},"20":{"start":{"line":76,"column":8},"end":{"line":76,"column":14}},"21":{"start":{"line":82,"column":4},"end":{"line":84,"column":9}},"22":{"start":{"line":83,"column":8},"end":{"line":83,"column":15}},"23":{"start":{"line":85,"column":4},"end":{"line":184,"column":5}},"24":{"start":{"line":92,"column":8},"end":{"line":94,"column":63}},"25":{"start":{"line":95,"column":8},"end":{"line":95,"column":14}},"26":{"start":{"line":102,"column":8},"end":{"line":111,"column":10},"skip":true},"27":{"start":{"line":109,"column":12},"end":{"line":109,"column":55},"skip":true},"28":{"start":{"line":110,"column":12},"end":{"line":110,"column":48},"skip":true},"29":{"start":{"line":113,"column":8},"end":{"line":126,"column":10},"skip":true},"30":{"start":{"line":120,"column":12},"end":{"line":120,"column":76},"skip":true},"31":{"start":{"line":121,"column":12},"end":{"line":121,"column":73},"skip":true},"32":{"start":{"line":122,"column":12},"end":{"line":122,"column":74},"skip":true},"33":{"start":{"line":123,"column":12},"end":{"line":123,"column":79},"skip":true},"34":{"start":{"line":124,"column":12},"end":{"line":124,"column":25},"skip":true},"35":{"start":{"line":125,"column":12},"end":{"line":125,"column":45},"skip":true},"36":{"start":{"line":128,"column":8},"end":{"line":135,"column":14},"skip":true},"37":{"start":{"line":133,"column":16},"end":{"line":133,"column":29},"skip":true},"38":{"start":{"line":134,"column":16},"end":{"line":134,"column":55},"skip":true},"39":{"start":{"line":137,"column":8},"end":{"line":146,"column":10},"skip":true},"40":{"start":{"line":144,"column":12},"end":{"line":144,"column":25},"skip":true},"41":{"start":{"line":145,"column":12},"end":{"line":145,"column":45},"skip":true},"42":{"start":{"line":148,"column":8},"end":{"line":157,"column":10},"skip":true},"43":{"start":{"line":155,"column":12},"end":{"line":155,"column":25},"skip":true},"44":{"start":{"line":156,"column":12},"end":{"line":156,"column":48},"skip":true},"45":{"start":{"line":159,"column":8},"end":{"line":168,"column":10},"skip":true},"46":{"start":{"line":166,"column":12},"end":{"line":166,"column":25},"skip":true},"47":{"start":{"line":167,"column":12},"end":{"line":167,"column":46},"skip":true},"48":{"start":{"line":170,"column":8},"end":{"line":179,"column":10},"skip":true},"49":{"start":{"line":177,"column":12},"end":{"line":177,"column":94},"skip":true},"50":{"start":{"line":178,"column":12},"end":{"line":178,"column":48},"skip":true},"51":{"start":{"line":182,"column":8},"end":{"line":182,"column":35},"skip":true},"52":{"start":{"line":183,"column":8},"end":{"line":183,"column":14},"skip":true}},"branchMap":{"1":{"line":25,"type":"binary-expr","locations":[{"start":{"line":25,"column":23},"end":{"line":25,"column":62}},{"start":{"line":26,"column":20},"end":{"line":26,"column":70}},{"start":{"line":27,"column":20},"end":{"line":27,"column":71}},{"start":{"line":28,"column":20},"end":{"line":28,"column":29}}]},"2":{"line":30,"type":"binary-expr","locations":[{"start":{"line":30,"column":23},"end":{"line":30,"column":37}},{"start":{"line":31,"column":20},"end":{"line":31,"column":61}},{"start":{"line":32,"column":20},"end":{"line":32,"column":70}},{"start":{"line":33,"column":20},"end":{"line":33,"column":26}}]},"3":{"line":37,"type":"cond-expr","locations":[{"start":{"line":38,"column":14},"end":{"line":38,"column":20}},{"start":{"line":39,"column":14},"end":{"line":39,"column":20}}]},"4":{"line":40,"type":"switch","locations":[{"start":{"line":42,"column":8},"end":{"line":47,"column":18}},{"start":{"line":49,"column":8},"end":{"line":52,"column":18}}]},"5":{"line":44,"type":"binary-expr","locations":[{"start":{"line":44,"column":16},"end":{"line":44,"column":44}},{"start":{"line":44,"column":48},"end":{"line":44,"column":66}}]},"6":{"line":50,"type":"binary-expr","locations":[{"start":{"line":50,"column":21},"end":{"line":50,"column":49}},{"start":{"line":50,"column":53},"end":{"line":50,"column":72}}]},"7":{"line":64,"type":"switch","locations":[{"start":{"line":69,"column":4},"end":{"line":70,"column":14}},{"start":{"line":75,"column":4},"end":{"line":76,"column":14}}]},"8":{"line":85,"type":"switch","locations":[{"start":{"line":90,"column":4},"end":{"line":95,"column":14}},{"start":{"line":101,"column":4},"end":{"line":183,"column":14},"skip":true}]},"9":{"line":92,"type":"binary-expr","locations":[{"start":{"line":92,"column":18},"end":{"line":92,"column":32}},{"start":{"line":93,"column":12},"end":{"line":93,"column":53}},{"start":{"line":94,"column":12},"end":{"line":94,"column":61}}]},"10":{"line":102,"type":"binary-expr","locations":[{"start":{"line":102,"column":45},"end":{"line":102,"column":79},"skip":true},{"start":{"line":102,"column":83},"end":{"line":111,"column":9},"skip":true}]},"11":{"line":113,"type":"binary-expr","locations":[{"start":{"line":113,"column":42},"end":{"line":113,"column":73},"skip":true},{"start":{"line":113,"column":77},"end":{"line":126,"column":9},"skip":true}]},"12":{"line":128,"type":"binary-expr","locations":[{"start":{"line":128,"column":48},"end":{"line":128,"column":85},"skip":true},{"start":{"line":129,"column":12},"end":{"line":135,"column":13},"skip":true}]},"13":{"line":137,"type":"binary-expr","locations":[{"start":{"line":137,"column":42},"end":{"line":137,"column":73},"skip":true},{"start":{"line":137,"column":77},"end":{"line":146,"column":9},"skip":true}]},"14":{"line":148,"type":"binary-expr","locations":[{"start":{"line":148,"column":45},"end":{"line":148,"column":79},"skip":true},{"start":{"line":148,"column":83},"end":{"line":157,"column":9},"skip":true}]},"15":{"line":159,"type":"binary-expr","locations":[{"start":{"line":159,"column":43},"end":{"line":159,"column":75},"skip":true},{"start":{"line":159,"column":79},"end":{"line":168,"column":9},"skip":true}]},"16":{"line":170,"type":"binary-expr","locations":[{"start":{"line":170,"column":41},"end":{"line":170,"column":71},"skip":true},{"start":{"line":170,"column":75},"end":{"line":179,"column":9},"skip":true}]}},"code":["/* istanbul instrument in package npmtest_reflux */","/*jslint","    bitwise: true,","    browser: true,","    maxerr: 8,","    maxlen: 96,","    node: true,","    nomen: true,","    regexp: true,","    stupid: true","*/","(function () {","    'use strict';","    var local;","","","","    // run shared js-env code - pre-init","    (function () {","        // init local","        local = {};","        // init modeJs","        local.modeJs = (function () {","            try {","                return typeof navigator.userAgent === 'string' &&","                    typeof document.querySelector('body') === 'object' &&","                    typeof XMLHttpRequest.prototype.open === 'function' &&","                    'browser';","            } catch (errorCaughtBrowser) {","                return module.exports &&","                    typeof process.versions.node === 'string' &&","                    typeof require('http').createServer === 'function' &&","                    'node';","            }","        }());","        // init global","        local.global = local.modeJs === 'browser'","            ? window","            : global;","        switch (local.modeJs) {","        // re-init local from window.local","        case 'browser':","            local = local.global.utility2.objectSetDefault(","                local.global.utility2_rollup || local.global.local,","                local.global.utility2","            );","            break;","        // re-init local from example.js","        case 'node':","            local = (local.global.utility2_rollup || require('utility2'))","                .requireExampleJsFromReadme();","            break;","        }","        // export local","        local.global.local = local;","    }());","","","","    // run shared js-env code - function","    (function () {","        return;","    }());","    switch (local.modeJs) {","","","","    // run browser js-env code - function","    case 'browser':","        break;","","","","    // run node js-env code - function","    case 'node':","        break;","    }","","","","    // run shared js-env code - post-init","    (function () {","        return;","    }());","    switch (local.modeJs) {","","","","    // run browser js-env code - post-init","    case 'browser':","        // run tests","        local.nop(local.modeTest &&","            document.querySelector('#testRunButton1') &&","            document.querySelector('#testRunButton1').click());","        break;","","","","    // run node js-env code - post-init","    /* istanbul ignore next */","    case 'node':","        local.testCase_buildApidoc_default = local.testCase_buildApidoc_default || function (","            options,","            onError","        ) {","        /*","         * this function will test buildApidoc's default handling-behavior-behavior","         */","            options = { modulePathList: module.paths };","            local.buildApidoc(options, onError);","        };","","        local.testCase_buildApp_default = local.testCase_buildApp_default || function (","            options,","            onError","        ) {","        /*","         * this function will test buildApp's default handling-behavior-behavior","         */","            local.testCase_buildReadme_default(options, local.onErrorThrow);","            local.testCase_buildLib_default(options, local.onErrorThrow);","            local.testCase_buildTest_default(options, local.onErrorThrow);","            local.testCase_buildCustomOrg_default(options, local.onErrorThrow);","            options = [];","            local.buildApp(options, onError);","        };","","        local.testCase_buildCustomOrg_default = local.testCase_buildCustomOrg_default ||","            function (options, onError) {","            /*","             * this function will test buildCustomOrg's default handling-behavior","             */","                options = {};","                local.buildCustomOrg(options, onError);","            };","","        local.testCase_buildLib_default = local.testCase_buildLib_default || function (","            options,","            onError","        ) {","        /*","         * this function will test buildLib's default handling-behavior","         */","            options = {};","            local.buildLib(options, onError);","        };","","        local.testCase_buildReadme_default = local.testCase_buildReadme_default || function (","            options,","            onError","        ) {","        /*","         * this function will test buildReadme's default handling-behavior-behavior","         */","            options = {};","            local.buildReadme(options, onError);","        };","","        local.testCase_buildTest_default = local.testCase_buildTest_default || function (","            options,","            onError","        ) {","        /*","         * this function will test buildTest's default handling-behavior","         */","            options = {};","            local.buildTest(options, onError);","        };","","        local.testCase_webpage_default = local.testCase_webpage_default || function (","            options,","            onError","        ) {","        /*","         * this function will test webpage's default handling-behavior","         */","            options = { modeCoverageMerge: true, url: local.serverLocalHost + '?modeTest=1' };","            local.browserTest(options, onError);","        };","","        // run test-server","        local.testRunServer(local);","        break;","    }","}());",""],"l":{"12":2,"14":2,"19":2,"21":2,"23":2,"24":2,"25":2,"30":1,"37":2,"40":2,"43":1,"47":1,"50":1,"52":1,"55":2,"61":2,"62":2,"64":2,"70":1,"76":1,"82":2,"83":2,"85":2,"92":1,"95":1,"102":1,"109":1,"110":1,"113":1,"120":1,"121":1,"122":1,"123":1,"124":1,"125":1,"128":1,"133":2,"134":2,"137":1,"144":2,"145":2,"148":1,"155":2,"156":2,"159":1,"166":2,"167":2,"170":1,"177":1,"178":1,"182":1,"183":1}},"/home/travis/build/npmtest/node-npmtest-reflux/lib.npmtest_reflux.js":{"path":"/home/travis/build/npmtest/node-npmtest-reflux/lib.npmtest_reflux.js","s":{"1":2,"2":2,"3":2,"4":2,"5":2,"6":2,"7":2,"8":1,"9":2,"10":2,"11":2,"12":2,"13":1,"14":1,"15":1,"16":1},"b":{"1":[2,1,1,1],"2":[1,1,1,1],"3":[1,1],"4":[2,2],"5":[1,1]},"f":{"1":2,"2":2,"3":2},"fnMap":{"1":{"name":"(anonymous_1)","line":12,"loc":{"start":{"line":12,"column":1},"end":{"line":12,"column":13}}},"2":{"name":"(anonymous_2)","line":19,"loc":{"start":{"line":19,"column":5},"end":{"line":19,"column":17}}},"3":{"name":"(anonymous_3)","line":23,"loc":{"start":{"line":23,"column":24},"end":{"line":23,"column":36}}}},"statementMap":{"1":{"start":{"line":12,"column":0},"end":{"line":53,"column":5}},"2":{"start":{"line":14,"column":4},"end":{"line":14,"column":14}},"3":{"start":{"line":19,"column":4},"end":{"line":52,"column":9}},"4":{"start":{"line":21,"column":8},"end":{"line":21,"column":19}},"5":{"start":{"line":23,"column":8},"end":{"line":35,"column":13}},"6":{"start":{"line":24,"column":12},"end":{"line":34,"column":13}},"7":{"start":{"line":25,"column":16},"end":{"line":28,"column":30}},"8":{"start":{"line":30,"column":16},"end":{"line":33,"column":27}},"9":{"start":{"line":37,"column":8},"end":{"line":39,"column":21}},"10":{"start":{"line":41,"column":8},"end":{"line":41,"column":54}},"11":{"start":{"line":43,"column":8},"end":{"line":43,"column":51}},"12":{"start":{"line":45,"column":8},"end":{"line":51,"column":9}},"13":{"start":{"line":46,"column":12},"end":{"line":46,"column":57}},"14":{"start":{"line":48,"column":12},"end":{"line":48,"column":35}},"15":{"start":{"line":49,"column":12},"end":{"line":49,"column":49}},"16":{"start":{"line":50,"column":12},"end":{"line":50,"column":43}}},"branchMap":{"1":{"line":25,"type":"binary-expr","locations":[{"start":{"line":25,"column":23},"end":{"line":25,"column":62}},{"start":{"line":26,"column":20},"end":{"line":26,"column":70}},{"start":{"line":27,"column":20},"end":{"line":27,"column":71}},{"start":{"line":28,"column":20},"end":{"line":28,"column":29}}]},"2":{"line":30,"type":"binary-expr","locations":[{"start":{"line":30,"column":23},"end":{"line":30,"column":37}},{"start":{"line":31,"column":20},"end":{"line":31,"column":61}},{"start":{"line":32,"column":20},"end":{"line":32,"column":70}},{"start":{"line":33,"column":20},"end":{"line":33,"column":26}}]},"3":{"line":37,"type":"cond-expr","locations":[{"start":{"line":38,"column":14},"end":{"line":38,"column":20}},{"start":{"line":39,"column":14},"end":{"line":39,"column":20}}]},"4":{"line":41,"type":"binary-expr","locations":[{"start":{"line":41,"column":16},"end":{"line":41,"column":44}},{"start":{"line":41,"column":48},"end":{"line":41,"column":53}}]},"5":{"line":45,"type":"if","locations":[{"start":{"line":45,"column":8},"end":{"line":45,"column":8}},{"start":{"line":45,"column":8},"end":{"line":45,"column":8}}]}},"code":["/* istanbul instrument in package npmtest_reflux */","/*jslint","    bitwise: true,","    browser: true,","    maxerr: 8,","    maxlen: 96,","    node: true,","    nomen: true,","    regexp: true,","    stupid: true","*/","(function () {","    'use strict';","    var local;","","","","    // run shared js-env code - pre-init","    (function () {","        // init local","        local = {};","        // init modeJs","        local.modeJs = (function () {","            try {","                return typeof navigator.userAgent === 'string' &&","                    typeof document.querySelector('body') === 'object' &&","                    typeof XMLHttpRequest.prototype.open === 'function' &&","                    'browser';","            } catch (errorCaughtBrowser) {","                return module.exports &&","                    typeof process.versions.node === 'string' &&","                    typeof require('http').createServer === 'function' &&","                    'node';","            }","        }());","        // init global","        local.global = local.modeJs === 'browser'","            ? window","            : global;","        // init utility2_rollup","        local = local.global.utility2_rollup || local;","        // init lib","        local.local = local.npmtest_reflux = local;","        // init exports","        if (local.modeJs === 'browser') {","            local.global.utility2_npmtest_reflux = local;","        } else {","            module.exports = local;","            module.exports.__dirname = __dirname;","            module.exports.module = module;","        }","    }());","}());",""],"l":{"12":2,"14":2,"19":2,"21":2,"23":2,"24":2,"25":2,"30":1,"37":2,"41":2,"43":2,"45":2,"46":1,"48":1,"49":1,"50":1}},"/home/travis/build/npmtest/node-npmtest-reflux/example.js":{"path":"/home/travis/build/npmtest/node-npmtest-reflux/example.js","s":{"1":2,"2":2,"3":2,"4":2,"5":2,"6":2,"7":2,"8":1,"9":2,"10":2,"11":2,"12":2,"13":1,"14":2,"15":2,"16":2,"17":2,"18":2,"19":0,"20":2,"21":1,"22":1,"23":1,"24":1,"25":1,"26":0,"27":0,"28":1,"29":1,"30":2,"31":0,"32":0,"33":0,"34":1,"35":2,"36":2,"37":2,"38":2,"39":2,"40":2,"41":0,"42":2,"43":2,"44":2,"45":1,"46":3,"47":1,"48":1,"49":1,"50":1,"51":1,"52":1,"53":1,"54":1,"55":1,"56":1,"57":0,"58":1,"59":6,"60":6,"61":1,"62":2,"63":0,"64":2,"65":1,"66":1,"67":0,"68":0,"69":0,"70":0,"71":0,"72":0,"73":0,"74":0,"75":0,"76":0,"77":0,"78":0,"79":0,"80":0,"81":0,"82":0,"83":0},"b":{"1":[2,1,1,1],"2":[1,1,1,1],"3":[1,1],"4":[2,2],"5":[1,1],"6":[1,1],"7":[2,0],"8":[2,1,1,1,1,1],"9":[0,2,0],"10":[1,1],"11":[2,1,1],"12":[1,0],"13":[0,2],"14":[2,0,0,0,0,0,0],"15":[0,2],"16":[2,0],"17":[1,1],"18":[0,1],"19":[1,2,0,2],"20":[1,0],"21":[1,1],"22":[0,0],"23":[0,0],"24":[0,0],"25":[0,0],"26":[0,0],"27":[0,0],"28":[0,0]},"f":{"1":2,"2":2,"3":2,"4":2,"5":2,"6":2,"7":2,"8":2,"9":3,"10":1,"11":6,"12":0},"fnMap":{"1":{"name":"(anonymous_1)","line":26,"loc":{"start":{"line":26,"column":1},"end":{"line":26,"column":13}}},"2":{"name":"(anonymous_2)","line":33,"loc":{"start":{"line":33,"column":5},"end":{"line":33,"column":17}}},"3":{"name":"(anonymous_3)","line":37,"loc":{"start":{"line":37,"column":24},"end":{"line":37,"column":36}}},"4":{"name":"(anonymous_4)","line":69,"loc":{"start":{"line":69,"column":31},"end":{"line":69,"column":48}},"skip":true},"5":{"name":"(anonymous_5)","line":78,"loc":{"start":{"line":78,"column":26},"end":{"line":78,"column":45}},"skip":true},"6":{"name":"(anonymous_6)","line":123,"loc":{"start":{"line":123,"column":33},"end":{"line":123,"column":48}},"skip":true},"7":{"name":"(anonymous_7)","line":125,"loc":{"start":{"line":125,"column":27},"end":{"line":125,"column":39}},"skip":true},"8":{"name":"(anonymous_8)","line":133,"loc":{"start":{"line":133,"column":59},"end":{"line":133,"column":74}},"skip":true},"9":{"name":"(anonymous_9)","line":143,"loc":{"start":{"line":143,"column":45},"end":{"line":143,"column":62}},"skip":true},"10":{"name":"(anonymous_10)","line":144,"loc":{"start":{"line":144,"column":73},"end":{"line":144,"column":92}},"skip":true},"11":{"name":"(anonymous_11)","line":272,"loc":{"start":{"line":272,"column":51},"end":{"line":272,"column":77}},"skip":true},"12":{"name":"(anonymous_12)","line":314,"loc":{"start":{"line":314,"column":32},"end":{"line":314,"column":61}},"skip":true}},"statementMap":{"1":{"start":{"line":26,"column":0},"end":{"line":325,"column":5}},"2":{"start":{"line":28,"column":4},"end":{"line":28,"column":14}},"3":{"start":{"line":33,"column":4},"end":{"line":60,"column":9}},"4":{"start":{"line":35,"column":8},"end":{"line":35,"column":19}},"5":{"start":{"line":37,"column":8},"end":{"line":49,"column":13}},"6":{"start":{"line":38,"column":12},"end":{"line":48,"column":13}},"7":{"start":{"line":39,"column":16},"end":{"line":42,"column":30}},"8":{"start":{"line":44,"column":16},"end":{"line":47,"column":27}},"9":{"start":{"line":51,"column":8},"end":{"line":53,"column":21}},"10":{"start":{"line":55,"column":8},"end":{"line":57,"column":45}},"11":{"start":{"line":59,"column":8},"end":{"line":59,"column":35}},"12":{"start":{"line":61,"column":4},"end":{"line":324,"column":5}},"13":{"start":{"line":69,"column":8},"end":{"line":121,"column":10},"skip":true},"14":{"start":{"line":70,"column":12},"end":{"line":88,"column":13},"skip":true},"15":{"start":{"line":76,"column":16},"end":{"line":87,"column":19},"skip":true},"16":{"start":{"line":79,"column":20},"end":{"line":86,"column":21},"skip":true},"17":{"start":{"line":82,"column":24},"end":{"line":82,"column":43},"skip":true},"18":{"start":{"line":83,"column":24},"end":{"line":83,"column":30},"skip":true},"19":{"start":{"line":85,"column":24},"end":{"line":85,"column":49},"skip":true},"20":{"start":{"line":89,"column":12},"end":{"line":107,"column":13},"skip":true},"21":{"start":{"line":92,"column":16},"end":{"line":102,"column":17},"skip":true},"22":{"start":{"line":93,"column":20},"end":{"line":93,"column":86},"skip":true},"23":{"start":{"line":94,"column":20},"end":{"line":95,"column":45},"skip":true},"24":{"start":{"line":96,"column":20},"end":{"line":96,"column":42},"skip":true},"25":{"start":{"line":97,"column":20},"end":{"line":97,"column":48},"skip":true},"26":{"start":{"line":100,"column":20},"end":{"line":100,"column":85},"skip":true},"27":{"start":{"line":101,"column":20},"end":{"line":101,"column":96},"skip":true},"28":{"start":{"line":103,"column":16},"end":{"line":103,"column":22},"skip":true},"29":{"start":{"line":106,"column":16},"end":{"line":106,"column":22},"skip":true},"30":{"start":{"line":108,"column":12},"end":{"line":120,"column":13},"skip":true},"31":{"start":{"line":114,"column":16},"end":{"line":119,"column":17},"skip":true},"32":{"start":{"line":116,"column":20},"end":{"line":116,"column":78},"skip":true},"33":{"start":{"line":118,"column":20},"end":{"line":118,"column":53},"skip":true},"34":{"start":{"line":123,"column":8},"end":{"line":141,"column":11},"skip":true},"35":{"start":{"line":124,"column":12},"end":{"line":124,"column":54},"skip":true},"36":{"start":{"line":125,"column":12},"end":{"line":140,"column":14},"skip":true},"37":{"start":{"line":126,"column":16},"end":{"line":126,"column":28},"skip":true},"38":{"start":{"line":127,"column":16},"end":{"line":127,"column":69},"skip":true},"39":{"start":{"line":128,"column":16},"end":{"line":128,"column":75},"skip":true},"40":{"start":{"line":129,"column":16},"end":{"line":131,"column":17},"skip":true},"41":{"start":{"line":130,"column":20},"end":{"line":130,"column":27},"skip":true},"42":{"start":{"line":133,"column":16},"end":{"line":137,"column":36},"skip":true},"43":{"start":{"line":134,"column":20},"end":{"line":136,"column":55},"skip":true},"44":{"start":{"line":139,"column":16},"end":{"line":139,"column":57},"skip":true},"45":{"start":{"line":143,"column":8},"end":{"line":147,"column":11},"skip":true},"46":{"start":{"line":144,"column":12},"end":{"line":146,"column":15},"skip":true},"47":{"start":{"line":145,"column":16},"end":{"line":145,"column":70},"skip":true},"48":{"start":{"line":149,"column":8},"end":{"line":149,"column":31},"skip":true},"49":{"start":{"line":150,"column":8},"end":{"line":150,"column":14},"skip":true},"50":{"start":{"line":158,"column":8},"end":{"line":158,"column":31},"skip":true},"51":{"start":{"line":160,"column":8},"end":{"line":160,"column":33},"skip":true},"52":{"start":{"line":161,"column":8},"end":{"line":161,"column":37},"skip":true},"53":{"start":{"line":162,"column":8},"end":{"line":162,"column":35},"skip":true},"54":{"start":{"line":164,"column":8},"end":{"line":164,"column":50},"skip":true},"55":{"start":{"line":166,"column":8},"end":{"line":256,"column":2},"skip":true},"56":{"start":{"line":258,"column":8},"end":{"line":286,"column":9},"skip":true},"57":{"start":{"line":259,"column":12},"end":{"line":269,"column":14},"skip":true},"58":{"start":{"line":271,"column":12},"end":{"line":285,"column":19},"skip":true},"59":{"start":{"line":274,"column":20},"end":{"line":274,"column":35},"skip":true},"60":{"start":{"line":275,"column":20},"end":{"line":284,"column":21},"skip":true},"61":{"start":{"line":277,"column":24},"end":{"line":277,"column":64},"skip":true},"62":{"start":{"line":279,"column":24},"end":{"line":279,"column":40},"skip":true},"63":{"start":{"line":281,"column":24},"end":{"line":281,"column":40},"skip":true},"64":{"start":{"line":283,"column":24},"end":{"line":283,"column":39},"skip":true},"65":{"start":{"line":288,"column":8},"end":{"line":290,"column":9},"skip":true},"66":{"start":{"line":289,"column":12},"end":{"line":289,"column":18},"skip":true},"67":{"start":{"line":291,"column":8},"end":{"line":293,"column":54},"skip":true},"68":{"start":{"line":294,"column":8},"end":{"line":301,"column":37},"skip":true},"69":{"start":{"line":302,"column":8},"end":{"line":302,"column":82},"skip":true},"70":{"start":{"line":305,"column":8},"end":{"line":307,"column":9},"skip":true},"71":{"start":{"line":306,"column":12},"end":{"line":306,"column":82},"skip":true},"72":{"start":{"line":309,"column":8},"end":{"line":311,"column":9},"skip":true},"73":{"start":{"line":310,"column":12},"end":{"line":310,"column":18},"skip":true},"74":{"start":{"line":312,"column":8},"end":{"line":312,"column":54},"skip":true},"75":{"start":{"line":313,"column":8},"end":{"line":313,"column":69},"skip":true},"76":{"start":{"line":314,"column":8},"end":{"line":322,"column":36},"skip":true},"77":{"start":{"line":315,"column":12},"end":{"line":315,"column":61},"skip":true},"78":{"start":{"line":316,"column":12},"end":{"line":319,"column":13},"skip":true},"79":{"start":{"line":317,"column":16},"end":{"line":317,"column":75},"skip":true},"80":{"start":{"line":318,"column":16},"end":{"line":318,"column":23},"skip":true},"81":{"start":{"line":320,"column":12},"end":{"line":320,"column":38},"skip":true},"82":{"start":{"line":321,"column":12},"end":{"line":321,"column":27},"skip":true},"83":{"start":{"line":323,"column":8},"end":{"line":323,"column":14},"skip":true}},"branchMap":{"1":{"line":39,"type":"binary-expr","locations":[{"start":{"line":39,"column":23},"end":{"line":39,"column":62}},{"start":{"line":40,"column":20},"end":{"line":40,"column":70}},{"start":{"line":41,"column":20},"end":{"line":41,"column":71}},{"start":{"line":42,"column":20},"end":{"line":42,"column":29}}]},"2":{"line":44,"type":"binary-expr","locations":[{"start":{"line":44,"column":23},"end":{"line":44,"column":37}},{"start":{"line":45,"column":20},"end":{"line":45,"column":61}},{"start":{"line":46,"column":20},"end":{"line":46,"column":70}},{"start":{"line":47,"column":20},"end":{"line":47,"column":26}}]},"3":{"line":51,"type":"cond-expr","locations":[{"start":{"line":52,"column":14},"end":{"line":52,"column":20}},{"start":{"line":53,"column":14},"end":{"line":53,"column":20}}]},"4":{"line":55,"type":"binary-expr","locations":[{"start":{"line":55,"column":16},"end":{"line":55,"column":44}},{"start":{"line":55,"column":49},"end":{"line":57,"column":43}}]},"5":{"line":55,"type":"cond-expr","locations":[{"start":{"line":56,"column":14},"end":{"line":56,"column":50}},{"start":{"line":57,"column":14},"end":{"line":57,"column":43}}]},"6":{"line":61,"type":"switch","locations":[{"start":{"line":68,"column":4},"end":{"line":150,"column":14},"skip":true},{"start":{"line":156,"column":4},"end":{"line":323,"column":14},"skip":true}]},"7":{"line":70,"type":"if","locations":[{"start":{"line":70,"column":12},"end":{"line":70,"column":12},"skip":true},{"start":{"line":70,"column":12},"end":{"line":70,"column":12},"skip":true}]},"8":{"line":70,"type":"binary-expr","locations":[{"start":{"line":70,"column":16},"end":{"line":70,"column":22},"skip":true},{"start":{"line":70,"column":27},"end":{"line":70,"column":32},"skip":true},{"start":{"line":71,"column":20},"end":{"line":71,"column":39},"skip":true},{"start":{"line":72,"column":20},"end":{"line":72,"column":49},"skip":true},{"start":{"line":73,"column":20},"end":{"line":73,"column":58},"skip":true},{"start":{"line":74,"column":20},"end":{"line":74,"column":69},"skip":true}]},"9":{"line":79,"type":"switch","locations":[{"start":{"line":80,"column":20},"end":{"line":80,"column":33},"skip":true},{"start":{"line":81,"column":20},"end":{"line":83,"column":30},"skip":true},{"start":{"line":84,"column":20},"end":{"line":85,"column":49},"skip":true}]},"10":{"line":89,"type":"switch","locations":[{"start":{"line":90,"column":12},"end":{"line":103,"column":22},"skip":true},{"start":{"line":105,"column":12},"end":{"line":106,"column":22},"skip":true}]},"11":{"line":89,"type":"binary-expr","locations":[{"start":{"line":89,"column":20},"end":{"line":89,"column":25},"skip":true},{"start":{"line":89,"column":29},"end":{"line":89,"column":48},"skip":true},{"start":{"line":89,"column":52},"end":{"line":89,"column":74},"skip":true}]},"12":{"line":92,"type":"if","locations":[{"start":{"line":92,"column":16},"end":{"line":92,"column":16},"skip":true},{"start":{"line":92,"column":16},"end":{"line":92,"column":16},"skip":true}]},"13":{"line":108,"type":"if","locations":[{"start":{"line":108,"column":12},"end":{"line":108,"column":12},"skip":true},{"start":{"line":108,"column":12},"end":{"line":108,"column":12},"skip":true}]},"14":{"line":108,"type":"binary-expr","locations":[{"start":{"line":108,"column":16},"end":{"line":108,"column":61},"skip":true},{"start":{"line":108,"column":66},"end":{"line":108,"column":72},"skip":true},{"start":{"line":108,"column":77},"end":{"line":108,"column":82},"skip":true},{"start":{"line":109,"column":20},"end":{"line":109,"column":39},"skip":true},{"start":{"line":110,"column":20},"end":{"line":110,"column":49},"skip":true},{"start":{"line":111,"column":20},"end":{"line":111,"column":58},"skip":true},{"start":{"line":112,"column":20},"end":{"line":112,"column":68},"skip":true}]},"15":{"line":129,"type":"if","locations":[{"start":{"line":129,"column":16},"end":{"line":129,"column":16},"skip":true},{"start":{"line":129,"column":16},"end":{"line":129,"column":16},"skip":true}]},"16":{"line":134,"type":"cond-expr","locations":[{"start":{"line":135,"column":26},"end":{"line":135,"column":29},"skip":true},{"start":{"line":136,"column":26},"end":{"line":136,"column":54},"skip":true}]},"17":{"line":164,"type":"binary-expr","locations":[{"start":{"line":164,"column":27},"end":{"line":164,"column":43},"skip":true},{"start":{"line":164,"column":47},"end":{"line":164,"column":49},"skip":true}]},"18":{"line":258,"type":"if","locations":[{"start":{"line":258,"column":8},"end":{"line":258,"column":8},"skip":true},{"start":{"line":258,"column":8},"end":{"line":258,"column":8},"skip":true}]},"19":{"line":275,"type":"switch","locations":[{"start":{"line":276,"column":20},"end":{"line":277,"column":64},"skip":true},{"start":{"line":278,"column":20},"end":{"line":279,"column":40},"skip":true},{"start":{"line":280,"column":20},"end":{"line":281,"column":40},"skip":true},{"start":{"line":282,"column":20},"end":{"line":283,"column":39},"skip":true}]},"20":{"line":288,"type":"if","locations":[{"start":{"line":288,"column":8},"end":{"line":288,"column":8},"skip":true},{"start":{"line":288,"column":8},"end":{"line":288,"column":8},"skip":true}]},"21":{"line":288,"type":"binary-expr","locations":[{"start":{"line":288,"column":12},"end":{"line":288,"column":40},"skip":true},{"start":{"line":288,"column":44},"end":{"line":288,"column":67},"skip":true}]},"22":{"line":292,"type":"binary-expr","locations":[{"start":{"line":292,"column":12},"end":{"line":292,"column":50},"skip":true},{"start":{"line":293,"column":12},"end":{"line":293,"column":53},"skip":true}]},"23":{"line":295,"type":"binary-expr","locations":[{"start":{"line":295,"column":12},"end":{"line":295,"column":64},"skip":true},{"start":{"line":296,"column":12},"end":{"line":301,"column":36},"skip":true}]},"24":{"line":302,"type":"binary-expr","locations":[{"start":{"line":302,"column":43},"end":{"line":302,"column":75},"skip":true},{"start":{"line":302,"column":79},"end":{"line":302,"column":81},"skip":true}]},"25":{"line":305,"type":"if","locations":[{"start":{"line":305,"column":8},"end":{"line":305,"column":8},"skip":true},{"start":{"line":305,"column":8},"end":{"line":305,"column":8},"skip":true}]},"26":{"line":309,"type":"if","locations":[{"start":{"line":309,"column":8},"end":{"line":309,"column":8},"skip":true},{"start":{"line":309,"column":8},"end":{"line":309,"column":8},"skip":true}]},"27":{"line":312,"type":"binary-expr","locations":[{"start":{"line":312,"column":27},"end":{"line":312,"column":43},"skip":true},{"start":{"line":312,"column":47},"end":{"line":312,"column":53},"skip":true}]},"28":{"line":316,"type":"if","locations":[{"start":{"line":316,"column":12},"end":{"line":316,"column":12},"skip":true},{"start":{"line":316,"column":12},"end":{"line":316,"column":12},"skip":true}]}},"code":["/*","example.js","","quickstart example","","instruction","    1. save this script as example.js","    2. run the shell command:","        $ npm install npmtest-reflux && PORT=8081 node example.js","    3. play with the browser-demo on http://127.0.0.1:8081","*/","","","","/* istanbul instrument in package npmtest_reflux */","/*jslint","    bitwise: true,","    browser: true,","    maxerr: 8,","    maxlen: 96,","    node: true,","    nomen: true,","    regexp: true,","    stupid: true","*/","(function () {","    'use strict';","    var local;","","","","    // run shared js-env code - pre-init","    (function () {","        // init local","        local = {};","        // init modeJs","        local.modeJs = (function () {","            try {","                return typeof navigator.userAgent === 'string' &&","                    typeof document.querySelector('body') === 'object' &&","                    typeof XMLHttpRequest.prototype.open === 'function' &&","                    'browser';","            } catch (errorCaughtBrowser) {","                return module.exports &&","                    typeof process.versions.node === 'string' &&","                    typeof require('http').createServer === 'function' &&","                    'node';","            }","        }());","        // init global","        local.global = local.modeJs === 'browser'","            ? window","            : global;","        // init utility2_rollup","        local = local.global.utility2_rollup || (local.modeJs === 'browser'","            ? local.global.utility2_npmtest_reflux","            : global.utility2_moduleExports);","        // export local","        local.global.local = local;","    }());","    switch (local.modeJs) {","","","","    // post-init","    // run browser js-env code - post-init","    /* istanbul ignore next */","    case 'browser':","        local.testRunBrowser = function (event) {","            if (!event || (event &&","                    event.currentTarget &&","                    event.currentTarget.className &&","                    event.currentTarget.className.includes &&","                    event.currentTarget.className.includes('onreset'))) {","                // reset output","                Array.from(","                    document.querySelectorAll('body > .resettable')","                ).forEach(function (element) {","                    switch (element.tagName) {","                    case 'INPUT':","                    case 'TEXTAREA':","                        element.value = '';","                        break;","                    default:","                        element.textContent = '';","                    }","                });","            }","            switch (event && event.currentTarget && event.currentTarget.id) {","            case 'testRunButton1':","                // show tests","                if (document.querySelector('#testReportDiv1').style.display === 'none') {","                    document.querySelector('#testReportDiv1').style.display = 'block';","                    document.querySelector('#testRunButton1').textContent =","                        'hide internal test';","                    local.modeTest = true;","                    local.testRunDefault(local);","                // hide tests","                } else {","                    document.querySelector('#testReportDiv1').style.display = 'none';","                    document.querySelector('#testRunButton1').textContent = 'run internal test';","                }","                break;","            // custom-case","            default:","                break;","            }","            if (document.querySelector('#inputTextareaEval1') && (!event || (event &&","                    event.currentTarget &&","                    event.currentTarget.className &&","                    event.currentTarget.className.includes &&","                    event.currentTarget.className.includes('oneval')))) {","                // try to eval input-code","                try {","                    /*jslint evil: true*/","                    eval(document.querySelector('#inputTextareaEval1').value);","                } catch (errorCaught) {","                    console.error(errorCaught.stack);","                }","            }","        };","        // log stderr and stdout to #outputTextareaStdout1","        ['error', 'log'].forEach(function (key) {","            console[key + '_original'] = console[key];","            console[key] = function () {","                var element;","                console[key + '_original'].apply(console, arguments);","                element = document.querySelector('#outputTextareaStdout1');","                if (!element) {","                    return;","                }","                // append text to #outputTextareaStdout1","                element.value += Array.from(arguments).map(function (arg) {","                    return typeof arg === 'string'","                        ? arg","                        : JSON.stringify(arg, null, 4);","                }).join(' ') + '\\n';","                // scroll textarea to bottom","                element.scrollTop = element.scrollHeight;","            };","        });","        // init event-handling","        ['change', 'click', 'keyup'].forEach(function (event) {","            Array.from(document.querySelectorAll('.on' + event)).forEach(function (element) {","                element.addEventListener(event, local.testRunBrowser);","            });","        });","        // run tests","        local.testRunBrowser();","        break;","","","","    // run node js-env code - post-init","    /* istanbul ignore next */","    case 'node':","        // export local","        module.exports = local;","        // require modules","        local.fs = require('fs');","        local.http = require('http');","        local.url = require('url');","        // init assets","        local.assetsDict = local.assetsDict || {};","        /* jslint-ignore-begin */","        local.assetsDict['/assets.index.template.html'] = '\\","<!doctype html>\\n\\","<html lang=\"en\">\\n\\","<head>\\n\\","<meta charset=\"UTF-8\">\\n\\","<meta name=\"viewport\" content=\"width=device-width, initial-scale=1\">\\n\\","<title>{{env.npm_package_name}} (v{{env.npm_package_version}})</title>\\n\\","<style>\\n\\","/*csslint\\n\\","    box-sizing: false,\\n\\","    universal-selector: false\\n\\","*/\\n\\","* {\\n\\","    box-sizing: border-box;\\n\\","}\\n\\","body {\\n\\","    background: #dde;\\n\\","    font-family: Arial, Helvetica, sans-serif;\\n\\","    margin: 2rem;\\n\\","}\\n\\","body > * {\\n\\","    margin-bottom: 1rem;\\n\\","}\\n\\",".utility2FooterDiv {\\n\\","    margin-top: 20px;\\n\\","    text-align: center;\\n\\","}\\n\\","</style>\\n\\","<style>\\n\\","/*csslint\\n\\","*/\\n\\","textarea {\\n\\","    font-family: monospace;\\n\\","    height: 10rem;\\n\\","    width: 100%;\\n\\","}\\n\\","textarea[readonly] {\\n\\","    background: #ddd;\\n\\","}\\n\\","</style>\\n\\","</head>\\n\\","<body>\\n\\","<!-- utility2-comment\\n\\","<div id=\"ajaxProgressDiv1\" style=\"background: #d00; height: 2px; left: 0; margin: 0; padding: 0; position: fixed; top: 0; transition: background 0.5s, width 1.5s; width: 25%;\"></div>\\n\\","utility2-comment -->\\n\\","<h1>\\n\\","<!-- utility2-comment\\n\\","    <a\\n\\","        {{#if env.npm_package_homepage}}\\n\\","        href=\"{{env.npm_package_homepage}}\"\\n\\","        {{/if env.npm_package_homepage}}\\n\\","        target=\"_blank\"\\n\\","    >\\n\\","utility2-comment -->\\n\\","        {{env.npm_package_name}} (v{{env.npm_package_version}})\\n\\","<!-- utility2-comment\\n\\","    </a>\\n\\","utility2-comment -->\\n\\","</h1>\\n\\","<h3>{{env.npm_package_description}}</h3>\\n\\","<!-- utility2-comment\\n\\","<h4><a download href=\"assets.app.js\">download standalone app</a></h4>\\n\\","<button class=\"onclick onreset\" id=\"testRunButton1\">run internal test</button><br>\\n\\","<div id=\"testReportDiv1\" style=\"display: none;\"></div>\\n\\","utility2-comment -->\\n\\","\\n\\","\\n\\","\\n\\","<label>stderr and stdout</label>\\n\\","<textarea class=\"resettable\" id=\"outputTextareaStdout1\" readonly></textarea>\\n\\","<!-- utility2-comment\\n\\","{{#if isRollup}}\\n\\","<script src=\"assets.app.js\"></script>\\n\\","{{#unless isRollup}}\\n\\","utility2-comment -->\\n\\","<script src=\"assets.utility2.rollup.js\"></script>\\n\\","<script src=\"jsonp.utility2._stateInit?callback=window.utility2._stateInit\"></script>\\n\\","<script src=\"assets.npmtest_reflux.rollup.js\"></script>\\n\\","<script src=\"assets.example.js\"></script>\\n\\","<script src=\"assets.test.js\"></script>\\n\\","<!-- utility2-comment\\n\\","{{/if isRollup}}\\n\\","utility2-comment -->\\n\\","<div class=\"utility2FooterDiv\">\\n\\","    [ this app was created with\\n\\","    <a href=\"https://github.com/kaizhu256/node-utility2\" target=\"_blank\">utility2</a>\\n\\","    ]\\n\\","</div>\\n\\","</body>\\n\\","</html>\\n\\","';","        /* jslint-ignore-end */","        if (local.templateRender) {","            local.assetsDict['/'] = local.templateRender(","                local.assetsDict['/assets.index.template.html'],","                {","                    env: local.objectSetDefault(local.env, {","                        npm_package_description: 'the greatest app in the world!',","                        npm_package_name: 'my-app',","                        npm_package_nameAlias: 'my_app',","                        npm_package_version: '0.0.1'","                    })","                }","            );","        } else {","            local.assetsDict['/'] = local.assetsDict['/assets.index.template.html']","                .replace((/\\{\\{env\\.(\\w+?)\\}\\}/g), function (match0, match1) {","                    // jslint-hack","                    String(match0);","                    switch (match1) {","                    case 'npm_package_description':","                        return 'the greatest app in the world!';","                    case 'npm_package_name':","                        return 'my-app';","                    case 'npm_package_nameAlias':","                        return 'my_app';","                    case 'npm_package_version':","                        return '0.0.1';","                    }","                });","        }","        // run the cli","        if (local.global.utility2_rollup || module !== require.main) {","            break;","        }","        local.assetsDict['/assets.example.js'] =","            local.assetsDict['/assets.example.js'] ||","            local.fs.readFileSync(__filename, 'utf8');","        local.assetsDict['/assets.npmtest_reflux.rollup.js'] =","            local.assetsDict['/assets.npmtest_reflux.rollup.js'] ||","            local.fs.readFileSync(","                // buildCustomOrg-hack","                local.npmtest_reflux.__dirname +","                    '/lib.npmtest_reflux.js',","                'utf8'","            ).replace((/^#!/), '//');","        local.assetsDict['/favicon.ico'] = local.assetsDict['/favicon.ico'] || '';","        // if $npm_config_timeout_exit exists,","        // then exit this process after $npm_config_timeout_exit ms","        if (Number(process.env.npm_config_timeout_exit)) {","            setTimeout(process.exit, Number(process.env.npm_config_timeout_exit));","        }","        // start server","        if (local.global.utility2_serverHttp1) {","            break;","        }","        process.env.PORT = process.env.PORT || '8081';","        console.error('server starting on port ' + process.env.PORT);","        local.http.createServer(function (request, response) {","            request.urlParsed = local.url.parse(request.url);","            if (local.assetsDict[request.urlParsed.pathname] !== undefined) {","                response.end(local.assetsDict[request.urlParsed.pathname]);","                return;","            }","            response.statusCode = 404;","            response.end();","        }).listen(process.env.PORT);","        break;","    }","}());",""],"l":{"26":2,"28":2,"33":2,"35":2,"37":2,"38":2,"39":2,"44":1,"51":2,"55":2,"59":2,"61":2,"69":1,"70":2,"76":2,"79":2,"82":2,"83":2,"85":1,"89":2,"92":1,"93":1,"94":1,"96":1,"97":1,"100":1,"101":1,"103":1,"106":1,"108":2,"114":1,"116":1,"118":1,"123":1,"124":2,"125":2,"126":2,"127":2,"128":2,"129":2,"130":1,"133":2,"134":2,"139":2,"143":1,"144":3,"145":1,"149":1,"150":1,"158":1,"160":1,"161":1,"162":1,"164":1,"166":1,"258":1,"259":1,"271":1,"274":6,"275":6,"277":1,"279":2,"281":1,"283":2,"288":1,"289":1,"291":1,"294":1,"302":1,"305":1,"306":1,"309":1,"310":1,"312":1,"313":1,"314":1,"315":1,"316":1,"317":1,"318":1,"320":1,"321":1,"323":1}},"/home/travis/build/npmtest/node-npmtest-reflux/reflux/src/index.js":{"path":"/home/travis/build/npmtest/node-npmtest-reflux/reflux/src/index.js","s":{"1":1,"2":1,"3":1,"4":1,"5":1,"6":1,"7":1,"8":1,"9":1},"b":{},"f":{},"fnMap":{},"statementMap":{"1":{"start":{"line":1,"column":0},"end":{"line":1,"column":36}},"2":{"start":{"line":3,"column":0},"end":{"line":3,"column":47}},"3":{"start":{"line":5,"column":0},"end":{"line":5,"column":38}},"4":{"start":{"line":7,"column":0},"end":{"line":7,"column":50}},"5":{"start":{"line":9,"column":0},"end":{"line":9,"column":50}},"6":{"start":{"line":11,"column":0},"end":{"line":11,"column":40}},"7":{"start":{"line":13,"column":0},"end":{"line":13,"column":48}},"8":{"start":{"line":15,"column":0},"end":{"line":15,"column":20}},"9":{"start":{"line":17,"column":0},"end":{"line":17,"column":24}}},"branchMap":{},"code":["var Reflux = require('reflux-core');","","Reflux.serverMode = typeof window !== 'object';","","Reflux.connect = require('./connect');","","Reflux.connectFilter = require('./connectFilter');","","Reflux.ListenerMixin = require('./ListenerMixin');","","Reflux.listenTo = require('./listenTo');","","Reflux.listenToMany = require('./listenToMany');","","require('./addES6');","","module.exports = Reflux;",""],"l":{"1":1,"3":1,"5":1,"7":1,"9":1,"11":1,"13":1,"15":1,"17":1}},"/home/travis/build/npmtest/node-npmtest-reflux/reflux/src/connect.js":{"path":"/home/travis/build/npmtest/node-npmtest-reflux/reflux/src/connect.js","s":{"1":1,"2":1,"3":0,"4":0,"5":0,"6":0,"7":0,"8":0,"9":0,"10":0,"11":0},"b":{"1":[0,0]},"f":{"1":0,"2":0,"3":0,"4":0},"fnMap":{"1":{"name":"(anonymous_1)","line":5,"loc":{"start":{"line":5,"column":17},"end":{"line":5,"column":43}}},"2":{"name":"(anonymous_2)","line":10,"loc":{"start":{"line":10,"column":25},"end":{"line":10,"column":36}}},"3":{"name":"(anonymous_3)","line":17,"loc":{"start":{"line":17,"column":27},"end":{"line":17,"column":38}}},"4":{"name":"(anonymous_4)","line":22,"loc":{"start":{"line":22,"column":38},"end":{"line":22,"column":50}}}},"statementMap":{"1":{"start":{"line":1,"column":0},"end":{"line":3,"column":41}},"2":{"start":{"line":5,"column":0},"end":{"line":28,"column":2}},"3":{"start":{"line":7,"column":4},"end":{"line":7,"column":79}},"4":{"start":{"line":9,"column":4},"end":{"line":27,"column":6}},"5":{"start":{"line":11,"column":12},"end":{"line":13,"column":13}},"6":{"start":{"line":12,"column":16},"end":{"line":12,"column":26}},"7":{"start":{"line":15,"column":12},"end":{"line":15,"column":66}},"8":{"start":{"line":18,"column":12},"end":{"line":18,"column":26}},"9":{"start":{"line":20,"column":12},"end":{"line":20,"column":42}},"10":{"start":{"line":22,"column":12},"end":{"line":24,"column":15}},"11":{"start":{"line":23,"column":16},"end":{"line":23,"column":49}}},"branchMap":{"1":{"line":11,"type":"if","locations":[{"start":{"line":11,"column":12},"end":{"line":11,"column":12}},{"start":{"line":11,"column":12},"end":{"line":11,"column":12}}]}},"code":["var ListenerMethods = require('reflux-core/lib/ListenerMethods'),","    ListenerMixin = require('./ListenerMixin'),","    _ = require('reflux-core/lib/utils');","","module.exports = function(listenable, key) {","","    _.throwIf(typeof(key) === 'undefined', 'Reflux.connect() requires a key.');","","    return {","        getInitialState: function() {","            if (!_.isFunction(listenable.getInitialState)) {","                return {};","            }","","            return _.object([key],[listenable.getInitialState()]);","        },","        componentDidMount: function() {","            var me = this;","","            _.extend(me, ListenerMethods);","","            this.listenTo(listenable, function(v) {","                me.setState(_.object([key],[v]));","            });","        },","        componentWillUnmount: ListenerMixin.componentWillUnmount","    };","};",""],"l":{"1":1,"5":1,"7":0,"9":0,"11":0,"12":0,"15":0,"18":0,"20":0,"22":0,"23":0}},"/home/travis/build/npmtest/node-npmtest-reflux/reflux/src/ListenerMixin.js":{"path":"/home/travis/build/npmtest/node-npmtest-reflux/reflux/src/ListenerMixin.js","s":{"1":1,"2":1},"b":{},"f":{},"fnMap":{},"statementMap":{"1":{"start":{"line":1,"column":0},"end":{"line":2,"column":65}},"2":{"start":{"line":10,"column":0},"end":{"line":17,"column":20}}},"branchMap":{},"code":["var _ = require('reflux-core/lib/utils'),","    ListenerMethods = require('reflux-core/lib/ListenerMethods');","","/**"," * A module meant to be consumed as a mixin by a React component. Supplies the methods from"," * `ListenerMethods` mixin and takes care of teardown of subscriptions."," * Note that if you're using the `connect` mixin you don't need this mixin, as connect will"," * import everything this mixin contains!"," */","module.exports = _.extend({","","    /**","     * Cleans up all listener previously registered.","     */","    componentWillUnmount: ListenerMethods.stopListeningToAll","","}, ListenerMethods);",""],"l":{"1":1,"10":1}},"/home/travis/build/npmtest/node-npmtest-reflux/reflux/src/connectFilter.js":{"path":"/home/travis/build/npmtest/node-npmtest-reflux/reflux/src/connectFilter.js","s":{"1":1,"2":1,"3":0,"4":0,"5":0,"6":0,"7":0,"8":0,"9":0,"10":0,"11":0,"12":0,"13":0,"14":0,"15":0},"b":{"1":[0,0],"2":[0,0]},"f":{"1":0,"2":0,"3":0,"4":0},"fnMap":{"1":{"name":"(anonymous_1)","line":5,"loc":{"start":{"line":5,"column":17},"end":{"line":5,"column":55}}},"2":{"name":"(anonymous_2)","line":10,"loc":{"start":{"line":10,"column":25},"end":{"line":10,"column":36}}},"3":{"name":"(anonymous_3)","line":23,"loc":{"start":{"line":23,"column":27},"end":{"line":23,"column":38}}},"4":{"name":"(anonymous_4)","line":28,"loc":{"start":{"line":28,"column":38},"end":{"line":28,"column":54}}}},"statementMap":{"1":{"start":{"line":1,"column":0},"end":{"line":3,"column":41}},"2":{"start":{"line":5,"column":0},"end":{"line":35,"column":2}},"3":{"start":{"line":7,"column":4},"end":{"line":7,"column":75}},"4":{"start":{"line":9,"column":4},"end":{"line":34,"column":6}},"5":{"start":{"line":11,"column":12},"end":{"line":13,"column":13}},"6":{"start":{"line":12,"column":16},"end":{"line":12,"column":26}},"7":{"start":{"line":16,"column":12},"end":{"line":16,"column":77}},"8":{"start":{"line":17,"column":12},"end":{"line":21,"column":13}},"9":{"start":{"line":18,"column":16},"end":{"line":18,"column":49}},"10":{"start":{"line":20,"column":16},"end":{"line":20,"column":26}},"11":{"start":{"line":24,"column":12},"end":{"line":24,"column":26}},"12":{"start":{"line":26,"column":12},"end":{"line":26,"column":44}},"13":{"start":{"line":28,"column":12},"end":{"line":31,"column":15}},"14":{"start":{"line":29,"column":16},"end":{"line":29,"column":56}},"15":{"start":{"line":30,"column":16},"end":{"line":30,"column":55}}},"branchMap":{"1":{"line":11,"type":"if","locations":[{"start":{"line":11,"column":12},"end":{"line":11,"column":12}},{"start":{"line":11,"column":12},"end":{"line":11,"column":12}}]},"2":{"line":17,"type":"if","locations":[{"start":{"line":17,"column":12},"end":{"line":17,"column":12}},{"start":{"line":17,"column":12},"end":{"line":17,"column":12}}]}},"code":["var ListenerMethods = require('reflux-core/lib/ListenerMethods'),","    ListenerMixin = require('./ListenerMixin'),","    _ = require('reflux-core/lib/utils');","","module.exports = function(listenable, key, filterFunc) {","","    _.throwIf(_.isFunction(key), 'Reflux.connectFilter() requires a key.');","","    return {","        getInitialState: function() {","            if (!_.isFunction(listenable.getInitialState)) {","                return {};","            }","","            // Filter initial payload from store.","            var result = filterFunc.call(this, listenable.getInitialState());","            if (typeof(result) !== 'undefined') {","                return _.object([key], [result]);","            } else {","                return {};","            }","        },","        componentDidMount: function() {","            var me = this;","","            _.extend(this, ListenerMethods);","","            this.listenTo(listenable, function(value) {","                var result = filterFunc.call(me, value);","                me.setState(_.object([key], [result]));","            });","        },","        componentWillUnmount: ListenerMixin.componentWillUnmount","    };","};",""],"l":{"1":1,"5":1,"7":0,"9":0,"11":0,"12":0,"16":0,"17":0,"18":0,"20":0,"24":0,"26":0,"28":0,"29":0,"30":0}},"/home/travis/build/npmtest/node-npmtest-reflux/reflux/src/listenTo.js":{"path":"/home/travis/build/npmtest/node-npmtest-reflux/reflux/src/listenTo.js","s":{"1":1,"2":1,"3":0,"4":0,"5":0,"6":0,"7":0,"8":0,"9":0},"b":{"1":[0,0],"2":[0,0]},"f":{"1":0,"2":0},"fnMap":{"1":{"name":"(anonymous_1)","line":13,"loc":{"start":{"line":13,"column":17},"end":{"line":13,"column":54}}},"2":{"name":"(anonymous_2)","line":19,"loc":{"start":{"line":19,"column":27},"end":{"line":19,"column":38}}}},"statementMap":{"1":{"start":{"line":1,"column":0},"end":{"line":1,"column":65}},"2":{"start":{"line":13,"column":0},"end":{"line":35,"column":2}},"3":{"start":{"line":14,"column":4},"end":{"line":34,"column":6}},"4":{"start":{"line":20,"column":12},"end":{"line":27,"column":13}},"5":{"start":{"line":21,"column":16},"end":{"line":26,"column":17}},"6":{"start":{"line":22,"column":20},"end":{"line":24,"column":21}},"7":{"start":{"line":23,"column":24},"end":{"line":23,"column":94}},"8":{"start":{"line":25,"column":20},"end":{"line":25,"column":49}},"9":{"start":{"line":28,"column":12},"end":{"line":28,"column":55}}},"branchMap":{"1":{"line":21,"type":"if","locations":[{"start":{"line":21,"column":16},"end":{"line":21,"column":16}},{"start":{"line":21,"column":16},"end":{"line":21,"column":16}}]},"2":{"line":22,"type":"if","locations":[{"start":{"line":22,"column":20},"end":{"line":22,"column":20}},{"start":{"line":22,"column":20},"end":{"line":22,"column":20}}]}},"code":["var ListenerMethods = require('reflux-core/lib/ListenerMethods');","","/**"," * A mixin factory for a React component. Meant as a more convenient way of using the `ListenerMixin`,"," * without having to manually set listeners in the `componentDidMount` method."," *"," * @param {Action|Store} listenable An Action or Store that should be"," *  listened to."," * @param {Function|String} callback The callback to register as event handler"," * @param {Function|String} defaultCallback The callback to register as default handler"," * @returns {Object} An object to be used as a mixin, which sets up the listener for the given listenable."," */","module.exports = function(listenable,callback,initial){","    return {","        /**","         * Set up the mixin before the initial rendering occurs. Import methods from `ListenerMethods`","         * and then make the call to `listenTo` with the arguments provided to the factory function","         */","        componentDidMount: function() {","            for(var m in ListenerMethods){","                if (this[m] !== ListenerMethods[m]){","                    if (this[m]){","                        throw \"Can't have other property '\"+m+\"' when using Reflux.listenTo!\";","                    }","                    this[m] = ListenerMethods[m];","                }","            }","            this.listenTo(listenable,callback,initial);","        },","        /**","         * Cleans up all listener previously registered.","         */","        componentWillUnmount: ListenerMethods.stopListeningToAll","    };","};",""],"l":{"1":1,"13":1,"14":0,"20":0,"21":0,"22":0,"23":0,"25":0,"28":0}},"/home/travis/build/npmtest/node-npmtest-reflux/reflux/src/listenToMany.js":{"path":"/home/travis/build/npmtest/node-npmtest-reflux/reflux/src/listenToMany.js","s":{"1":1,"2":1,"3":0,"4":0,"5":0,"6":0,"7":0,"8":0,"9":0},"b":{"1":[0,0],"2":[0,0]},"f":{"1":0,"2":0},"fnMap":{"1":{"name":"(anonymous_1)","line":11,"loc":{"start":{"line":11,"column":17},"end":{"line":11,"column":38}}},"2":{"name":"(anonymous_2)","line":17,"loc":{"start":{"line":17,"column":27},"end":{"line":17,"column":38}}}},"statementMap":{"1":{"start":{"line":1,"column":0},"end":{"line":1,"column":65}},"2":{"start":{"line":11,"column":0},"end":{"line":33,"column":2}},"3":{"start":{"line":12,"column":4},"end":{"line":32,"column":6}},"4":{"start":{"line":18,"column":12},"end":{"line":25,"column":13}},"5":{"start":{"line":19,"column":16},"end":{"line":24,"column":17}},"6":{"start":{"line":20,"column":20},"end":{"line":22,"column":21}},"7":{"start":{"line":21,"column":24},"end":{"line":21,"column":98}},"8":{"start":{"line":23,"column":20},"end":{"line":23,"column":49}},"9":{"start":{"line":26,"column":12},"end":{"line":26,"column":43}}},"branchMap":{"1":{"line":19,"type":"if","locations":[{"start":{"line":19,"column":16},"end":{"line":19,"column":16}},{"start":{"line":19,"column":16},"end":{"line":19,"column":16}}]},"2":{"line":20,"type":"if","locations":[{"start":{"line":20,"column":20},"end":{"line":20,"column":20}},{"start":{"line":20,"column":20},"end":{"line":20,"column":20}}]}},"code":["var ListenerMethods = require('reflux-core/lib/ListenerMethods');","","/**"," * A mixin factory for a React component. Meant as a more convenient way of using the `listenerMixin`,"," * without having to manually set listeners in the `componentDidMount` method. This version is used"," * to automatically set up a `listenToMany` call."," *"," * @param {Object} listenables An object of listenables"," * @returns {Object} An object to be used as a mixin, which sets up the listeners for the given listenables."," */","module.exports = function(listenables){","    return {","        /**","         * Set up the mixin before the initial rendering occurs. Import methods from `ListenerMethods`","         * and then make the call to `listenTo` with the arguments provided to the factory function","         */","        componentDidMount: function() {","            for(var m in ListenerMethods){","                if (this[m] !== ListenerMethods[m]){","                    if (this[m]){","                        throw \"Can't have other property '\"+m+\"' when using Reflux.listenToMany!\";","                    }","                    this[m] = ListenerMethods[m];","                }","            }","            this.listenToMany(listenables);","        },","        /**","         * Cleans up all listener previously registered.","         */","        componentWillUnmount: ListenerMethods.stopListeningToAll","    };","};",""],"l":{"1":1,"11":1,"12":0,"18":0,"19":0,"20":0,"21":0,"23":0,"26":0}},"/home/travis/build/npmtest/node-npmtest-reflux/reflux/src/addES6.js":{"path":"/home/travis/build/npmtest/node-npmtest-reflux/reflux/src/addES6.js","s":{"1":1,"2":1,"3":1,"4":2,"5":0,"6":2,"7":2,"8":2,"9":2,"10":0,"11":1,"12":0,"13":1,"14":1,"15":1},"b":{"1":[0,2],"2":[2,0],"3":[2,2],"4":[2,0],"5":[2,0],"6":[0,1],"7":[1,0]},"f":{"1":2},"fnMap":{"1":{"name":"(anonymous_1)","line":8,"loc":{"start":{"line":8,"column":24},"end":{"line":8,"column":55}}}},"statementMap":{"1":{"start":{"line":4,"column":0},"end":{"line":4,"column":36}},"2":{"start":{"line":5,"column":0},"end":{"line":5,"column":46}},"3":{"start":{"line":8,"column":0},"end":{"line":28,"column":2}},"4":{"start":{"line":9,"column":1},"end":{"line":11,"column":2}},"5":{"start":{"line":10,"column":2},"end":{"line":10,"column":102}},"6":{"start":{"line":12,"column":1},"end":{"line":19,"column":4}},"7":{"start":{"line":20,"column":1},"end":{"line":27,"column":2}},"8":{"start":{"line":21,"column":2},"end":{"line":26,"column":3}},"9":{"start":{"line":22,"column":3},"end":{"line":22,"column":47}},"10":{"start":{"line":25,"column":3},"end":{"line":25,"column":35}},"11":{"start":{"line":31,"column":0},"end":{"line":39,"column":1}},"12":{"start":{"line":32,"column":1},"end":{"line":32,"column":27}},"13":{"start":{"line":35,"column":1},"end":{"line":38,"column":15}},"14":{"start":{"line":36,"column":2},"end":{"line":36,"column":27}},"15":{"start":{"line":37,"column":2},"end":{"line":37,"column":24}}},"branchMap":{"1":{"line":9,"type":"if","locations":[{"start":{"line":9,"column":1},"end":{"line":9,"column":1}},{"start":{"line":9,"column":1},"end":{"line":9,"column":1}}]},"2":{"line":9,"type":"binary-expr","locations":[{"start":{"line":9,"column":5},"end":{"line":9,"column":37}},{"start":{"line":9,"column":41},"end":{"line":9,"column":60}}]},"3":{"line":12,"type":"binary-expr","locations":[{"start":{"line":12,"column":36},"end":{"line":12,"column":46}},{"start":{"line":12,"column":50},"end":{"line":12,"column":70}}]},"4":{"line":20,"type":"if","locations":[{"start":{"line":20,"column":1},"end":{"line":20,"column":1}},{"start":{"line":20,"column":1},"end":{"line":20,"column":1}}]},"5":{"line":21,"type":"if","locations":[{"start":{"line":21,"column":2},"end":{"line":21,"column":2}},{"start":{"line":21,"column":2},"end":{"line":21,"column":2}}]},"6":{"line":31,"type":"if","locations":[{"start":{"line":31,"column":0},"end":{"line":31,"column":0}},{"start":{"line":31,"column":0},"end":{"line":31,"column":0}}]},"7":{"line":31,"type":"binary-expr","locations":[{"start":{"line":31,"column":4},"end":{"line":31,"column":32}},{"start":{"line":31,"column":36},"end":{"line":31,"column":41}}]}},"code":["","/* globals React: false */","","var Reflux = require('reflux-core');","Reflux.defineReact = require('./defineReact');","","// useful utility for ES6 work, mimics the ability to extend","Reflux.utils.inherits = function(subClass, superClass) {","\tif (typeof superClass !== \"function\" && superClass !== null) {","\t\tthrow new TypeError(\"Super expression must either be null or a function, not \" + typeof superClass);","\t}","\tsubClass.prototype = Object.create(superClass && superClass.prototype, {","\t\tconstructor: {","\t\t\tvalue: subClass,","\t\t\tenumerable: false,","\t\t\twritable: true,","\t\t\tconfigurable: true","\t\t}","\t});","\tif (superClass) {","\t\tif (Object.setPrototypeOf) {","\t\t\tObject.setPrototypeOf(subClass, superClass);","\t\t} else {","\t\t\t/* jshint proto: true */","\t\t\tsubClass.__proto__ = superClass;","\t\t}","\t}","};","","// first try to see if there's a global React var and use it","if (typeof React !== 'undefined' && React) {","\tReflux.defineReact(React);","// otherwise we're gonna resort to 'try' stuff in case of other environments","} else {","\ttry {","\t\tvar R = require(\"react\"); // we ignore this in browserify manually (see grunt file), so it's more of a doublecheck for in node","\t\tReflux.defineReact(R);","\t} catch (e) {}","}",""],"l":{"4":1,"5":1,"8":1,"9":2,"10":0,"12":2,"20":2,"21":2,"22":2,"25":0,"31":1,"32":0,"35":1,"36":1,"37":1}},"/home/travis/build/npmtest/node-npmtest-reflux/reflux/src/defineReact.js":{"path":"/home/travis/build/npmtest/node-npmtest-reflux/reflux/src/defineReact.js","s":{"1":1,"2":1,"3":1,"4":2,"5":2,"6":2,"7":2,"8":0,"9":2,"10":0,"11":2,"12":0,"13":2,"14":2,"15":2,"16":2,"17":0,"18":0,"19":0,"20":0,"21":0,"22":0,"23":0,"24":0,"25":0,"26":0,"27":0,"28":0,"29":0,"30":0,"31":0,"32":0,"33":0,"34":0,"35":0,"36":0,"37":0,"38":0,"39":0,"40":0,"41":0,"42":0,"43":0,"44":0,"45":0,"46":0,"47":0,"48":0,"49":0,"50":0,"51":0,"52":0,"53":0,"54":0,"55":2,"56":0,"57":0,"58":0,"59":0,"60":2,"61":0,"62":0,"63":0,"64":0,"65":0,"66":1,"67":0,"68":0,"69":0,"70":0,"71":0,"72":0,"73":0,"74":0,"75":0,"76":0,"77":0,"78":0,"79":0,"80":0,"81":0,"82":2,"83":1,"84":2,"85":1,"86":1,"87":1,"88":1,"89":1,"90":0,"91":0,"92":0,"93":0,"94":0,"95":0,"96":0,"97":0,"98":1,"99":1,"100":0,"101":0,"102":0,"103":0,"104":0,"105":0,"106":0,"107":0,"108":0,"109":1,"110":0,"111":0,"112":0,"113":0,"114":0,"115":1,"116":0,"117":1,"118":0,"119":0,"120":0,"121":1,"122":1,"123":1,"124":1,"125":0,"126":1,"127":0,"128":0,"129":0,"130":0,"131":1,"132":0,"133":0,"134":0,"135":0,"136":0,"137":0,"138":0,"139":0,"140":0,"141":0,"142":0,"143":0,"144":0,"145":0,"146":0,"147":1,"148":1,"149":0,"150":0,"151":0,"152":0,"153":0,"154":0,"155":0,"156":0,"157":0,"158":0,"159":1,"160":0,"161":0,"162":0,"163":0,"164":0,"165":0,"166":0,"167":0,"168":0,"169":0,"170":1},"b":{"1":[2,1,0],"2":[2,1],"3":[0,2],"4":[2,2,2,0],"5":[0,0],"6":[0,0],"7":[0,0],"8":[0,0],"9":[0,0],"10":[0,0],"11":[0,0],"12":[0,0],"13":[0,0],"14":[0,0],"15":[0,0],"16":[0,0],"17":[0,0],"18":[0,0],"19":[0,0],"20":[0,0],"21":[0,0],"22":[0,0],"23":[0,0],"24":[0,0],"25":[0,0],"26":[0,0],"27":[1,1],"28":[1,0],"29":[0,0],"30":[0,0],"31":[0,0],"32":[1,1],"33":[0,0],"34":[0,0],"35":[0,0],"36":[0,0],"37":[0,0],"38":[0,0],"39":[0,0],"40":[0,0],"41":[0,0],"42":[0,0],"43":[0,0],"44":[0,0],"45":[0,0,0,0,0,0],"46":[0,0],"47":[0,0]},"f":{"1":2,"2":0,"3":0,"4":0,"5":0,"6":0,"7":0,"8":1,"9":0,"10":0,"11":0,"12":0,"13":0,"14":0,"15":0,"16":0,"17":0,"18":0,"19":0,"20":0,"21":0,"22":0,"23":0},"fnMap":{"1":{"name":"defineReact","line":13,"loc":{"start":{"line":13,"column":0},"end":{"line":14,"column":0}}},"2":{"name":"(anonymous_2)","line":45,"loc":{"start":{"line":45,"column":23},"end":{"line":45,"column":57}}},"3":{"name":"(anonymous_3)","line":66,"loc":{"start":{"line":66,"column":28},"end":{"line":66,"column":40}}},"4":{"name":"(anonymous_4)","line":80,"loc":{"start":{"line":80,"column":24},"end":{"line":80,"column":37}}},"5":{"name":"(anonymous_5)","line":143,"loc":{"start":{"line":143,"column":30},"end":{"line":143,"column":42}}},"6":{"name":"(anonymous_6)","line":164,"loc":{"start":{"line":164,"column":25},"end":{"line":165,"column":1}}},"7":{"name":"onMapStoreTrigger","line":177,"loc":{"start":{"line":177,"column":2},"end":{"line":177,"column":34}}},"8":{"name":"(anonymous_8)","line":220,"loc":{"start":{"line":220,"column":26},"end":{"line":220,"column":41}}},"9":{"name":"(anonymous_9)","line":250,"loc":{"start":{"line":250,"column":19},"end":{"line":250,"column":30}}},"10":{"name":"(anonymous_10)","line":259,"loc":{"start":{"line":259,"column":4},"end":{"line":259,"column":20}}},"11":{"name":"(anonymous_11)","line":261,"loc":{"start":{"line":261,"column":10},"end":{"line":261,"column":22}}},"12":{"name":"(anonymous_12)","line":262,"loc":{"start":{"line":262,"column":10},"end":{"line":262,"column":23}}},"13":{"name":"(anonymous_13)","line":273,"loc":{"start":{"line":273,"column":7},"end":{"line":273,"column":19}}},"14":{"name":"(anonymous_14)","line":276,"loc":{"start":{"line":276,"column":7},"end":{"line":276,"column":20}}},"15":{"name":"(anonymous_15)","line":279,"loc":{"start":{"line":279,"column":14},"end":{"line":279,"column":28}}},"16":{"name":"(anonymous_16)","line":296,"loc":{"start":{"line":296,"column":18},"end":{"line":296,"column":33}}},"17":{"name":"(anonymous_17)","line":312,"loc":{"start":{"line":312,"column":7},"end":{"line":312,"column":19}}},"18":{"name":"(anonymous_18)","line":321,"loc":{"start":{"line":321,"column":7},"end":{"line":321,"column":19}}},"19":{"name":"(anonymous_19)","line":364,"loc":{"start":{"line":364,"column":25},"end":{"line":364,"column":36}}},"20":{"name":"(anonymous_20)","line":375,"loc":{"start":{"line":375,"column":25},"end":{"line":375,"column":39}}},"21":{"name":"(anonymous_21)","line":393,"loc":{"start":{"line":393,"column":51},"end":{"line":393,"column":65}}},"22":{"name":"filterByStoreKeys","line":432,"loc":{"start":{"line":432,"column":0},"end":{"line":433,"column":0}}},"23":{"name":"clone","line":453,"loc":{"start":{"line":453,"column":0},"end":{"line":453,"column":24}}}},"statementMap":{"1":{"start":{"line":3,"column":0},"end":{"line":3,"column":36}},"2":{"start":{"line":12,"column":0},"end":{"line":12,"column":29}},"3":{"start":{"line":13,"column":0},"end":{"line":428,"column":1}},"4":{"start":{"line":15,"column":1},"end":{"line":15,"column":20}},"5":{"start":{"line":18,"column":1},"end":{"line":23,"column":2}},"6":{"start":{"line":19,"column":2},"end":{"line":19,"column":39}},"7":{"start":{"line":20,"column":2},"end":{"line":20,"column":39}},"8":{"start":{"line":22,"column":2},"end":{"line":22,"column":9}},"9":{"start":{"line":27,"column":1},"end":{"line":29,"column":2}},"10":{"start":{"line":28,"column":2},"end":{"line":28,"column":9}},"11":{"start":{"line":45,"column":1},"end":{"line":47,"column":3}},"12":{"start":{"line":46,"column":2},"end":{"line":46,"column":46}},"13":{"start":{"line":50,"column":1},"end":{"line":50,"column":49}},"14":{"start":{"line":52,"column":1},"end":{"line":52,"column":35}},"15":{"start":{"line":63,"column":1},"end":{"line":63,"column":24}},"16":{"start":{"line":66,"column":1},"end":{"line":140,"column":3}},"17":{"start":{"line":68,"column":2},"end":{"line":74,"column":3}},"18":{"start":{"line":69,"column":3},"end":{"line":73,"column":4}},"19":{"start":{"line":70,"column":4},"end":{"line":70,"column":36}},"20":{"start":{"line":72,"column":4},"end":{"line":72,"column":31}},"21":{"start":{"line":76,"column":2},"end":{"line":128,"column":3}},"22":{"start":{"line":77,"column":3},"end":{"line":77,"column":65}},"23":{"start":{"line":78,"column":3},"end":{"line":78,"column":37}},"24":{"start":{"line":80,"column":3},"end":{"line":85,"column":16}},"25":{"start":{"line":81,"column":4},"end":{"line":81,"column":59}},"26":{"start":{"line":82,"column":4},"end":{"line":84,"column":5}},"27":{"start":{"line":83,"column":5},"end":{"line":83,"column":19}},"28":{"start":{"line":87,"column":3},"end":{"line":127,"column":4}},"29":{"start":{"line":88,"column":4},"end":{"line":88,"column":29}},"30":{"start":{"line":90,"column":4},"end":{"line":117,"column":5}},"31":{"start":{"line":91,"column":5},"end":{"line":91,"column":26}},"32":{"start":{"line":93,"column":5},"end":{"line":98,"column":6}},"33":{"start":{"line":94,"column":6},"end":{"line":94,"column":32}},"34":{"start":{"line":95,"column":6},"end":{"line":97,"column":7}},"35":{"start":{"line":96,"column":7},"end":{"line":96,"column":46}},"36":{"start":{"line":101,"column":5},"end":{"line":101,"column":42}},"37":{"start":{"line":103,"column":5},"end":{"line":103,"column":22}},"38":{"start":{"line":107,"column":5},"end":{"line":115,"column":6}},"39":{"start":{"line":108,"column":6},"end":{"line":110,"column":7}},"40":{"start":{"line":109,"column":7},"end":{"line":109,"column":57}},"41":{"start":{"line":111,"column":6},"end":{"line":111,"column":46}},"42":{"start":{"line":113,"column":12},"end":{"line":115,"column":6}},"43":{"start":{"line":114,"column":6},"end":{"line":114,"column":46}},"44":{"start":{"line":119,"column":4},"end":{"line":121,"column":5}},"45":{"start":{"line":120,"column":5},"end":{"line":120,"column":65}},"46":{"start":{"line":123,"column":4},"end":{"line":123,"column":65}},"47":{"start":{"line":124,"column":4},"end":{"line":126,"column":5}},"48":{"start":{"line":125,"column":5},"end":{"line":125,"column":30}},"49":{"start":{"line":131,"column":2},"end":{"line":131,"column":29}},"50":{"start":{"line":133,"column":2},"end":{"line":133,"column":35}},"51":{"start":{"line":134,"column":2},"end":{"line":138,"column":3}},"52":{"start":{"line":135,"column":3},"end":{"line":137,"column":4}},"53":{"start":{"line":136,"column":4},"end":{"line":136,"column":36}},"54":{"start":{"line":139,"column":2},"end":{"line":139,"column":30}},"55":{"start":{"line":143,"column":1},"end":{"line":150,"column":3}},"56":{"start":{"line":144,"column":2},"end":{"line":148,"column":3}},"57":{"start":{"line":145,"column":3},"end":{"line":147,"column":4}},"58":{"start":{"line":146,"column":4},"end":{"line":146,"column":36}},"59":{"start":{"line":149,"column":2},"end":{"line":149,"column":30}},"60":{"start":{"line":164,"column":1},"end":{"line":208,"column":3}},"61":{"start":{"line":167,"column":2},"end":{"line":173,"column":3}},"62":{"start":{"line":168,"column":3},"end":{"line":172,"column":4}},"63":{"start":{"line":169,"column":4},"end":{"line":169,"column":28}},"64":{"start":{"line":171,"column":4},"end":{"line":171,"column":36}},"65":{"start":{"line":176,"column":2},"end":{"line":176,"column":18}},"66":{"start":{"line":177,"column":2},"end":{"line":195,"column":3}},"67":{"start":{"line":179,"column":3},"end":{"line":179,"column":43}},"68":{"start":{"line":181,"column":3},"end":{"line":183,"column":4}},"69":{"start":{"line":182,"column":4},"end":{"line":182,"column":11}},"70":{"start":{"line":186,"column":3},"end":{"line":186,"column":24}},"71":{"start":{"line":187,"column":3},"end":{"line":190,"column":4}},"72":{"start":{"line":188,"column":4},"end":{"line":188,"column":20}},"73":{"start":{"line":189,"column":4},"end":{"line":189,"column":10}},"74":{"start":{"line":192,"column":3},"end":{"line":194,"column":4}},"75":{"start":{"line":193,"column":4},"end":{"line":193,"column":26}},"76":{"start":{"line":198,"column":2},"end":{"line":198,"column":64}},"77":{"start":{"line":199,"column":2},"end":{"line":199,"column":67}},"78":{"start":{"line":202,"column":2},"end":{"line":207,"column":3}},"79":{"start":{"line":203,"column":3},"end":{"line":203,"column":34}},"80":{"start":{"line":205,"column":3},"end":{"line":205,"column":53}},"81":{"start":{"line":206,"column":3},"end":{"line":206,"column":74}},"82":{"start":{"line":220,"column":1},"end":{"line":222,"column":3}},"83":{"start":{"line":221,"column":2},"end":{"line":221,"column":39}},"84":{"start":{"line":225,"column":1},"end":{"line":227,"column":2}},"85":{"start":{"line":226,"column":2},"end":{"line":226,"column":25}},"86":{"start":{"line":230,"column":1},"end":{"line":230,"column":36}},"87":{"start":{"line":233,"column":1},"end":{"line":235,"column":2}},"88":{"start":{"line":234,"column":2},"end":{"line":234,"column":70}},"89":{"start":{"line":250,"column":1},"end":{"line":266,"column":3}},"90":{"start":{"line":254,"column":2},"end":{"line":254,"column":40}},"91":{"start":{"line":255,"column":2},"end":{"line":255,"column":18}},"92":{"start":{"line":256,"column":2},"end":{"line":256,"column":18}},"93":{"start":{"line":257,"column":2},"end":{"line":265,"column":3}},"94":{"start":{"line":259,"column":3},"end":{"line":264,"column":11}},"95":{"start":{"line":260,"column":4},"end":{"line":263,"column":7}},"96":{"start":{"line":261,"column":24},"end":{"line":261,"column":52}},"97":{"start":{"line":262,"column":25},"end":{"line":262,"column":50}},"98":{"start":{"line":268,"column":1},"end":{"line":268,"column":31}},"99":{"start":{"line":272,"column":1},"end":{"line":292,"column":4}},"100":{"start":{"line":274,"column":3},"end":{"line":274,"column":31}},"101":{"start":{"line":277,"column":3},"end":{"line":277,"column":21}},"102":{"start":{"line":278,"column":3},"end":{"line":286,"column":4}},"103":{"start":{"line":279,"column":4},"end":{"line":283,"column":7}},"104":{"start":{"line":280,"column":5},"end":{"line":282,"column":6}},"105":{"start":{"line":281,"column":6},"end":{"line":281,"column":31}},"106":{"start":{"line":285,"column":4},"end":{"line":285,"column":17}},"107":{"start":{"line":287,"column":3},"end":{"line":287,"column":35}},"108":{"start":{"line":288,"column":3},"end":{"line":288,"column":31}},"109":{"start":{"line":296,"column":1},"end":{"line":307,
[...]
","\t","\tproto = RefluxComponent.prototype;","\t","\t/**","\t * this.storeKeys","\t * When this is a falsey value (null by default) the component mixes in","\t * all properties from the stores attached to it and updates on changes","\t * from all of them. When set to an array of string keys it will only","\t * utilized state property names of those keys in any store attached. This","\t * lets you choose which parts of stores update the component on a component-","\t * by-component basis. If using this it is best set in the constructor.","\t */","\tproto.storeKeys = null;","\t","\t// on the mounting of the component that is where the store/stores are attached and initialized if needed","\tproto.componentWillMount = function () {","\t\t// if there is a this.store then simply push it onto the this.stores array or make one if needed","\t\tif (this.store) {","\t\t\tif (Array.isArray(this.stores)) {","\t\t\t\tthis.stores.unshift(this.store);","\t\t\t} else {","\t\t\t\tthis.stores = [this.store];","\t\t\t}","\t\t}","\t\t","\t\tif (this.stores) {","\t\t\tthis.__storeunsubscribes__ = this.__storeunsubscribes__ || [];","\t\t\tvar sS = this.setState.bind(this);","\t\t\t// this handles the triggering of a store, checking what's updated if proto.storeKeys is utilized","\t\t\tvar onStoreTrigger = function(obj){","\t\t\t\tvar updateObj = filterByStoreKeys(this.storeKeys, obj);","\t\t\t\tif (updateObj) {","\t\t\t\t\tsS(updateObj);","\t\t\t\t}","\t\t\t}.bind(this);","\t\t\t// for each store in this.stores...","\t\t\tfor (var i = 0, ii = this.stores.length; i < ii; i++) {","\t\t\t\tvar str = this.stores[i];","\t\t\t\t// if's a function then we know it's a class getting passed, not an instance","\t\t\t\tif (typeof str === 'function') {","\t\t\t\t\tvar storeId = str.id;","\t\t\t\t\t// if there is NOT a .singleton property on the store then this store has not been initialized yet, so do so","\t\t\t\t\tif (!str.singleton) {","\t\t\t\t\t\tstr.singleton = new str();","\t\t\t\t\t\tif (storeId) {","\t\t\t\t\t\t\tReflux.stores[storeId] = str.singleton;","\t\t\t\t\t\t}","\t\t\t\t\t}","\t\t\t\t\t// before we weren't sure if we were working with an instance or class, so now we know an instance is created set it","\t\t\t\t\t// to the variables we were using so that we can just continue on knowing it's the instance we're working with","\t\t\t\t\tthis.stores[i] = str = str.singleton;","\t\t\t\t\t// the instance should have an .id property as well if the class does, so set that here","\t\t\t\t\tstr.id = storeId;","\t\t\t\t\t// if there is an id and there is a global state property for this store then merge","\t\t\t\t\t// the properties from that global state into the default state of the store AND then","\t\t\t\t\t// set the global state to that new state (since it may have previously been partial)","\t\t\t\t\tif (storeId && Reflux.GlobalState[storeId]) {","\t\t\t\t\t\tfor (var key in Reflux.GlobalState[storeId]) {","\t\t\t\t\t\t\tstr.state[key] = Reflux.GlobalState[storeId][key];","\t\t\t\t\t\t}","\t\t\t\t\t\tReflux.GlobalState[storeId] = str.state;","\t\t\t\t\t// otherwise (if it has an id) set the global state to the default state of the store","\t\t\t\t\t} else if (storeId) {","\t\t\t\t\t\tReflux.GlobalState[storeId] = str.state;","\t\t\t\t\t}","\t\t\t\t\t// if no id, then no messing with global state","\t\t\t\t}","\t\t\t\t// listen/subscribe for the \".trigger()\" in the store, and track the unsubscribes so that we can unsubscribe on unmount","\t\t\t\tif (!Reflux.serverMode) {","\t\t\t\t\tthis.__storeunsubscribes__.push(str.listen(onStoreTrigger));","\t\t\t\t}","\t\t\t\t// run set state so that it mixes in the props from the store with the component","\t\t\t\tvar updateObj = filterByStoreKeys(this.storeKeys, str.state);","\t\t\t\tif (updateObj) {","\t\t\t\t\tthis.setState(updateObj);","\t\t\t\t}","\t\t\t}","\t\t}","\t\t","\t\t// mapStoreToState needs to know if is ready to map or must wait","\t\tthis.__readytomap__ = true;","\t\t// if there are mappings that were delayed, do them now","\t\tvar dmaps = this.__delayedmaps__;","\t\tif (dmaps) {","\t\t\tfor (var j=0,jj=dmaps.length; j<jj; j++) {","\t\t\t\tdmaps[j].func( dmaps[j].state );","\t\t\t}","\t\t}","\t\tthis.__delayedmaps__ = null;","\t};","\t","\t// on the unmount phase of the component unsubscribe that which we subscribed earlier to keep our garbage trail clean","\tproto.componentWillUnmount = function () {","\t\tif (this.__storeunsubscribes__) {","\t\t\tfor (var i = 0, ii = this.__storeunsubscribes__.length; i < ii; i++) {","\t\t\t\tthis.__storeunsubscribes__[i]();","\t\t\t}","\t\t}","\t\tthis.__readytomap__ = false;","\t};","\t","\t/**","\t * this.mapStoreToState","\t * This function allow you to supply map the state of a store to the","\t * state of this component manually via your own logic. This method","\t * is completely separate from this.store/this.stores and/or this.storeKeys.","\t * Call this function with an ES6 store (class or singleton instance) as the","\t * first argument and your filter function as the second. Your filter function","\t * will receive an object of the parts of the ES6 store being updated every","\t * time its setState is called. Your filter function then returns an object","\t * which will be merged with the component state (IF it has any properties at all,","\t * should you return a blank object the component will not rerender).","\t */","\tproto.mapStoreToState = function(store, filterFunc)","\t{","\t\t// make sure we have a proper singleton instance to work with","\t\tif (typeof store === 'function') {","\t\t\tif (store.singleton) {","\t\t\t\tstore = store.singleton;","\t\t\t} else {","\t\t\t\tstore = Reflux.initStore(store);","\t\t\t}","\t\t}","\t\t","\t\t// we need a closure so that the called function can remember the proper filter function to use, so function gets defined here","\t\tvar self = this;","\t\tfunction onMapStoreTrigger(obj) {","\t\t\t// get an object ","\t\t\tvar update = filterFunc.call(self, obj);","\t\t\t// if no object returned from filter functions do nothing","\t\t\tif (!update) {","\t\t\t\treturn;","\t\t\t}","\t\t\t// check if the update actually has any mapped props","\t\t\t/*jshint unused: false */","\t\t\tvar hasProps = false;","\t\t\tfor (var check in update) {","\t\t\t\thasProps = true;","\t\t\t\tbreak;","\t\t\t}","\t\t\t// if there were props mapped, then update via setState","\t\t\tif (hasProps) {","\t\t\t\tself.setState(update);","\t\t\t}","\t\t}","\t\t","\t\t// add the listener to know when the store is triggered","\t\tthis.__storeunsubscribes__ = this.__storeunsubscribes__ || [];","\t\tthis.__storeunsubscribes__.push(store.listen(onMapStoreTrigger));","\t\t","\t\t// now actually run onMapStoreTrigger with the full store state so that we immediately have all store state mapped to component state","\t\tif (this.__readytomap__) {","\t\t\tonMapStoreTrigger(store.state);","\t\t} else {","\t\t\tthis.__delayedmaps__ = this.__delayedmaps__ || [];","\t\t\tthis.__delayedmaps__.push({func:onMapStoreTrigger, state:store.state});","\t\t}","\t};","\t","\t/**","\t * Reflux.Component.extend(OtherClass)","\t * This allows you to get classes that extend off of another React.Component","\t * inheriting class. For example if you're using a third party that uses","\t * components that allow `class MyComponent extends LibComponent` (where LibComponent","\t * itself extends React.Component) and you want to use that component with ES6 then","\t * you can make a class `var MyDualComponent = Reflux.Component.extend(LibComponent);`","\t * then you can use `class MyComponent extends MyDualComponent` to get the benefits","\t * of both libraries.","\t */","\tRefluxComponent.extend = function(clss) {","\t\treturn defineReact(null, null, clss);","\t};","\t","\t// if is being manually called with an `extend` argument present then just return the created class","\tif (extend) {","\t\treturn RefluxComponent;","\t}","\t","\t// otherwise set as Reflux.Component and continue with other normal definitions","\tReflux.Component = RefluxComponent;","\t","\t// also set Reflux.PureComponent (if it exists) using the .extend feature","\tif (_react.PureComponent) {","\t\tReflux.PureComponent = RefluxComponent.extend(_react.PureComponent);","\t}","\t","\t// ------------ END Reflux.Component ------------","\t","\t// --------- BEGIN Reflux.Store ------------","\t/**","\t * Reflux.Store:","\t * Also implements optional Reflux.Store class that is idiomatic with","\t * the React ES6 style. You extend Reflux.Store and then the rest works","\t * the same as createStore, except the constructor instead of init, and","\t * it holds state in a state property, and a .setState method is available","\t * which automatically updates state and does a trigger. Then when using","\t * with this.store or this.stores in an ES6 component just plass the class,","\t * it will deal with a singleton instantiation of the class automatically.","\t */","\tvar RefluxStore = function() {","\t\t// extending doesn't really work well here, so instead we create an internal instance","\t\t// and just loop through its properties/methods and make a getter/setter for each","\t\t// that will actually be getting and setting on that internal instance.","\t\tthis.__store__ = Reflux.createStore();","\t\tthis.state = {};","\t\tvar self = this;","\t\tfor (var key in this.__store__) {","\t\t\t/*jshint loopfunc: true */","\t\t\t(function (prop) {","\t\t\t\tObject.defineProperty(self, prop, {","\t\t\t\t\tget: function () { return self.__store__[prop]; },","\t\t\t\t\tset: function (v) { self.__store__[prop] = v; }","\t\t\t\t});","\t\t\t})(key);","\t\t}","\t};","\t","\tproto = RefluxStore.prototype;","\t","\t// this defines the listenables property, mostly intended to be set as `this.listenables` in the constructor of the store","\t// it is essentially a shortcut to the `listenToMany` method","\tObject.defineProperty(proto, \"listenables\", {","\t\tget: function () {","\t\t\treturn this.__listenables__;","\t\t},","\t\tset: function (v) {","\t\t\tvar Combined = {};","\t\t\tif (Array.isArray(v)){","\t\t\t\tv.forEach(function(obj) {","\t\t\t\t\tfor (var key in obj) {","\t\t\t\t\t\tCombined[key] = obj[key];","\t\t\t\t\t}","\t\t\t\t});","\t\t\t} else {","\t\t\t\tCombined = v;","\t\t\t}","\t\t\tthis.__listenables__ = Combined;","\t\t\tthis.listenToMany(Combined);","\t\t},","\t\tenumerable: true,","\t\tconfigurable: true","\t});","\t","\t// allows simple usage of `this.setState(obj)` within the store to both update the state and trigger the store to update","\t// components that it is attached to in a simple way that is idiomatic with React","\tproto.setState = function (obj) {","\t\t// Object.assign(this.state, obj); // later turn this to Object.assign and remove loop once support is good enough","\t\tfor (var key in obj) {","\t\t\tthis.state[key] = obj[key];","\t\t}","\t\t// if there's an id (i.e. it's being tracked by the global state) then make sure to update the global state","\t\tif (this.id) {","\t\t\tReflux.GlobalState[this.id] = this.state;","\t\t}","\t\t// trigger, because any component it's attached to is listening and will merge the store state into its own on a store trigger","\t\tthis.trigger(obj);","\t};","\t","\t// this is a static property so that other code can identify that this is a Reflux.Store class","\t// has issues specifically when using babel to transpile your ES6 stores for IE10 and below, not documented and shouldn't use yet","\tObject.defineProperty(RefluxStore, \"isES6Store\", {","\t\tget: function () {","\t\t\treturn true;","\t\t},","\t\tenumerable: true,","\t\tconfigurable: true","\t});","\t","\t// allows a shortcut for accessing MyStore.singleton.state as MyStore.state (since common usage makes a singleton)","\tObject.defineProperty(RefluxStore, \"state\", {","\t\tget: function () {","\t\t\tif (!this.singleton) {","\t\t\t\tthrow new Error('Reflux.Store.state is inaccessible before the store has been initialized.');","\t\t\t}","\t\t\treturn this.singleton.state;","\t\t},","\t\tenumerable: true,","\t\tconfigurable: true","\t});","\t","\t/* NOTE:","\tIf a Reflux.Store definition is given a static id property and used","\tproperly within a Reflux.Component or with Reflux.initStore then","\tit will be added to the Reflux.GlobalState object which automatically tracks the","\tcurrent state of all such defined stores in the program. */","\t","\tReflux.Store = RefluxStore;","\t// ----------- END Reflux.Store -------------","\t","\t// --------- BEGIN Reflux Static Props/Methods ------------","\t/**","\t * Reflux.GlobalState is where data is stored for any Reflux.Store that has a static id property. Each store's","\t * state will be on the Reflux.GlobalState object with the id as the key. So a store with the id \"MyStore\" and","\t * a state {\"color\":\"red\"} will end up with a Reflux.GlobalState of {\"MyStore\":{\"color\":\"red\"}}","\t * Reflux.GlobalState is an accessible part of the API. However, keep in mind that non-primitive properties you","\t * read off of it will continue to mutate and you can only manually mutate Reflux.GlobalState BEFORE any component","\t * mounting of components with ES6 stores. For more functionality look to Reflux.setGlobalState to change the global","\t * state at any point, and Reflux.getGlobalState to return a deep clone of the Reflux.GlobalState object which will","\t * not continue to mutate as Reflux.GlobalState continues to mutate.","\t */","\tReflux.GlobalState = Reflux.GlobalState || {};","\t","\t/**","\t * Reflux.stores","\t * All initialized stores that have an id will have a reference to their singleton stored here with the key being the id.","\t */","\tReflux.stores = {};","\t","\t/**","\t * Reflux.getGlobalState takes no arguments, and returns a deep clone of Reflux.GlobalState ","\t * which will not continue to mutate as Reflux.GlobalState does. It can essentially store","\t * snapshots of the global state as the program goes for saving or for in-app time travel.","\t */","\tReflux.getGlobalState = function() {","\t\treturn clone(Reflux.GlobalState);","\t};","\t","\t/**","\t * Reflux.setGlobalState takes one argument that is a representation of the a possible","\t * global state. It updates all stores in the program to represent data in that given state.","\t * This includes triggering those stores so that that state is represented in any Reflux.Component","\t * instances they are attached to. Partial states may be given to it, and only the represented","\t * stores/state values will be updated.","\t */","\tReflux.setGlobalState = function(obj) {","\t\tfor (var storeID in obj) {","\t\t\tif (Reflux.stores[storeID]) {","\t\t\t\tReflux.stores[storeID].setState(obj[storeID]);","\t\t\t} else {","\t\t\t\tReflux.GlobalState[storeID] = obj[storeID];","\t\t\t}","\t\t}","\t};","\t","\t/**","\t * Reflux.initStore takes one argument (a class that extends Reflux.Store) and returns a singleton","\t * intance of that class. Its main functionality is to be able to mimic what happens to stores attached to","\t * this.store or this.stores during the mounting phase of a component without having to actually attach the","\t * store to a component in order to work properly with the global state.","\t */","\t// Reflux.initializeGlobalStore is kept for backwards compatibility, but deprecated since the function is","\t// now for more broad instantiation of globally stored AND non-globally stored classes","\tReflux.initializeGlobalStore = Reflux.initStore = function(str) {","\t\tvar storeId = str.id;","\t\t// if they're initializing something twice then we're done already, return it","\t\tif (str.singleton) {","\t\t\treturn str.singleton;","\t\t}","\t\t// if no id then it's easy: just make new instance and set to singleton","\t\tif (!storeId) {","\t\t\tstr.singleton = new str();","\t\t\treturn str.singleton;","\t\t}","\t\t// create the singleton and assign it to the class's singleton static property","\t\tvar inst = str.singleton = new str();","\t\t// store it on the Reflux.stores array to be accessible later","\t\tReflux.stores[storeId] = inst;","\t\t// the singleton instance itself should also have the id property of the class","\t\tinst.id = storeId;","\t\t// if the global state has something set for this id, copy it to the state and then","\t\t// make sure to set the global state to the end result, since it may have only been partial","\t\tif (Reflux.GlobalState[storeId]) {","\t\t\tfor (var key in Reflux.GlobalState[storeId]) {","\t\t\t\tinst.state[key] = Reflux.GlobalState[storeId][key];","\t\t\t}","\t\t\tReflux.GlobalState[storeId] = inst.state;","\t\t// otherwise just set the global state to the default state of the class","\t\t} else {","\t\t\tReflux.GlobalState[storeId] = inst.state;","\t\t}","\t\t// returns the singleton itself, though it will also be accessible as as `MyClass.singleton`","\t\treturn inst;","\t};","\t// --------- END Reflux Static Props/Methods ------------","\t","\t// so it knows not to redefine Reflux static stuff and stores if called again","\t_defined = true;","}","","// filters a state object by storeKeys array (if it exists)","// if filtering and obj contains no properties to use, returns false to let the component know not to update","function filterByStoreKeys(storeKeys, obj)","{","\t// if there are not storeKeys defined then simply return the whole original object","\tif (!storeKeys) {","\t\treturn obj;","\t}","\t// otherwise go through and only update properties that are in the storeKeys array, and return straight false if there are none","\tvar doUpdate = false;","\tvar updateObj = {};","\tfor (var i = 0, ii = storeKeys.length; i < ii; i++) {","\t\tvar prop = storeKeys[i];","\t\tif (obj.hasOwnProperty(prop)) {","\t\t\tdoUpdate = true;","\t\t\tupdateObj[prop] = obj[prop];","\t\t}","\t}","\treturn doUpdate ? updateObj : false;","}","","// this is utilized by some of the global state functionality in order to get a clone that will","// not continue to be modified as the GlobalState mutates","function clone(frm, to) {","\tif (frm === null || typeof frm !== \"object\") {","\t\treturn frm;","\t}","\tif (frm.constructor !== Object && frm.constructor !== Array) {","\t\treturn frm;","\t}","\tif (frm.constructor === Date || frm.constructor === RegExp || frm.constructor === Function ||","\t\tfrm.constructor === String || frm.constructor === Number || frm.constructor === Boolean) {","\t\treturn new frm.constructor(frm);","\t}","\tto = to || new frm.constructor();","\tfor (var name in frm) {","\t\tto[name] = typeof to[name] === \"undefined\" ? clone(frm[name], null) : to[name];","\t}","\treturn to;","}","","module.exports = defineReact;","",""],"l":{"3":1,"12":1,"13":1,"15":2,"18":2,"19":2,"20":2,"22":0,"27":2,"28":0,"45":2,"46":0,"50":2,"52":2,"63":2,"66":2,"68":0,"69":0,"70":0,"72":0,"76":0,"77":0,"78":0,"80":0,"81":0,"82":0,"83":0,"87":0,"88":0,"90":0,"91":0,"93":0,"94":0,"95":0,"96":0,"101":0,"103":0,"107":0,"108":0,"109":0,"111":0,"113":0,"114":0,"119":0,"120":0,"123":0,"124":0,"125":0,"131":0,"133":0,"134":0,"135":0,"136":0,"139":0,"143":2,"144":0,"145":0,"146":0,"149":0,"164":2,"167":0,"168":0,"169":0,"171":0,"176":0,"177":1,"179":0,"181":0,"182":0,"186":0,"187":0,"188":0,"189":0,"192":0,"193":0,"198":0,"199":0,"202":0,"203":0,"205":0,"206":0,"220":2,"221":1,"225":2,"226":1,"230":1,"233":1,"234":1,"250":1,"254":0,"255":0,"256":0,"257":0,"259":0,"260":0,"261":0,"262":0,"268":1,"272":1,"274":0,"277":0,"278":0,"279":0,"280":0,"281":0,"285":0,"287":0,"288":0,"296":1,"298":0,"299":0,"302":0,"303":0,"306":0,"311":1,"313":0,"320":1,"322":0,"323":0,"325":0,"337":1,"351":1,"357":1,"364":1,"365":0,"375":1,"376":0,"377":0,"378":0,"380":0,"393":1,"394":0,"396":0,"397":0,"400":0,"401":0,"402":0,"405":0,"407":0,"409":0,"412":0,"413":0,"414":0,"416":0,"419":0,"422":0,"427":1,"432":1,"435":0,"436":0,"439":0,"440":0,"441":0,"442":0,"443":0,"444":0,"445":0,"448":0,"453":1,"454":0,"455":0,"457":0,"458":0,"460":0,"462":0,"464":0,"465":0,"466":0,"468":0,"471":1}}}